[1.479s] Invoking command in '/home/zulal/gazebo_ws/src/tf_server': PYTHONPATH=/home/zulal/gazebo_ws/build/tf_server/prefix_override:/home/zulal/gazebo_ws/install/tf_server/lib/python3.10/site-packages:${PYTHONPATH} /usr/bin/python3 setup.py egg_info --egg-base ../../build/tf_server build --build-base /home/zulal/gazebo_ws/build/tf_server/build install --record /home/zulal/gazebo_ws/build/tf_server/install.log --single-version-externally-managed
[1.732s] running egg_info
[1.732s] writing ../../build/tf_server/tf_server.egg-info/PKG-INFO
[1.732s] writing dependency_links to ../../build/tf_server/tf_server.egg-info/dependency_links.txt
[1.733s] writing entry points to ../../build/tf_server/tf_server.egg-info/entry_points.txt
[1.733s] writing requirements to ../../build/tf_server/tf_server.egg-info/requires.txt
[1.733s] writing top-level names to ../../build/tf_server/tf_server.egg-info/top_level.txt
[1.734s] reading manifest file '../../build/tf_server/tf_server.egg-info/SOURCES.txt'
[1.738s] writing manifest file '../../build/tf_server/tf_server.egg-info/SOURCES.txt'
[1.738s] running build
[1.738s] running build_py
[1.738s] copying tf_server/tf_server.py -> /home/zulal/gazebo_ws/build/tf_server/build/lib/tf_server
[1.738s] running install
[1.739s] running install_lib
[1.739s] copying /home/zulal/gazebo_ws/build/tf_server/build/lib/tf_server/tf_server.py -> /home/zulal/gazebo_ws/install/tf_server/lib/python3.10/site-packages/tf_server
[1.740s] byte-compiling /home/zulal/gazebo_ws/install/tf_server/lib/python3.10/site-packages/tf_server/tf_server.py to tf_server.cpython-310.pyc
[1.741s] running install_data
[1.741s] running install_egg_info
[1.743s] removing '/home/zulal/gazebo_ws/install/tf_server/lib/python3.10/site-packages/tf_server-0.0.0-py3.10.egg-info' (and everything under it)
[1.743s] Copying ../../build/tf_server/tf_server.egg-info to /home/zulal/gazebo_ws/install/tf_server/lib/python3.10/site-packages/tf_server-0.0.0-py3.10.egg-info
[1.744s] running install_scripts
[1.761s] Installing tf_server script to /home/zulal/gazebo_ws/install/tf_server/lib/tf_server
[1.761s] writing list of installed files to '/home/zulal/gazebo_ws/build/tf_server/install.log'
[1.784s] Invoked command in '/home/zulal/gazebo_ws/src/tf_server' returned '0': PYTHONPATH=/home/zulal/gazebo_ws/build/tf_server/prefix_override:/home/zulal/gazebo_ws/install/tf_server/lib/python3.10/site-packages:${PYTHONPATH} /usr/bin/python3 setup.py egg_info --egg-base ../../build/tf_server build --build-base /home/zulal/gazebo_ws/build/tf_server/build install --record /home/zulal/gazebo_ws/build/tf_server/install.log --single-version-externally-managed
