[0.852s] Invoking command in '/home/zulal/gazebo_ws/build/vr_sim': CMAKE_PREFIX_PATH=${CMAKE_PREFIX_PATH}:/home/zulal/gazebo_ws/install/vr_camera:/home/zulal/gazebo_ws/install/tf_server:/opt/ros/humble /usr/bin/cmake --build /home/zulal/gazebo_ws/build/vr_sim -- -j12 -l12
[0.918s] [ 25%] [32mBuilding CXX object CMakeFiles/sphere_mover.dir/src/sphere_mover_node.cpp.o[0m
[0.919s] [ 75%] Built target image_duplicator
[4.669s] [100%] [32m[1mLinking CXX executable sphere_mover[0m
[4.838s] [100%] Built target sphere_mover
[4.849s] Invoked command in '/home/zulal/gazebo_ws/build/vr_sim' returned '0': CMAKE_PREFIX_PATH=${CMAKE_PREFIX_PATH}:/home/zulal/gazebo_ws/install/vr_camera:/home/zulal/gazebo_ws/install/tf_server:/opt/ros/humble /usr/bin/cmake --build /home/zulal/gazebo_ws/build/vr_sim -- -j12 -l12
[4.882s] Invoking command in '/home/zulal/gazebo_ws/build/vr_sim': CMAKE_PREFIX_PATH=${CMAKE_PREFIX_PATH}:/home/zulal/gazebo_ws/install/vr_camera:/home/zulal/gazebo_ws/install/tf_server:/opt/ros/humble /usr/bin/cmake --install /home/zulal/gazebo_ws/build/vr_sim
[4.889s] -- Install configuration: ""
[4.889s] -- Execute custom install script
[4.890s] -- Up-to-date symlink: /home/zulal/gazebo_ws/install/vr_sim/share/vr_sim//launch/gazebo.launch.py
[4.890s] -- Up-to-date symlink: /home/zulal/gazebo_ws/install/vr_sim/share/vr_sim//launch/gazebo2.launch.py
[4.891s] -- Up-to-date symlink: /home/zulal/gazebo_ws/install/vr_sim/share/vr_sim//urdf/head_model.urdf
[4.891s] -- Up-to-date symlink: /home/zulal/gazebo_ws/install/vr_sim/share/vr_sim//urdf/head_only.urdf
[4.891s] -- Up-to-date symlink: /home/zulal/gazebo_ws/install/vr_sim/share/vr_sim//worlds/cafe.world
[4.891s] -- Up-to-date symlink: /home/zulal/gazebo_ws/install/vr_sim/share/vr_sim//worlds/house.world
[4.891s] -- Up-to-date symlink: /home/zulal/gazebo_ws/install/vr_sim/share/vr_sim//worlds/model1.world
[4.891s] -- Up-to-date symlink: /home/zulal/gazebo_ws/install/vr_sim/share/vr_sim//worlds/office.world
[4.892s] -- Up-to-date symlink: /home/zulal/gazebo_ws/install/vr_sim/share/vr_sim//meshes/head.stl
[4.892s] -- Up-to-date symlink: /home/zulal/gazebo_ws/install/vr_sim/share/vr_sim//meshes/head_vrglass.stl
[4.895s] -- Up-to-date symlink: /home/zulal/gazebo_ws/install/vr_sim/share/vr_sim//models/book_open/materials/scripts/book_page.material
[4.896s] -- Up-to-date symlink: /home/zulal/gazebo_ws/install/vr_sim/share/vr_sim//models/book_open/materials/textures/page.jpg
[4.896s] -- Up-to-date symlink: /home/zulal/gazebo_ws/install/vr_sim/share/vr_sim//models/book_open/meshes/cover.dae
[4.896s] -- Up-to-date symlink: /home/zulal/gazebo_ws/install/vr_sim/share/vr_sim//models/book_open/meshes/open_book.dae
[4.896s] -- Up-to-date symlink: /home/zulal/gazebo_ws/install/vr_sim/share/vr_sim//models/book_open/meshes/open_page.dae
[4.896s] -- Up-to-date symlink: /home/zulal/gazebo_ws/install/vr_sim/share/vr_sim//models/book_open/meshes/pages.dae
[4.896s] -- Up-to-date symlink: /home/zulal/gazebo_ws/install/vr_sim/share/vr_sim//models/book_open/model.config
[4.896s] -- Up-to-date symlink: /home/zulal/gazebo_ws/install/vr_sim/share/vr_sim//models/book_open/model.sdf
[4.897s] -- Up-to-date symlink: /home/zulal/gazebo_ws/install/vr_sim/share/vr_sim//models/chair_3/meshes/model.dae
[4.897s] -- Up-to-date symlink: /home/zulal/gazebo_ws/install/vr_sim/share/vr_sim//models/chair_3/model.config
[4.897s] -- Up-to-date symlink: /home/zulal/gazebo_ws/install/vr_sim/share/vr_sim//models/chair_3/model.sdf
[4.897s] -- Up-to-date symlink: /home/zulal/gazebo_ws/install/vr_sim/share/vr_sim//models/chair_set_2/materials/scripts/chair_set_2.material
[4.897s] -- Up-to-date symlink: /home/zulal/gazebo_ws/install/vr_sim/share/vr_sim//models/chair_set_2/materials/textures/fabric_green.jpg
[4.897s] -- Up-to-date symlink: /home/zulal/gazebo_ws/install/vr_sim/share/vr_sim//models/chair_set_2/meshes/chair_cushions.dae
[4.897s] -- Up-to-date symlink: /home/zulal/gazebo_ws/install/vr_sim/share/vr_sim//models/chair_set_2/meshes/chair_frame.dae
[4.898s] -- Up-to-date symlink: /home/zulal/gazebo_ws/install/vr_sim/share/vr_sim//models/chair_set_2/meshes/chair_full.dae
[4.898s] -- Up-to-date symlink: /home/zulal/gazebo_ws/install/vr_sim/share/vr_sim//models/chair_set_2/meshes/model.dae
[4.898s] -- Up-to-date symlink: /home/zulal/gazebo_ws/install/vr_sim/share/vr_sim//models/chair_set_2/model.config
[4.898s] -- Up-to-date symlink: /home/zulal/gazebo_ws/install/vr_sim/share/vr_sim//models/chair_set_2/model.sdf
[4.898s] -- Up-to-date symlink: /home/zulal/gazebo_ws/install/vr_sim/share/vr_sim//models/coffee_machine/materials/scripts/coffee_body.material
[4.898s] -- Up-to-date symlink: /home/zulal/gazebo_ws/install/vr_sim/share/vr_sim//models/coffee_machine/materials/scripts/coffee_drain.material
[4.898s] -- Up-to-date symlink: /home/zulal/gazebo_ws/install/vr_sim/share/vr_sim//models/coffee_machine/materials/scripts/coffee_panel.material
[4.899s] -- Up-to-date symlink: /home/zulal/gazebo_ws/install/vr_sim/share/vr_sim//models/coffee_machine/materials/scripts/coffee_shaft.material
[4.899s] -- Up-to-date symlink: /home/zulal/gazebo_ws/install/vr_sim/share/vr_sim//models/coffee_machine/materials/textures/black_metal.jpg
[4.899s] -- Up-to-date symlink: /home/zulal/gazebo_ws/install/vr_sim/share/vr_sim//models/coffee_machine/materials/textures/drain.jpg
[4.899s] -- Up-to-date symlink: /home/zulal/gazebo_ws/install/vr_sim/share/vr_sim//models/coffee_machine/materials/textures/panel.jpg
[4.899s] -- Up-to-date symlink: /home/zulal/gazebo_ws/install/vr_sim/share/vr_sim//models/coffee_machine/materials/textures/steel.jpg
[4.899s] -- Up-to-date symlink: /home/zulal/gazebo_ws/install/vr_sim/share/vr_sim//models/coffee_machine/meshes/body.dae
[4.899s] -- Up-to-date symlink: /home/zulal/gazebo_ws/install/vr_sim/share/vr_sim//models/coffee_machine/meshes/coffee_machine.dae
[4.899s] -- Up-to-date symlink: /home/zulal/gazebo_ws/install/vr_sim/share/vr_sim//models/coffee_machine/meshes/drain.dae
[4.900s] -- Up-to-date symlink: /home/zulal/gazebo_ws/install/vr_sim/share/vr_sim//models/coffee_machine/meshes/model.dae
[4.900s] -- Up-to-date symlink: /home/zulal/gazebo_ws/install/vr_sim/share/vr_sim//models/coffee_machine/meshes/panel.dae
[4.900s] -- Up-to-date symlink: /home/zulal/gazebo_ws/install/vr_sim/share/vr_sim//models/coffee_machine/meshes/sivler.dae
[4.900s] -- Up-to-date symlink: /home/zulal/gazebo_ws/install/vr_sim/share/vr_sim//models/coffee_machine/model.config
[4.900s] -- Up-to-date symlink: /home/zulal/gazebo_ws/install/vr_sim/share/vr_sim//models/coffee_machine/model.sdf
[4.900s] -- Up-to-date symlink: /home/zulal/gazebo_ws/install/vr_sim/share/vr_sim//models/computer_case/meshes/case.dae
[4.900s] -- Up-to-date symlink: /home/zulal/gazebo_ws/install/vr_sim/share/vr_sim//models/computer_case/model.config
[4.901s] -- Up-to-date symlink: /home/zulal/gazebo_ws/install/vr_sim/share/vr_sim//models/computer_case/model.sdf
[4.901s] -- Up-to-date symlink: /home/zulal/gazebo_ws/install/vr_sim/share/vr_sim//models/cup_paper/meshes/base.dae
[4.901s] -- Up-to-date symlink: /home/zulal/gazebo_ws/install/vr_sim/share/vr_sim//models/cup_paper/meshes/lid.dae
[4.901s] -- Up-to-date symlink: /home/zulal/gazebo_ws/install/vr_sim/share/vr_sim//models/cup_paper/model.config
[4.901s] -- Up-to-date symlink: /home/zulal/gazebo_ws/install/vr_sim/share/vr_sim//models/cup_paper/model.sdf
[4.901s] -- Up-to-date symlink: /home/zulal/gazebo_ws/install/vr_sim/share/vr_sim//models/desk_brown/materials/scripts/desk_brown.material
[4.901s] -- Up-to-date symlink: /home/zulal/gazebo_ws/install/vr_sim/share/vr_sim//models/desk_brown/materials/textures/des_b.jpg
[4.902s] -- Up-to-date symlink: /home/zulal/gazebo_ws/install/vr_sim/share/vr_sim//models/desk_brown/meshes/table.dae
[4.902s] -- Up-to-date symlink: /home/zulal/gazebo_ws/install/vr_sim/share/vr_sim//models/desk_brown/model.config
[4.902s] -- Up-to-date symlink: /home/zulal/gazebo_ws/install/vr_sim/share/vr_sim//models/desk_brown/model.sdf
[4.902s] -- Up-to-date symlink: /home/zulal/gazebo_ws/install/vr_sim/share/vr_sim//models/door_3d/materials/scripts/door_3d.material
[4.902s] -- Up-to-date symlink: /home/zulal/gazebo_ws/install/vr_sim/share/vr_sim//models/door_3d/materials/scripts/door_handle.material
[4.902s] -- Up-to-date symlink: /home/zulal/gazebo_ws/install/vr_sim/share/vr_sim//models/door_3d/materials/textures/door_3d.jpg
[4.902s] -- Up-to-date symlink: /home/zulal/gazebo_ws/install/vr_sim/share/vr_sim//models/door_3d/materials/textures/silver_door.jpg
[4.903s] -- Up-to-date symlink: /home/zulal/gazebo_ws/install/vr_sim/share/vr_sim//models/door_3d/meshes/door.dae
[4.903s] -- Up-to-date symlink: /home/zulal/gazebo_ws/install/vr_sim/share/vr_sim//models/door_3d/meshes/door_v2.dae
[4.903s] -- Up-to-date symlink: /home/zulal/gazebo_ws/install/vr_sim/share/vr_sim//models/door_3d/meshes/door_v2_door.dae
[4.903s] -- Up-to-date symlink: /home/zulal/gazebo_ws/install/vr_sim/share/vr_sim//models/door_3d/meshes/door_v2_handle.dae
[4.903s] -- Up-to-date symlink: /home/zulal/gazebo_ws/install/vr_sim/share/vr_sim//models/door_3d/meshes/model.dae
[4.903s] -- Up-to-date symlink: /home/zulal/gazebo_ws/install/vr_sim/share/vr_sim//models/door_3d/model.config
[4.903s] -- Up-to-date symlink: /home/zulal/gazebo_ws/install/vr_sim/share/vr_sim//models/door_3d/model.sdf
[4.904s] -- Up-to-date symlink: /home/zulal/gazebo_ws/install/vr_sim/share/vr_sim//models/file_1/meshes/body.dae
[4.904s] -- Up-to-date symlink: /home/zulal/gazebo_ws/install/vr_sim/share/vr_sim//models/file_1/meshes/model.dae
[4.904s] -- Up-to-date symlink: /home/zulal/gazebo_ws/install/vr_sim/share/vr_sim//models/file_1/meshes/ring.dae
[4.904s] -- Up-to-date symlink: /home/zulal/gazebo_ws/install/vr_sim/share/vr_sim//models/file_1/meshes/tag.dae
[4.904s] -- Up-to-date symlink: /home/zulal/gazebo_ws/install/vr_sim/share/vr_sim//models/file_1/model.config
[4.904s] -- Up-to-date symlink: /home/zulal/gazebo_ws/install/vr_sim/share/vr_sim//models/file_1/model.sdf
[4.904s] -- Up-to-date symlink: /home/zulal/gazebo_ws/install/vr_sim/share/vr_sim//models/file_2/materials/scripts/file_2_metal.material
[4.905s] -- Up-to-date symlink: /home/zulal/gazebo_ws/install/vr_sim/share/vr_sim//models/file_2/materials/textures/Metal_Rough.jpg
[4.905s] -- Up-to-date symlink: /home/zulal/gazebo_ws/install/vr_sim/share/vr_sim//models/file_2/meshes/body.dae
[4.905s] -- Up-to-date symlink: /home/zulal/gazebo_ws/install/vr_sim/share/vr_sim//models/file_2/meshes/metal.dae
[4.905s] -- Up-to-date symlink: /home/zulal/gazebo_ws/install/vr_sim/share/vr_sim//models/file_2/meshes/model.dae
[4.905s] -- Up-to-date symlink: /home/zulal/gazebo_ws/install/vr_sim/share/vr_sim//models/file_2/meshes/tag.dae
[4.905s] -- Up-to-date symlink: /home/zulal/gazebo_ws/install/vr_sim/share/vr_sim//models/file_2/model.config
[4.905s] -- Up-to-date symlink: /home/zulal/gazebo_ws/install/vr_sim/share/vr_sim//models/file_2/model.sdf
[4.906s] -- Up-to-date symlink: /home/zulal/gazebo_ws/install/vr_sim/share/vr_sim//models/file_2/model/Metal_Rough.jpg
[4.906s] -- Up-to-date symlink: /home/zulal/gazebo_ws/install/vr_sim/share/vr_sim//models/file_2/model/texture.png
[4.906s] -- Up-to-date symlink: /home/zulal/gazebo_ws/install/vr_sim/share/vr_sim//models/file_box_4/materials/scripts/file_box.material
[4.906s] -- Up-to-date symlink: /home/zulal/gazebo_ws/install/vr_sim/share/vr_sim//models/file_box_4/materials/textures/Woven_Slate_Blue.jpg
[4.906s] -- Up-to-date symlink: /home/zulal/gazebo_ws/install/vr_sim/share/vr_sim//models/file_box_4/meshes/body.dae
[4.906s] -- Up-to-date symlink: /home/zulal/gazebo_ws/install/vr_sim/share/vr_sim//models/file_box_4/meshes/ring.dae
[4.906s] -- Up-to-date symlink: /home/zulal/gazebo_ws/install/vr_sim/share/vr_sim//models/file_box_4/meshes/tag.dae
[4.907s] -- Up-to-date symlink: /home/zulal/gazebo_ws/install/vr_sim/share/vr_sim//models/file_box_4/model.config
[4.907s] -- Up-to-date symlink: /home/zulal/gazebo_ws/install/vr_sim/share/vr_sim//models/file_box_4/model.sdf
[4.907s] -- Up-to-date symlink: /home/zulal/gazebo_ws/install/vr_sim/share/vr_sim//models/file_cabinet_small/materials/scripts/file_black.material
[4.907s] -- Up-to-date symlink: /home/zulal/gazebo_ws/install/vr_sim/share/vr_sim//models/file_cabinet_small/materials/textures/metal_black_2.jpg
[4.907s] -- Up-to-date symlink: /home/zulal/gazebo_ws/install/vr_sim/share/vr_sim//models/file_cabinet_small/meshes/model.dae
[4.907s] -- Up-to-date symlink: /home/zulal/gazebo_ws/install/vr_sim/share/vr_sim//models/file_cabinet_small/model.config
[4.907s] -- Up-to-date symlink: /home/zulal/gazebo_ws/install/vr_sim/share/vr_sim//models/file_cabinet_small/model.sdf
[4.908s] -- Up-to-date symlink: /home/zulal/gazebo_ws/install/vr_sim/share/vr_sim//models/keyboard/meshes/key.dae
[4.908s] -- Up-to-date symlink: /home/zulal/gazebo_ws/install/vr_sim/share/vr_sim//models/keyboard/meshes/key_1.dae
[4.908s] -- Up-to-date symlink: /home/zulal/gazebo_ws/install/vr_sim/share/vr_sim//models/keyboard/meshes/keyboard1.dae
[4.908s] -- Up-to-date symlink: /home/zulal/gazebo_ws/install/vr_sim/share/vr_sim//models/keyboard/meshes/letters.dae
[4.908s] -- Up-to-date symlink: /home/zulal/gazebo_ws/install/vr_sim/share/vr_sim//models/keyboard/model.config
[4.908s] -- Up-to-date symlink: /home/zulal/gazebo_ws/install/vr_sim/share/vr_sim//models/keyboard/model.sdf
[4.909s] -- Up-to-date symlink: /home/zulal/gazebo_ws/install/vr_sim/share/vr_sim//models/labtop_mac_2/materials/scripts/labtop_screen_2.material
[4.909s] -- Up-to-date symlink: /home/zulal/gazebo_ws/install/vr_sim/share/vr_sim//models/labtop_mac_2/materials/textures/labtop_screen2.jpg
[4.909s] -- Up-to-date symlink: /home/zulal/gazebo_ws/install/vr_sim/share/vr_sim//models/labtop_mac_2/meshes/body.dae
[4.909s] -- Up-to-date symlink: /home/zulal/gazebo_ws/install/vr_sim/share/vr_sim//models/labtop_mac_2/meshes/keys.dae
[4.909s] -- Up-to-date symlink: /home/zulal/gazebo_ws/install/vr_sim/share/vr_sim//models/labtop_mac_2/meshes/labtop.dae
[4.909s] -- Up-to-date symlink: /home/zulal/gazebo_ws/install/vr_sim/share/vr_sim//models/labtop_mac_2/meshes/screen.dae
[4.909s] -- Up-to-date symlink: /home/zulal/gazebo_ws/install/vr_sim/share/vr_sim//models/labtop_mac_2/model.config
[4.910s] -- Up-to-date symlink: /home/zulal/gazebo_ws/install/vr_sim/share/vr_sim//models/labtop_mac_2/model.sdf
[4.910s] -- Up-to-date symlink: /home/zulal/gazebo_ws/install/vr_sim/share/vr_sim//models/laptop_pc_1/materials/scripts/laptop_pc_lines.material
[4.910s] -- Up-to-date symlink: /home/zulal/gazebo_ws/install/vr_sim/share/vr_sim//models/laptop_pc_1/materials/scripts/laptop_pc_screen_1.material
[4.910s] -- Up-to-date symlink: /home/zulal/gazebo_ws/install/vr_sim/share/vr_sim//models/laptop_pc_1/materials/scripts/laptop_pc_silver.material
[4.910s] -- Up-to-date symlink: /home/zulal/gazebo_ws/install/vr_sim/share/vr_sim//models/laptop_pc_1/materials/textures/metal_red.jpg
[4.910s] -- Up-to-date symlink: /home/zulal/gazebo_ws/install/vr_sim/share/vr_sim//models/laptop_pc_1/materials/textures/screen_1_pc.jpg
[4.911s] -- Up-to-date symlink: /home/zulal/gazebo_ws/install/vr_sim/share/vr_sim//models/laptop_pc_1/materials/textures/screen_2_pc.jpg
[4.911s] -- Up-to-date symlink: /home/zulal/gazebo_ws/install/vr_sim/share/vr_sim//models/laptop_pc_1/materials/textures/silver.jpg
[4.911s] -- Up-to-date symlink: /home/zulal/gazebo_ws/install/vr_sim/share/vr_sim//models/laptop_pc_1/meshes/body.dae
[4.911s] -- Up-to-date symlink: /home/zulal/gazebo_ws/install/vr_sim/share/vr_sim//models/laptop_pc_1/meshes/bottom.dae
[4.911s] -- Up-to-date symlink: /home/zulal/gazebo_ws/install/vr_sim/share/vr_sim//models/laptop_pc_1/meshes/keys.dae
[4.911s] -- Up-to-date symlink: /home/zulal/gazebo_ws/install/vr_sim/share/vr_sim//models/laptop_pc_1/meshes/letters.dae
[4.911s] -- Up-to-date symlink: /home/zulal/gazebo_ws/install/vr_sim/share/vr_sim//models/laptop_pc_1/meshes/lines.dae
[4.911s] -- Up-to-date symlink: /home/zulal/gazebo_ws/install/vr_sim/share/vr_sim//models/laptop_pc_1/meshes/mid.dae
[4.912s] -- Up-to-date symlink: /home/zulal/gazebo_ws/install/vr_sim/share/vr_sim//models/laptop_pc_1/meshes/mid2.dae
[4.912s] -- Up-to-date symlink: /home/zulal/gazebo_ws/install/vr_sim/share/vr_sim//models/laptop_pc_1/meshes/mid3.dae
[4.912s] -- Up-to-date symlink: /home/zulal/gazebo_ws/install/vr_sim/share/vr_sim//models/laptop_pc_1/meshes/model.dae
[4.912s] -- Up-to-date symlink: /home/zulal/gazebo_ws/install/vr_sim/share/vr_sim//models/laptop_pc_1/meshes/screen.dae
[4.912s] -- Up-to-date symlink: /home/zulal/gazebo_ws/install/vr_sim/share/vr_sim//models/laptop_pc_1/meshes/silver.dae
[4.912s] -- Up-to-date symlink: /home/zulal/gazebo_ws/install/vr_sim/share/vr_sim//models/laptop_pc_1/model.config
[4.913s] -- Up-to-date symlink: /home/zulal/gazebo_ws/install/vr_sim/share/vr_sim//models/laptop_pc_1/model.sdf
[4.913s] -- Up-to-date symlink: /home/zulal/gazebo_ws/install/vr_sim/share/vr_sim//models/monitor_1/materials/scripts/monitor_screen.material
[4.913s] -- Up-to-date symlink: /home/zulal/gazebo_ws/install/vr_sim/share/vr_sim//models/monitor_1/materials/textures/screen.jpg
[4.913s] -- Up-to-date symlink: /home/zulal/gazebo_ws/install/vr_sim/share/vr_sim//models/monitor_1/meshes/frame.dae
[4.913s] -- Up-to-date symlink: /home/zulal/gazebo_ws/install/vr_sim/share/vr_sim//models/monitor_1/meshes/monitor.dae
[4.913s] -- Up-to-date symlink: /home/zulal/gazebo_ws/install/vr_sim/share/vr_sim//models/monitor_1/meshes/screen1.dae
[4.913s] -- Up-to-date symlink: /home/zulal/gazebo_ws/install/vr_sim/share/vr_sim//models/monitor_1/model.config
[4.913s] -- Up-to-date symlink: /home/zulal/gazebo_ws/install/vr_sim/share/vr_sim//models/monitor_1/model.sdf
[4.914s] -- Up-to-date symlink: /home/zulal/gazebo_ws/install/vr_sim/share/vr_sim//models/monitor_2/materials/scripts/monitor_screen_2.material
[4.914s] -- Up-to-date symlink: /home/zulal/gazebo_ws/install/vr_sim/share/vr_sim//models/monitor_2/materials/textures/aqua_screen.jpg
[4.914s] -- Up-to-date symlink: /home/zulal/gazebo_ws/install/vr_sim/share/vr_sim//models/monitor_2/meshes/frame.dae
[4.914s] -- Up-to-date symlink: /home/zulal/gazebo_ws/install/vr_sim/share/vr_sim//models/monitor_2/meshes/monitor.dae
[4.914s] -- Up-to-date symlink: /home/zulal/gazebo_ws/install/vr_sim/share/vr_sim//models/monitor_2/meshes/screen1.dae
[4.914s] -- Up-to-date symlink: /home/zulal/gazebo_ws/install/vr_sim/share/vr_sim//models/monitor_2/model.config
[4.914s] -- Up-to-date symlink: /home/zulal/gazebo_ws/install/vr_sim/share/vr_sim//models/monitor_2/model.sdf
[4.915s] -- Up-to-date symlink: /home/zulal/gazebo_ws/install/vr_sim/share/vr_sim//models/monitor_3/materials/scripts/monitor_screen_3.material
[4.915s] -- Up-to-date symlink: /home/zulal/gazebo_ws/install/vr_sim/share/vr_sim//models/monitor_3/materials/textures/prog_screen.png
[4.915s] -- Up-to-date symlink: /home/zulal/gazebo_ws/install/vr_sim/share/vr_sim//models/monitor_3/meshes/frame.dae
[4.915s] -- Up-to-date symlink: /home/zulal/gazebo_ws/install/vr_sim/share/vr_sim//models/monitor_3/meshes/monitor.dae
[4.915s] -- Up-to-date symlink: /home/zulal/gazebo_ws/install/vr_sim/share/vr_sim//models/monitor_3/meshes/screen1.dae
[4.915s] -- Up-to-date symlink: /home/zulal/gazebo_ws/install/vr_sim/share/vr_sim//models/monitor_3/model.config
[4.915s] -- Up-to-date symlink: /home/zulal/gazebo_ws/install/vr_sim/share/vr_sim//models/monitor_3/model.sdf
[4.915s] -- Up-to-date symlink: /home/zulal/gazebo_ws/install/vr_sim/share/vr_sim//models/mouse/meshes/mouse.dae
[4.916s] -- Up-to-date symlink: /home/zulal/gazebo_ws/install/vr_sim/share/vr_sim//models/mouse/model.config
[4.916s] -- Up-to-date symlink: /home/zulal/gazebo_ws/install/vr_sim/share/vr_sim//models/mouse/model.sdf
[4.916s] -- Up-to-date symlink: /home/zulal/gazebo_ws/install/vr_sim/share/vr_sim//models/office_chair/meshes/chair_base.dae
[4.916s] -- Up-to-date symlink: /home/zulal/gazebo_ws/install/vr_sim/share/vr_sim//models/office_chair/meshes/chair_cushion.dae
[4.916s] -- Up-to-date symlink: /home/zulal/gazebo_ws/install/vr_sim/share/vr_sim//models/office_chair/meshes/chair_wheels.dae
[4.916s] -- Up-to-date symlink: /home/zulal/gazebo_ws/install/vr_sim/share/vr_sim//models/office_chair/model.config
[4.917s] -- Up-to-date symlink: /home/zulal/gazebo_ws/install/vr_sim/share/vr_sim//models/office_chair/model.sdf
[4.917s] -- Up-to-date symlink: /home/zulal/gazebo_ws/install/vr_sim/share/vr_sim//models/office_small/materials/scripts/Floor.material
[4.917s] -- Up-to-date symlink: /home/zulal/gazebo_ws/install/vr_sim/share/vr_sim//models/office_small/materials/scripts/wall_white.material
[4.917s] -- Up-to-date symlink: /home/zulal/gazebo_ws/install/vr_sim/share/vr_sim//models/office_small/materials/textures/cl1.jpg
[4.917s] -- Up-to-date symlink: /home/zulal/gazebo_ws/install/vr_sim/share/vr_sim//models/office_small/materials/textures/cl2.jpg
[4.917s] -- Up-to-date symlink: /home/zulal/gazebo_ws/install/vr_sim/share/vr_sim//models/office_small/materials/textures/cl3.jpg
[4.918s] -- Up-to-date symlink: /home/zulal/gazebo_ws/install/vr_sim/share/vr_sim//models/office_small/materials/textures/cl4.jpg
[4.918s] -- Up-to-date symlink: /home/zulal/gazebo_ws/install/vr_sim/share/vr_sim//models/office_small/materials/textures/cl5.jpg
[4.918s] -- Up-to-date symlink: /home/zulal/gazebo_ws/install/vr_sim/share/vr_sim//models/office_small/materials/textures/cl6.jpg
[4.918s] -- Up-to-date symlink: /home/zulal/gazebo_ws/install/vr_sim/share/vr_sim//models/office_small/materials/textures/cp1.jpg
[4.918s] -- Up-to-date symlink: /home/zulal/gazebo_ws/install/vr_sim/share/vr_sim//models/office_small/materials/textures/cp10.jpg
[4.918s] -- Up-to-date symlink: /home/zulal/gazebo_ws/install/vr_sim/share/vr_sim//models/office_small/materials/textures/cp11.jpg
[4.919s] -- Up-to-date symlink: /home/zulal/gazebo_ws/install/vr_sim/share/vr_sim//models/office_small/materials/textures/cp12.jpg
[4.919s] -- Up-to-date symlink: /home/zulal/gazebo_ws/install/vr_sim/share/vr_sim//models/office_small/materials/textures/cp2.jpg
[4.919s] -- Up-to-date symlink: /home/zulal/gazebo_ws/install/vr_sim/share/vr_sim//models/office_small/materials/textures/cp3.jpg
[4.919s] -- Up-to-date symlink: /home/zulal/gazebo_ws/install/vr_sim/share/vr_sim//models/office_small/materials/textures/cp4.jpg
[4.919s] -- Up-to-date symlink: /home/zulal/gazebo_ws/install/vr_sim/share/vr_sim//models/office_small/materials/textures/cp5.png
[4.919s] -- Up-to-date symlink: /home/zulal/gazebo_ws/install/vr_sim/share/vr_sim//models/office_small/materials/textures/cp6.jpg
[4.919s] -- Up-to-date symlink: /home/zulal/gazebo_ws/install/vr_sim/share/vr_sim//models/office_small/materials/textures/cp7.jpg
[4.920s] -- Up-to-date symlink: /home/zulal/gazebo_ws/install/vr_sim/share/vr_sim//models/office_small/materials/textures/cp8.jpg
[4.920s] -- Up-to-date symlink: /home/zulal/gazebo_ws/install/vr_sim/share/vr_sim//models/office_small/materials/textures/cp9.jpg
[4.920s] -- Up-to-date symlink: /home/zulal/gazebo_ws/install/vr_sim/share/vr_sim//models/office_small/materials/textures/hd1.jpg
[4.920s] -- Up-to-date symlink: /home/zulal/gazebo_ws/install/vr_sim/share/vr_sim//models/office_small/materials/textures/hd2.gif
[4.920s] -- Up-to-date symlink: /home/zulal/gazebo_ws/install/vr_sim/share/vr_sim//models/office_small/materials/textures/hd3.jpg
[4.920s] -- Up-to-date symlink: /home/zulal/gazebo_ws/install/vr_sim/share/vr_sim//models/office_small/materials/textures/hd4.jpg
[4.920s] -- Up-to-date symlink: /home/zulal/gazebo_ws/install/vr_sim/share/vr_sim//models/office_small/materials/textures/hd5.jpg
[4.921s] -- Up-to-date symlink: /home/zulal/gazebo_ws/install/vr_sim/share/vr_sim//models/office_small/materials/textures/hd6.png
[4.921s] -- Up-to-date symlink: /home/zulal/gazebo_ws/install/vr_sim/share/vr_sim//models/office_small/materials/textures/hd7.jpg
[4.921s] -- Up-to-date symlink: /home/zulal/gazebo_ws/install/vr_sim/share/vr_sim//models/office_small/materials/textures/hd8.jpg
[4.921s] -- Up-to-date symlink: /home/zulal/gazebo_ws/install/vr_sim/share/vr_sim//models/office_small/materials/textures/wall_color_white.jpg
[4.921s] -- Up-to-date symlink: /home/zulal/gazebo_ws/install/vr_sim/share/vr_sim//models/office_small/model.config
[4.921s] -- Up-to-date symlink: /home/zulal/gazebo_ws/install/vr_sim/share/vr_sim//models/office_small/model.sdf
[4.922s] -- Up-to-date symlink: /home/zulal/gazebo_ws/install/vr_sim/share/vr_sim//models/picture_frame_large_2/materials/scripts/frame_text.material
[4.922s] -- Up-to-date symlink: /home/zulal/gazebo_ws/install/vr_sim/share/vr_sim//models/picture_frame_large_2/materials/scripts/pic_frame_large_2.material
[4.922s] -- Up-to-date symlink: /home/zulal/gazebo_ws/install/vr_sim/share/vr_sim//models/picture_frame_large_2/materials/textures/animal.jpg
[4.922s] -- Up-to-date symlink: /home/zulal/gazebo_ws/install/vr_sim/share/vr_sim//models/picture_frame_large_2/materials/textures/frame.jpg
[4.922s] -- Up-to-date symlink: /home/zulal/gazebo_ws/install/vr_sim/share/vr_sim//models/picture_frame_large_2/materials/textures/fruit.jpg
[4.923s] -- Up-to-date symlink: /home/zulal/gazebo_ws/install/vr_sim/share/vr_sim//models/picture_frame_large_2/materials/textures/nature.jpg
[4.923s] -- Up-to-date symlink: /home/zulal/gazebo_ws/install/vr_sim/share/vr_sim//models/picture_frame_large_2/materials/textures/turing.jpg
[4.923s] -- Up-to-date symlink: /home/zulal/gazebo_ws/install/vr_sim/share/vr_sim//models/picture_frame_large_2/meshes/center.dae
[4.923s] -- Up-to-date symlink: /home/zulal/gazebo_ws/install/vr_sim/share/vr_sim//models/picture_frame_large_2/meshes/frame.dae
[4.923s] -- Up-to-date symlink: /home/zulal/gazebo_ws/install/vr_sim/share/vr_sim//models/picture_frame_large_2/model.config
[4.923s] -- Up-to-date symlink: /home/zulal/gazebo_ws/install/vr_sim/share/vr_sim//models/picture_frame_large_2/model.sdf
[4.923s] -- Up-to-date symlink: /home/zulal/gazebo_ws/install/vr_sim/share/vr_sim//models/picture_frame_large_6/materials/scripts/frame_text.material
[4.924s] -- Up-to-date symlink: /home/zulal/gazebo_ws/install/vr_sim/share/vr_sim//models/picture_frame_large_6/materials/scripts/pic_frame_large_6.material
[4.924s] -- Up-to-date symlink: /home/zulal/gazebo_ws/install/vr_sim/share/vr_sim//models/picture_frame_large_6/materials/textures/animal.jpg
[4.924s] -- Up-to-date symlink: /home/zulal/gazebo_ws/install/vr_sim/share/vr_sim//models/picture_frame_large_6/materials/textures/frame.jpg
[4.924s] -- Up-to-date symlink: /home/zulal/gazebo_ws/install/vr_sim/share/vr_sim//models/picture_frame_large_6/materials/textures/fruit.jpg
[4.924s] -- Up-to-date symlink: /home/zulal/gazebo_ws/install/vr_sim/share/vr_sim//models/picture_frame_large_6/materials/textures/nature.jpg
[4.924s] -- Up-to-date symlink: /home/zulal/gazebo_ws/install/vr_sim/share/vr_sim//models/picture_frame_large_6/materials/textures/robot_2.jpg
[4.925s] -- Up-to-date symlink: /home/zulal/gazebo_ws/install/vr_sim/share/vr_sim//models/picture_frame_large_6/materials/textures/turing.jpg
[4.925s] -- Up-to-date symlink: /home/zulal/gazebo_ws/install/vr_sim/share/vr_sim//models/picture_frame_large_6/meshes/center.dae
[4.925s] -- Up-to-date symlink: /home/zulal/gazebo_ws/install/vr_sim/share/vr_sim//models/picture_frame_large_6/meshes/frame.dae
[4.925s] -- Up-to-date symlink: /home/zulal/gazebo_ws/install/vr_sim/share/vr_sim//models/picture_frame_large_6/model.config
[4.925s] -- Up-to-date symlink: /home/zulal/gazebo_ws/install/vr_sim/share/vr_sim//models/picture_frame_large_6/model.sdf
[4.925s] -- Up-to-date symlink: /home/zulal/gazebo_ws/install/vr_sim/share/vr_sim//models/picture_frame_large_7/materials/scripts/frame_text.material
[4.925s] -- Up-to-date symlink: /home/zulal/gazebo_ws/install/vr_sim/share/vr_sim//models/picture_frame_large_7/materials/scripts/pic_frame_large_7.material
[4.926s] -- Up-to-date symlink: /home/zulal/gazebo_ws/install/vr_sim/share/vr_sim//models/picture_frame_large_7/materials/textures/frame.jpg
[4.926s] -- Up-to-date symlink: /home/zulal/gazebo_ws/install/vr_sim/share/vr_sim//models/picture_frame_large_7/materials/textures/japanese.jpg
[4.926s] -- Up-to-date symlink: /home/zulal/gazebo_ws/install/vr_sim/share/vr_sim//models/picture_frame_large_7/meshes/center.dae
[4.926s] -- Up-to-date symlink: /home/zulal/gazebo_ws/install/vr_sim/share/vr_sim//models/picture_frame_large_7/meshes/frame.dae
[4.926s] -- Up-to-date symlink: /home/zulal/gazebo_ws/install/vr_sim/share/vr_sim//models/picture_frame_large_7/model.config
[4.926s] -- Up-to-date symlink: /home/zulal/gazebo_ws/install/vr_sim/share/vr_sim//models/picture_frame_large_7/model.sdf
[4.927s] -- Up-to-date symlink: /home/zulal/gazebo_ws/install/vr_sim/share/vr_sim//models/side_table_1/materials/scripts/side_table_1.material
[4.927s] -- Up-to-date symlink: /home/zulal/gazebo_ws/install/vr_sim/share/vr_sim//models/side_table_1/materials/textures/brown_light.jpg
[4.927s] -- Up-to-date symlink: /home/zulal/gazebo_ws/install/vr_sim/share/vr_sim//models/side_table_1/meshes/leg.dae
[4.927s] -- Up-to-date symlink: /home/zulal/gazebo_ws/install/vr_sim/share/vr_sim//models/side_table_1/meshes/legs.dae
[4.927s] -- Up-to-date symlink: /home/zulal/gazebo_ws/install/vr_sim/share/vr_sim//models/side_table_1/meshes/middle.dae
[4.927s] -- Up-to-date symlink: /home/zulal/gazebo_ws/install/vr_sim/share/vr_sim//models/side_table_1/meshes/side_table_1.dae
[4.928s] -- Up-to-date symlink: /home/zulal/gazebo_ws/install/vr_sim/share/vr_sim//models/side_table_1/model.config
[4.928s] -- Up-to-date symlink: /home/zulal/gazebo_ws/install/vr_sim/share/vr_sim//models/side_table_1/model.sdf
[4.928s] -- Up-to-date symlink: /home/zulal/gazebo_ws/install/vr_sim/share/vr_sim//models/table_conference_2/materials/scripts/table_conf_2_legs.material
[4.928s] -- Up-to-date symlink: /home/zulal/gazebo_ws/install/vr_sim/share/vr_sim//models/table_conference_2/materials/scripts/table_conf_2_top.material
[4.928s] -- Up-to-date symlink: /home/zulal/gazebo_ws/install/vr_sim/share/vr_sim//models/table_conference_2/materials/textures/conf_wood.jpg
[4.928s] -- Up-to-date symlink: /home/zulal/gazebo_ws/install/vr_sim/share/vr_sim//models/table_conference_2/materials/textures/conf_wood_2.jpg
[4.929s] -- Up-to-date symlink: /home/zulal/gazebo_ws/install/vr_sim/share/vr_sim//models/table_conference_2/materials/textures/marble.jpg
[4.929s] -- Up-to-date symlink: /home/zulal/gazebo_ws/install/vr_sim/share/vr_sim//models/table_conference_2/meshes/base.dae
[4.929s] -- Up-to-date symlink: /home/zulal/gazebo_ws/install/vr_sim/share/vr_sim//models/table_conference_2/meshes/full.dae
[4.929s] -- Up-to-date symlink: /home/zulal/gazebo_ws/install/vr_sim/share/vr_sim//models/table_conference_2/meshes/glasses.dae
[4.929s] -- Up-to-date symlink: /home/zulal/gazebo_ws/install/vr_sim/share/vr_sim//models/table_conference_2/meshes/model.dae
[4.929s] -- Up-to-date symlink: /home/zulal/gazebo_ws/install/vr_sim/share/vr_sim//models/table_conference_2/meshes/top.dae
[4.929s] -- Up-to-date symlink: /home/zulal/gazebo_ws/install/vr_sim/share/vr_sim//models/table_conference_2/model.config
[4.929s] -- Up-to-date symlink: /home/zulal/gazebo_ws/install/vr_sim/share/vr_sim//models/table_conference_2/model.sdf
[4.930s] -- Up-to-date symlink: /home/zulal/gazebo_ws/install/vr_sim/share/vr_sim//models/tissue_box_3/materials/scripts/mat3.material
[4.930s] -- Up-to-date symlink: /home/zulal/gazebo_ws/install/vr_sim/share/vr_sim//models/tissue_box_3/materials/textures/tissue_pattern1.jpg
[4.930s] -- Up-to-date symlink: /home/zulal/gazebo_ws/install/vr_sim/share/vr_sim//models/tissue_box_3/materials/textures/tissue_pattern2.jpg
[4.930s] -- Up-to-date symlink: /home/zulal/gazebo_ws/install/vr_sim/share/vr_sim//models/tissue_box_3/materials/textures/tissue_pattern3.jpg
[4.930s] -- Up-to-date symlink: /home/zulal/gazebo_ws/install/vr_sim/share/vr_sim//models/tissue_box_3/meshes/box.dae
[4.930s] -- Up-to-date symlink: /home/zulal/gazebo_ws/install/vr_sim/share/vr_sim//models/tissue_box_3/meshes/paper.dae
[4.931s] -- Up-to-date symlink: /home/zulal/gazebo_ws/install/vr_sim/share/vr_sim//models/tissue_box_3/model.config
[4.931s] -- Up-to-date symlink: /home/zulal/gazebo_ws/install/vr_sim/share/vr_sim//models/tissue_box_3/model.sdf
[4.931s] -- Up-to-date symlink: /home/zulal/gazebo_ws/install/vr_sim/share/vr_sim//models/trash_bin/meshes/inner.dae
[4.931s] -- Up-to-date symlink: /home/zulal/gazebo_ws/install/vr_sim/share/vr_sim//models/trash_bin/meshes/model.dae
[4.931s] -- Up-to-date symlink: /home/zulal/gazebo_ws/install/vr_sim/share/vr_sim//models/trash_bin/meshes/outer.dae
[4.931s] -- Up-to-date symlink: /home/zulal/gazebo_ws/install/vr_sim/share/vr_sim//models/trash_bin/model.config
[4.931s] -- Up-to-date symlink: /home/zulal/gazebo_ws/install/vr_sim/share/vr_sim//models/trash_bin/model.sdf
[4.932s] -- Up-to-date symlink: /home/zulal/gazebo_ws/install/vr_sim/lib/vr_sim/sphere_mover
[4.932s] -- Up-to-date symlink: /home/zulal/gazebo_ws/install/vr_sim/lib/vr_sim/image_duplicator
[4.933s] -- Up-to-date symlink: /home/zulal/gazebo_ws/install/vr_sim/share/ament_index/resource_index/package_run_dependencies/vr_sim
[4.933s] -- Up-to-date symlink: /home/zulal/gazebo_ws/install/vr_sim/share/ament_index/resource_index/parent_prefix_path/vr_sim
[4.933s] -- Up-to-date symlink: /home/zulal/gazebo_ws/install/vr_sim/share/vr_sim/environment/ament_prefix_path.sh
[4.934s] -- Up-to-date symlink: /home/zulal/gazebo_ws/install/vr_sim/share/vr_sim/environment/ament_prefix_path.dsv
[4.934s] -- Up-to-date symlink: /home/zulal/gazebo_ws/install/vr_sim/share/vr_sim/environment/path.sh
[4.934s] -- Up-to-date symlink: /home/zulal/gazebo_ws/install/vr_sim/share/vr_sim/environment/path.dsv
[4.934s] -- Up-to-date symlink: /home/zulal/gazebo_ws/install/vr_sim/share/vr_sim/local_setup.bash
[4.934s] -- Up-to-date symlink: /home/zulal/gazebo_ws/install/vr_sim/share/vr_sim/local_setup.sh
[4.935s] -- Up-to-date symlink: /home/zulal/gazebo_ws/install/vr_sim/share/vr_sim/local_setup.zsh
[4.935s] -- Up-to-date symlink: /home/zulal/gazebo_ws/install/vr_sim/share/vr_sim/local_setup.dsv
[4.935s] -- Symlinking: /home/zulal/gazebo_ws/install/vr_sim/share/vr_sim/package.dsv
[4.943s] -- Up-to-date symlink: /home/zulal/gazebo_ws/install/vr_sim/share/ament_index/resource_index/packages/vr_sim
[4.943s] -- Up-to-date symlink: /home/zulal/gazebo_ws/install/vr_sim/share/vr_sim/cmake/vr_simConfig.cmake
[4.943s] -- Up-to-date symlink: /home/zulal/gazebo_ws/install/vr_sim/share/vr_sim/cmake/vr_simConfig-version.cmake
[4.943s] -- Up-to-date symlink: /home/zulal/gazebo_ws/install/vr_sim/share/vr_sim/package.xml
[4.946s] Invoked command in '/home/zulal/gazebo_ws/build/vr_sim' returned '0': CMAKE_PREFIX_PATH=${CMAKE_PREFIX_PATH}:/home/zulal/gazebo_ws/install/vr_camera:/home/zulal/gazebo_ws/install/tf_server:/opt/ros/humble /usr/bin/cmake --install /home/zulal/gazebo_ws/build/vr_sim
