[0.089s] Invoking command in '/home/zulal/gazebo_ws/build/vr_sim': CMAKE_PREFIX_PATH=${CMAKE_PREFIX_PATH}:/opt/ros/humble /usr/bin/cmake --build /home/zulal/gazebo_ws/build/vr_sim -- -j12 -l12
[0.109s] -- Found ament_cmake: 1.3.8 (/opt/ros/humble/share/ament_cmake/cmake)
[0.193s] -- Override CMake install command with custom implementation using symlinks instead of copying resources
[0.198s] -- Found rclcpp: 16.0.8 (/opt/ros/humble/share/rclcpp/cmake)
[0.221s] -- Found rosidl_generator_c: 3.1.5 (/opt/ros/humble/share/rosidl_generator_c/cmake)
[0.223s] -- Found rosidl_adapter: 3.1.5 (/opt/ros/humble/share/rosidl_adapter/cmake)
[0.228s] -- Found rosidl_generator_cpp: 3.1.5 (/opt/ros/humble/share/rosidl_generator_cpp/cmake)
[0.236s] -- Using all available rosidl_typesupport_c: rosidl_typesupport_fastrtps_c;rosidl_typesupport_introspection_c
[0.248s] -- Using all available rosidl_typesupport_cpp: rosidl_typesupport_fastrtps_cpp;rosidl_typesupport_introspection_cpp
[0.291s] -- Found rmw_implementation_cmake: 6.1.1 (/opt/ros/humble/share/rmw_implementation_cmake/cmake)
[0.292s] -- Found rmw_fastrtps_cpp: 6.2.6 (/opt/ros/humble/share/rmw_fastrtps_cpp/cmake)
[0.378s] -- Using RMW implementation 'rmw_fastrtps_cpp' as default
[0.501s] -- Found visualization_msgs: 4.2.3 (/opt/ros/humble/share/visualization_msgs/cmake)
[0.704s] -- Found tf2_ros: 0.25.6 (/opt/ros/humble/share/tf2_ros/cmake)
[0.962s] -- Found robot_state_publisher: 3.0.3 (/opt/ros/humble/share/robot_state_publisher/cmake)
[0.968s] -- Found eigen3_cmake_module: 0.1.1 (/opt/ros/humble/share/eigen3_cmake_module/cmake)
[0.969s] -- Ensuring Eigen3 include directory is part of orocos-kdl CMake target
[1.013s] -- Found gazebo_msgs: 3.7.0 (/opt/ros/humble/share/gazebo_msgs/cmake)
[1.180s] -- Found ament_lint_auto: 0.12.10 (/opt/ros/humble/share/ament_lint_auto/cmake)
[1.234s] -- Added test 'cppcheck' to perform static code analysis on C / C++ code
[1.234s] -- Configured cppcheck include dirs: 
[1.234s] -- Configured cppcheck exclude dirs and/or files: 
[1.234s] -- Added test 'flake8' to check Python code syntax and style conventions
[1.234s] -- Added test 'lint_cmake' to check CMake code style
[1.235s] -- Added test 'pep257' to check Python code against some of the docstring style conventions in PEP 257
[1.235s] -- Added test 'uncrustify' to check C / C++ code style
[1.235s] -- Configured uncrustify additional arguments: 
[1.236s] -- Added test 'xmllint' to check XML markup files
[1.237s] -- Configuring done
[1.248s] -- Generating done
[1.250s] -- Build files have been written to: /home/zulal/gazebo_ws/build/vr_sim
[1.269s] [35m[1mConsolidate compiler generated dependencies of target robot_movement[0m
[1.269s] [35m[1mConsolidate compiler generated dependencies of target robot_tf_publisher[0m
[1.280s] [100%] Built target robot_tf_publisher
[1.280s] [100%] Built target robot_movement
[1.288s] Invoked command in '/home/zulal/gazebo_ws/build/vr_sim' returned '0': CMAKE_PREFIX_PATH=${CMAKE_PREFIX_PATH}:/opt/ros/humble /usr/bin/cmake --build /home/zulal/gazebo_ws/build/vr_sim -- -j12 -l12
[1.314s] Invoking command in '/home/zulal/gazebo_ws/build/vr_sim': CMAKE_PREFIX_PATH=${CMAKE_PREFIX_PATH}:/opt/ros/humble /usr/bin/cmake --install /home/zulal/gazebo_ws/build/vr_sim
[1.319s] -- Install configuration: ""
[1.320s] -- Execute custom install script
[1.320s] -- Up-to-date symlink: /home/zulal/gazebo_ws/install/vr_sim/share/vr_sim//launch/gazebo.launch.py
[1.320s] -- Up-to-date symlink: /home/zulal/gazebo_ws/install/vr_sim/share/vr_sim//urdf/head_model1.urdf
[1.320s] -- Up-to-date symlink: /home/zulal/gazebo_ws/install/vr_sim/share/vr_sim//worlds/model1.world
[1.321s] -- Symlinking: /home/zulal/gazebo_ws/install/vr_sim/share/vr_sim//meshes/head_model1.stl
[1.327s] -- Up-to-date symlink: /home/zulal/gazebo_ws/install/vr_sim/lib/vr_sim/robot_movement
[1.327s] -- Up-to-date symlink: /home/zulal/gazebo_ws/install/vr_sim/lib/vr_sim/robot_tf_publisher
[1.327s] -- Up-to-date symlink: /home/zulal/gazebo_ws/install/vr_sim/share/ament_index/resource_index/package_run_dependencies/vr_sim
[1.327s] -- Up-to-date symlink: /home/zulal/gazebo_ws/install/vr_sim/share/ament_index/resource_index/parent_prefix_path/vr_sim
[1.327s] -- Up-to-date symlink: /home/zulal/gazebo_ws/install/vr_sim/share/vr_sim/environment/ament_prefix_path.sh
[1.327s] -- Up-to-date symlink: /home/zulal/gazebo_ws/install/vr_sim/share/vr_sim/environment/ament_prefix_path.dsv
[1.328s] -- Up-to-date symlink: /home/zulal/gazebo_ws/install/vr_sim/share/vr_sim/environment/path.sh
[1.328s] -- Up-to-date symlink: /home/zulal/gazebo_ws/install/vr_sim/share/vr_sim/environment/path.dsv
[1.328s] -- Up-to-date symlink: /home/zulal/gazebo_ws/install/vr_sim/share/vr_sim/local_setup.bash
[1.328s] -- Up-to-date symlink: /home/zulal/gazebo_ws/install/vr_sim/share/vr_sim/local_setup.sh
[1.328s] -- Up-to-date symlink: /home/zulal/gazebo_ws/install/vr_sim/share/vr_sim/local_setup.zsh
[1.328s] -- Up-to-date symlink: /home/zulal/gazebo_ws/install/vr_sim/share/vr_sim/local_setup.dsv
[1.328s] -- Symlinking: /home/zulal/gazebo_ws/install/vr_sim/share/vr_sim/package.dsv
[1.335s] -- Up-to-date symlink: /home/zulal/gazebo_ws/install/vr_sim/share/ament_index/resource_index/packages/vr_sim
[1.335s] -- Up-to-date symlink: /home/zulal/gazebo_ws/install/vr_sim/share/vr_sim/cmake/vr_simConfig.cmake
[1.335s] -- Up-to-date symlink: /home/zulal/gazebo_ws/install/vr_sim/share/vr_sim/cmake/vr_simConfig-version.cmake
[1.336s] -- Up-to-date symlink: /home/zulal/gazebo_ws/install/vr_sim/share/vr_sim/package.xml
[1.337s] Invoked command in '/home/zulal/gazebo_ws/build/vr_sim' returned '0': CMAKE_PREFIX_PATH=${CMAKE_PREFIX_PATH}:/opt/ros/humble /usr/bin/cmake --install /home/zulal/gazebo_ws/build/vr_sim
