[0.089s] Invoking command in '/home/zulal/gazebo_ws/build/vr_sim': CMAKE_PREFIX_PATH=${CMAKE_PREFIX_PATH}:/opt/ros/humble /usr/bin/cmake --build /home/zulal/gazebo_ws/build/vr_sim -- -j12 -l12
[0.136s] [ 83%] Built target robot_tf_publisher
[0.136s] [ 83%] Built target sphere_mover
[0.136s] [100%] Built target robot_movement
[0.145s] Invoked command in '/home/zulal/gazebo_ws/build/vr_sim' returned '0': CMAKE_PREFIX_PATH=${CMAKE_PREFIX_PATH}:/opt/ros/humble /usr/bin/cmake --build /home/zulal/gazebo_ws/build/vr_sim -- -j12 -l12
[0.178s] Invoking command in '/home/zulal/gazebo_ws/build/vr_sim': CMAKE_PREFIX_PATH=${CMAKE_PREFIX_PATH}:/opt/ros/humble /usr/bin/cmake --install /home/zulal/gazebo_ws/build/vr_sim
[0.184s] -- Install configuration: ""
[0.184s] -- Execute custom install script
[0.184s] -- Up-to-date symlink: /home/zulal/gazebo_ws/install/vr_sim/share/vr_sim//launch/gazebo.launch.py
[0.185s] -- Up-to-date symlink: /home/zulal/gazebo_ws/install/vr_sim/share/vr_sim//launch/gazebo2.launch.py
[0.185s] -- Up-to-date symlink: /home/zulal/gazebo_ws/install/vr_sim/share/vr_sim//urdf/sphere.urdf
[0.185s] -- Up-to-date symlink: /home/zulal/gazebo_ws/install/vr_sim/share/vr_sim//urdf/sphere2.urdf
[0.185s] -- Up-to-date symlink: /home/zulal/gazebo_ws/install/vr_sim/share/vr_sim//worlds/model1.world
[0.185s] -- Up-to-date symlink: /home/zulal/gazebo_ws/install/vr_sim/share/vr_sim//meshes/head_model1.stl
[0.186s] -- Up-to-date symlink: /home/zulal/gazebo_ws/install/vr_sim/lib/vr_sim/robot_movement
[0.186s] -- Up-to-date symlink: /home/zulal/gazebo_ws/install/vr_sim/lib/vr_sim/robot_tf_publisher
[0.186s] -- Up-to-date symlink: /home/zulal/gazebo_ws/install/vr_sim/lib/vr_sim/sphere_mover
[0.186s] -- Up-to-date symlink: /home/zulal/gazebo_ws/install/vr_sim/share/ament_index/resource_index/package_run_dependencies/vr_sim
[0.186s] -- Up-to-date symlink: /home/zulal/gazebo_ws/install/vr_sim/share/ament_index/resource_index/parent_prefix_path/vr_sim
[0.187s] -- Up-to-date symlink: /home/zulal/gazebo_ws/install/vr_sim/share/vr_sim/environment/ament_prefix_path.sh
[0.187s] -- Up-to-date symlink: /home/zulal/gazebo_ws/install/vr_sim/share/vr_sim/environment/ament_prefix_path.dsv
[0.187s] -- Up-to-date symlink: /home/zulal/gazebo_ws/install/vr_sim/share/vr_sim/environment/path.sh
[0.187s] -- Up-to-date symlink: /home/zulal/gazebo_ws/install/vr_sim/share/vr_sim/environment/path.dsv
[0.187s] -- Up-to-date symlink: /home/zulal/gazebo_ws/install/vr_sim/share/vr_sim/local_setup.bash
[0.187s] -- Up-to-date symlink: /home/zulal/gazebo_ws/install/vr_sim/share/vr_sim/local_setup.sh
[0.188s] -- Up-to-date symlink: /home/zulal/gazebo_ws/install/vr_sim/share/vr_sim/local_setup.zsh
[0.188s] -- Up-to-date symlink: /home/zulal/gazebo_ws/install/vr_sim/share/vr_sim/local_setup.dsv
[0.188s] -- Symlinking: /home/zulal/gazebo_ws/install/vr_sim/share/vr_sim/package.dsv
[0.196s] -- Up-to-date symlink: /home/zulal/gazebo_ws/install/vr_sim/share/ament_index/resource_index/packages/vr_sim
[0.196s] -- Up-to-date symlink: /home/zulal/gazebo_ws/install/vr_sim/share/vr_sim/cmake/vr_simConfig.cmake
[0.196s] -- Up-to-date symlink: /home/zulal/gazebo_ws/install/vr_sim/share/vr_sim/cmake/vr_simConfig-version.cmake
[0.196s] -- Up-to-date symlink: /home/zulal/gazebo_ws/install/vr_sim/share/vr_sim/package.xml
[0.198s] Invoked command in '/home/zulal/gazebo_ws/build/vr_sim' returned '0': CMAKE_PREFIX_PATH=${CMAKE_PREFIX_PATH}:/opt/ros/humble /usr/bin/cmake --install /home/zulal/gazebo_ws/build/vr_sim
