[0.161s] Invoking command in '/home/zulal/gazebo_ws/build/vr_sim': CMAKE_PREFIX_PATH=${CMAKE_PREFIX_PATH}:/home/zulal/gazebo_ws/install/tf_server:/opt/ros/humble /usr/bin/cmake --build /home/zulal/gazebo_ws/build/vr_sim -- -j12 -l12
[0.212s] -- Found ament_cmake: 1.3.8 (/opt/ros/humble/share/ament_cmake/cmake)
[0.437s] -- Override CMake install command with custom implementation using symlinks instead of copying resources
[0.448s] -- Found rclcpp: 16.0.8 (/opt/ros/humble/share/rclcpp/cmake)
[0.504s] -- Found rosidl_generator_c: 3.1.5 (/opt/ros/humble/share/rosidl_generator_c/cmake)
[0.508s] -- Found rosidl_adapter: 3.1.5 (/opt/ros/humble/share/rosidl_adapter/cmake)
[0.519s] -- Found rosidl_generator_cpp: 3.1.5 (/opt/ros/humble/share/rosidl_generator_cpp/cmake)
[0.542s] -- Using all available rosidl_typesupport_c: rosidl_typesupport_fastrtps_c;rosidl_typesupport_introspection_c
[0.569s] -- Using all available rosidl_typesupport_cpp: rosidl_typesupport_fastrtps_cpp;rosidl_typesupport_introspection_cpp
[0.631s] -- Found rmw_implementation_cmake: 6.1.1 (/opt/ros/humble/share/rmw_implementation_cmake/cmake)
[0.633s] -- Found rmw_fastrtps_cpp: 6.2.6 (/opt/ros/humble/share/rmw_fastrtps_cpp/cmake)
[0.758s] -- Using RMW implementation 'rmw_fastrtps_cpp' as default
[0.945s] -- Found sensor_msgs: 4.2.3 (/opt/ros/humble/share/sensor_msgs/cmake)
[1.088s] -- Found visualization_msgs: 4.2.3 (/opt/ros/humble/share/visualization_msgs/cmake)
[1.208s] -- Found tf2: 0.25.6 (/opt/ros/humble/share/tf2/cmake)
[1.215s] -- Found tf2_ros: 0.25.6 (/opt/ros/humble/share/tf2_ros/cmake)
[1.602s] -- Found tf2_geometry_msgs: 0.25.6 (/opt/ros/humble/share/tf2_geometry_msgs/cmake)
[1.607s] -- Found eigen3_cmake_module: 0.1.1 (/opt/ros/humble/share/eigen3_cmake_module/cmake)
[1.609s] -- Ensuring Eigen3 include directory is part of orocos-kdl CMake target
[1.621s] -- Found robot_state_publisher: 3.0.3 (/opt/ros/humble/share/robot_state_publisher/cmake)
[1.688s] -- Found gazebo_msgs: 3.7.0 (/opt/ros/humble/share/gazebo_msgs/cmake)
[1.909s] -- Found ament_lint_auto: 0.12.10 (/opt/ros/humble/share/ament_lint_auto/cmake)
[2.000s] -- Added test 'cppcheck' to perform static code analysis on C / C++ code
[2.001s] -- Configured cppcheck include dirs: 
[2.001s] -- Configured cppcheck exclude dirs and/or files: 
[2.002s] -- Added test 'flake8' to check Python code syntax and style conventions
[2.006s] -- Added test 'lint_cmake' to check CMake code style
[2.008s] -- Added test 'pep257' to check Python code against some of the docstring style conventions in PEP 257
[2.023s] -- Added test 'uncrustify' to check C / C++ code style
[2.024s] -- Configured uncrustify additional arguments: 
[2.025s] -- Added test 'xmllint' to check XML markup files
[2.027s] -- Configuring done
[2.044s] -- Generating done
[2.046s] -- Build files have been written to: /home/zulal/gazebo_ws/build/vr_sim
[2.073s] [35m[1mConsolidate compiler generated dependencies of target sphere_mover[0m
[2.084s] [ 25%] [32mBuilding CXX object CMakeFiles/image_duplicator.dir/src/image_duplicator.cpp.o[0m
[2.094s] [ 75%] Built target sphere_mover
[11.455s] [100%] [32m[1mLinking CXX executable image_duplicator[0m
[11.951s] [100%] Built target image_duplicator
[11.962s] Invoked command in '/home/zulal/gazebo_ws/build/vr_sim' returned '0': CMAKE_PREFIX_PATH=${CMAKE_PREFIX_PATH}:/home/zulal/gazebo_ws/install/tf_server:/opt/ros/humble /usr/bin/cmake --build /home/zulal/gazebo_ws/build/vr_sim -- -j12 -l12
[12.005s] Invoking command in '/home/zulal/gazebo_ws/build/vr_sim': CMAKE_PREFIX_PATH=${CMAKE_PREFIX_PATH}:/home/zulal/gazebo_ws/install/tf_server:/opt/ros/humble /usr/bin/cmake --install /home/zulal/gazebo_ws/build/vr_sim
[12.012s] -- Install configuration: ""
[12.012s] -- Execute custom install script
[12.012s] -- Up-to-date symlink: /home/zulal/gazebo_ws/install/vr_sim/share/vr_sim//launch/gazebo.launch.py
[12.013s] -- Up-to-date symlink: /home/zulal/gazebo_ws/install/vr_sim/share/vr_sim//launch/gazebo2.launch.py
[12.013s] -- Up-to-date symlink: /home/zulal/gazebo_ws/install/vr_sim/share/vr_sim//urdf/head_model.urdf
[12.013s] -- Up-to-date symlink: /home/zulal/gazebo_ws/install/vr_sim/share/vr_sim//urdf/head_only.urdf
[12.013s] -- Up-to-date symlink: /home/zulal/gazebo_ws/install/vr_sim/share/vr_sim//worlds/cafe.world
[12.013s] -- Up-to-date symlink: /home/zulal/gazebo_ws/install/vr_sim/share/vr_sim//worlds/house.world
[12.013s] -- Up-to-date symlink: /home/zulal/gazebo_ws/install/vr_sim/share/vr_sim//worlds/model1.world
[12.014s] -- Up-to-date symlink: /home/zulal/gazebo_ws/install/vr_sim/share/vr_sim//worlds/office.world
[12.014s] -- Up-to-date symlink: /home/zulal/gazebo_ws/install/vr_sim/share/vr_sim//meshes/head.stl
[12.014s] -- Up-to-date symlink: /home/zulal/gazebo_ws/install/vr_sim/share/vr_sim//meshes/head_vrglass.stl
[12.017s] -- Up-to-date symlink: /home/zulal/gazebo_ws/install/vr_sim/share/vr_sim//models/book_open/materials/scripts/book_page.material
[12.017s] -- Up-to-date symlink: /home/zulal/gazebo_ws/install/vr_sim/share/vr_sim//models/book_open/materials/textures/page.jpg
[12.017s] -- Up-to-date symlink: /home/zulal/gazebo_ws/install/vr_sim/share/vr_sim//models/book_open/meshes/cover.dae
[12.017s] -- Up-to-date symlink: /home/zulal/gazebo_ws/install/vr_sim/share/vr_sim//models/book_open/meshes/open_book.dae
[12.017s] -- Up-to-date symlink: /home/zulal/gazebo_ws/install/vr_sim/share/vr_sim//models/book_open/meshes/open_page.dae
[12.017s] -- Up-to-date symlink: /home/zulal/gazebo_ws/install/vr_sim/share/vr_sim//models/book_open/meshes/pages.dae
[12.017s] -- Up-to-date symlink: /home/zulal/gazebo_ws/install/vr_sim/share/vr_sim//models/book_open/model.config
[12.017s] -- Up-to-date symlink: /home/zulal/gazebo_ws/install/vr_sim/share/vr_sim//models/book_open/model.sdf
[12.017s] -- Up-to-date symlink: /home/zulal/gazebo_ws/install/vr_sim/share/vr_sim//models/chair_3/meshes/model.dae
[12.018s] -- Up-to-date symlink: /home/zulal/gazebo_ws/install/vr_sim/share/vr_sim//models/chair_3/model.config
[12.018s] -- Up-to-date symlink: /home/zulal/gazebo_ws/install/vr_sim/share/vr_sim//models/chair_3/model.sdf
[12.018s] -- Up-to-date symlink: /home/zulal/gazebo_ws/install/vr_sim/share/vr_sim//models/chair_set_2/materials/scripts/chair_set_2.material
[12.018s] -- Up-to-date symlink: /home/zulal/gazebo_ws/install/vr_sim/share/vr_sim//models/chair_set_2/materials/textures/fabric_green.jpg
[12.018s] -- Up-to-date symlink: /home/zulal/gazebo_ws/install/vr_sim/share/vr_sim//models/chair_set_2/meshes/chair_cushions.dae
[12.018s] -- Up-to-date symlink: /home/zulal/gazebo_ws/install/vr_sim/share/vr_sim//models/chair_set_2/meshes/chair_frame.dae
[12.018s] -- Up-to-date symlink: /home/zulal/gazebo_ws/install/vr_sim/share/vr_sim//models/chair_set_2/meshes/chair_full.dae
[12.018s] -- Up-to-date symlink: /home/zulal/gazebo_ws/install/vr_sim/share/vr_sim//models/chair_set_2/meshes/model.dae
[12.018s] -- Up-to-date symlink: /home/zulal/gazebo_ws/install/vr_sim/share/vr_sim//models/chair_set_2/model.config
[12.019s] -- Up-to-date symlink: /home/zulal/gazebo_ws/install/vr_sim/share/vr_sim//models/chair_set_2/model.sdf
[12.019s] -- Up-to-date symlink: /home/zulal/gazebo_ws/install/vr_sim/share/vr_sim//models/coffee_machine/materials/scripts/coffee_body.material
[12.019s] -- Up-to-date symlink: /home/zulal/gazebo_ws/install/vr_sim/share/vr_sim//models/coffee_machine/materials/scripts/coffee_drain.material
[12.019s] -- Up-to-date symlink: /home/zulal/gazebo_ws/install/vr_sim/share/vr_sim//models/coffee_machine/materials/scripts/coffee_panel.material
[12.019s] -- Up-to-date symlink: /home/zulal/gazebo_ws/install/vr_sim/share/vr_sim//models/coffee_machine/materials/scripts/coffee_shaft.material
[12.019s] -- Up-to-date symlink: /home/zulal/gazebo_ws/install/vr_sim/share/vr_sim//models/coffee_machine/materials/textures/black_metal.jpg
[12.019s] -- Up-to-date symlink: /home/zulal/gazebo_ws/install/vr_sim/share/vr_sim//models/coffee_machine/materials/textures/drain.jpg
[12.019s] -- Up-to-date symlink: /home/zulal/gazebo_ws/install/vr_sim/share/vr_sim//models/coffee_machine/materials/textures/panel.jpg
[12.020s] -- Up-to-date symlink: /home/zulal/gazebo_ws/install/vr_sim/share/vr_sim//models/coffee_machine/materials/textures/steel.jpg
[12.020s] -- Up-to-date symlink: /home/zulal/gazebo_ws/install/vr_sim/share/vr_sim//models/coffee_machine/meshes/body.dae
[12.020s] -- Up-to-date symlink: /home/zulal/gazebo_ws/install/vr_sim/share/vr_sim//models/coffee_machine/meshes/coffee_machine.dae
[12.020s] -- Up-to-date symlink: /home/zulal/gazebo_ws/install/vr_sim/share/vr_sim//models/coffee_machine/meshes/drain.dae
[12.020s] -- Up-to-date symlink: /home/zulal/gazebo_ws/install/vr_sim/share/vr_sim//models/coffee_machine/meshes/model.dae
[12.020s] -- Up-to-date symlink: /home/zulal/gazebo_ws/install/vr_sim/share/vr_sim//models/coffee_machine/meshes/panel.dae
[12.020s] -- Up-to-date symlink: /home/zulal/gazebo_ws/install/vr_sim/share/vr_sim//models/coffee_machine/meshes/sivler.dae
[12.021s] -- Up-to-date symlink: /home/zulal/gazebo_ws/install/vr_sim/share/vr_sim//models/coffee_machine/model.config
[12.021s] -- Up-to-date symlink: /home/zulal/gazebo_ws/install/vr_sim/share/vr_sim//models/coffee_machine/model.sdf
[12.021s] -- Up-to-date symlink: /home/zulal/gazebo_ws/install/vr_sim/share/vr_sim//models/computer_case/meshes/case.dae
[12.021s] -- Up-to-date symlink: /home/zulal/gazebo_ws/install/vr_sim/share/vr_sim//models/computer_case/model.config
[12.021s] -- Up-to-date symlink: /home/zulal/gazebo_ws/install/vr_sim/share/vr_sim//models/computer_case/model.sdf
[12.021s] -- Up-to-date symlink: /home/zulal/gazebo_ws/install/vr_sim/share/vr_sim//models/cup_paper/meshes/base.dae
[12.021s] -- Up-to-date symlink: /home/zulal/gazebo_ws/install/vr_sim/share/vr_sim//models/cup_paper/meshes/lid.dae
[12.021s] -- Up-to-date symlink: /home/zulal/gazebo_ws/install/vr_sim/share/vr_sim//models/cup_paper/model.config
[12.022s] -- Up-to-date symlink: /home/zulal/gazebo_ws/install/vr_sim/share/vr_sim//models/cup_paper/model.sdf
[12.022s] -- Up-to-date symlink: /home/zulal/gazebo_ws/install/vr_sim/share/vr_sim//models/desk_brown/materials/scripts/desk_brown.material
[12.022s] -- Up-to-date symlink: /home/zulal/gazebo_ws/install/vr_sim/share/vr_sim//models/desk_brown/materials/textures/des_b.jpg
[12.022s] -- Up-to-date symlink: /home/zulal/gazebo_ws/install/vr_sim/share/vr_sim//models/desk_brown/meshes/table.dae
[12.022s] -- Up-to-date symlink: /home/zulal/gazebo_ws/install/vr_sim/share/vr_sim//models/desk_brown/model.config
[12.022s] -- Up-to-date symlink: /home/zulal/gazebo_ws/install/vr_sim/share/vr_sim//models/desk_brown/model.sdf
[12.022s] -- Up-to-date symlink: /home/zulal/gazebo_ws/install/vr_sim/share/vr_sim//models/door_3d/materials/scripts/door_3d.material
[12.022s] -- Up-to-date symlink: /home/zulal/gazebo_ws/install/vr_sim/share/vr_sim//models/door_3d/materials/scripts/door_handle.material
[12.022s] -- Up-to-date symlink: /home/zulal/gazebo_ws/install/vr_sim/share/vr_sim//models/door_3d/materials/textures/door_3d.jpg
[12.022s] -- Up-to-date symlink: /home/zulal/gazebo_ws/install/vr_sim/share/vr_sim//models/door_3d/materials/textures/silver_door.jpg
[12.022s] -- Up-to-date symlink: /home/zulal/gazebo_ws/install/vr_sim/share/vr_sim//models/door_3d/meshes/door.dae
[12.022s] -- Up-to-date symlink: /home/zulal/gazebo_ws/install/vr_sim/share/vr_sim//models/door_3d/meshes/door_v2.dae
[12.022s] -- Up-to-date symlink: /home/zulal/gazebo_ws/install/vr_sim/share/vr_sim//models/door_3d/meshes/door_v2_door.dae
[12.022s] -- Up-to-date symlink: /home/zulal/gazebo_ws/install/vr_sim/share/vr_sim//models/door_3d/meshes/door_v2_handle.dae
[12.023s] -- Up-to-date symlink: /home/zulal/gazebo_ws/install/vr_sim/share/vr_sim//models/door_3d/meshes/model.dae
[12.023s] -- Up-to-date symlink: /home/zulal/gazebo_ws/install/vr_sim/share/vr_sim//models/door_3d/model.config
[12.023s] -- Up-to-date symlink: /home/zulal/gazebo_ws/install/vr_sim/share/vr_sim//models/door_3d/model.sdf
[12.023s] -- Up-to-date symlink: /home/zulal/gazebo_ws/install/vr_sim/share/vr_sim//models/file_1/meshes/body.dae
[12.023s] -- Up-to-date symlink: /home/zulal/gazebo_ws/install/vr_sim/share/vr_sim//models/file_1/meshes/model.dae
[12.023s] -- Up-to-date symlink: /home/zulal/gazebo_ws/install/vr_sim/share/vr_sim//models/file_1/meshes/ring.dae
[12.023s] -- Up-to-date symlink: /home/zulal/gazebo_ws/install/vr_sim/share/vr_sim//models/file_1/meshes/tag.dae
[12.023s] -- Up-to-date symlink: /home/zulal/gazebo_ws/install/vr_sim/share/vr_sim//models/file_1/model.config
[12.023s] -- Up-to-date symlink: /home/zulal/gazebo_ws/install/vr_sim/share/vr_sim//models/file_1/model.sdf
[12.023s] -- Up-to-date symlink: /home/zulal/gazebo_ws/install/vr_sim/share/vr_sim//models/file_2/materials/scripts/file_2_metal.material
[12.023s] -- Up-to-date symlink: /home/zulal/gazebo_ws/install/vr_sim/share/vr_sim//models/file_2/materials/textures/Metal_Rough.jpg
[12.023s] -- Up-to-date symlink: /home/zulal/gazebo_ws/install/vr_sim/share/vr_sim//models/file_2/meshes/body.dae
[12.023s] -- Up-to-date symlink: /home/zulal/gazebo_ws/install/vr_sim/share/vr_sim//models/file_2/meshes/metal.dae
[12.023s] -- Up-to-date symlink: /home/zulal/gazebo_ws/install/vr_sim/share/vr_sim//models/file_2/meshes/model.dae
[12.024s] -- Up-to-date symlink: /home/zulal/gazebo_ws/install/vr_sim/share/vr_sim//models/file_2/meshes/tag.dae
[12.024s] -- Up-to-date symlink: /home/zulal/gazebo_ws/install/vr_sim/share/vr_sim//models/file_2/model.config
[12.024s] -- Up-to-date symlink: /home/zulal/gazebo_ws/install/vr_sim/share/vr_sim//models/file_2/model.sdf
[12.024s] -- Up-to-date symlink: /home/zulal/gazebo_ws/install/vr_sim/share/vr_sim//models/file_2/model/Metal_Rough.jpg
[12.024s] -- Up-to-date symlink: /home/zulal/gazebo_ws/install/vr_sim/share/vr_sim//models/file_2/model/texture.png
[12.024s] -- Up-to-date symlink: /home/zulal/gazebo_ws/install/vr_sim/share/vr_sim//models/file_box_4/materials/scripts/file_box.material
[12.024s] -- Up-to-date symlink: /home/zulal/gazebo_ws/install/vr_sim/share/vr_sim//models/file_box_4/materials/textures/Woven_Slate_Blue.jpg
[12.024s] -- Up-to-date symlink: /home/zulal/gazebo_ws/install/vr_sim/share/vr_sim//models/file_box_4/meshes/body.dae
[12.024s] -- Up-to-date symlink: /home/zulal/gazebo_ws/install/vr_sim/share/vr_sim//models/file_box_4/meshes/ring.dae
[12.024s] -- Up-to-date symlink: /home/zulal/gazebo_ws/install/vr_sim/share/vr_sim//models/file_box_4/meshes/tag.dae
[12.024s] -- Up-to-date symlink: /home/zulal/gazebo_ws/install/vr_sim/share/vr_sim//models/file_box_4/model.config
[12.024s] -- Up-to-date symlink: /home/zulal/gazebo_ws/install/vr_sim/share/vr_sim//models/file_box_4/model.sdf
[12.024s] -- Up-to-date symlink: /home/zulal/gazebo_ws/install/vr_sim/share/vr_sim//models/file_cabinet_small/materials/scripts/file_black.material
[12.025s] -- Up-to-date symlink: /home/zulal/gazebo_ws/install/vr_sim/share/vr_sim//models/file_cabinet_small/materials/textures/metal_black_2.jpg
[12.025s] -- Up-to-date symlink: /home/zulal/gazebo_ws/install/vr_sim/share/vr_sim//models/file_cabinet_small/meshes/model.dae
[12.025s] -- Up-to-date symlink: /home/zulal/gazebo_ws/install/vr_sim/share/vr_sim//models/file_cabinet_small/model.config
[12.025s] -- Up-to-date symlink: /home/zulal/gazebo_ws/install/vr_sim/share/vr_sim//models/file_cabinet_small/model.sdf
[12.025s] -- Up-to-date symlink: /home/zulal/gazebo_ws/install/vr_sim/share/vr_sim//models/keyboard/meshes/key.dae
[12.025s] -- Up-to-date symlink: /home/zulal/gazebo_ws/install/vr_sim/share/vr_sim//models/keyboard/meshes/key_1.dae
[12.025s] -- Up-to-date symlink: /home/zulal/gazebo_ws/install/vr_sim/share/vr_sim//models/keyboard/meshes/keyboard1.dae
[12.025s] -- Up-to-date symlink: /home/zulal/gazebo_ws/install/vr_sim/share/vr_sim//models/keyboard/meshes/letters.dae
[12.025s] -- Up-to-date symlink: /home/zulal/gazebo_ws/install/vr_sim/share/vr_sim//models/keyboard/model.config
[12.025s] -- Up-to-date symlink: /home/zulal/gazebo_ws/install/vr_sim/share/vr_sim//models/keyboard/model.sdf
[12.025s] -- Up-to-date symlink: /home/zulal/gazebo_ws/install/vr_sim/share/vr_sim//models/labtop_mac_2/materials/scripts/labtop_screen_2.material
[12.025s] -- Up-to-date symlink: /home/zulal/gazebo_ws/install/vr_sim/share/vr_sim//models/labtop_mac_2/materials/textures/labtop_screen2.jpg
[12.026s] -- Up-to-date symlink: /home/zulal/gazebo_ws/install/vr_sim/share/vr_sim//models/labtop_mac_2/meshes/body.dae
[12.026s] -- Up-to-date symlink: /home/zulal/gazebo_ws/install/vr_sim/share/vr_sim//models/labtop_mac_2/meshes/keys.dae
[12.026s] -- Up-to-date symlink: /home/zulal/gazebo_ws/install/vr_sim/share/vr_sim//models/labtop_mac_2/meshes/labtop.dae
[12.026s] -- Up-to-date symlink: /home/zulal/gazebo_ws/install/vr_sim/share/vr_sim//models/labtop_mac_2/meshes/screen.dae
[12.026s] -- Up-to-date symlink: /home/zulal/gazebo_ws/install/vr_sim/share/vr_sim//models/labtop_mac_2/model.config
[12.026s] -- Up-to-date symlink: /home/zulal/gazebo_ws/install/vr_sim/share/vr_sim//models/labtop_mac_2/model.sdf
[12.026s] -- Up-to-date symlink: /home/zulal/gazebo_ws/install/vr_sim/share/vr_sim//models/laptop_pc_1/materials/scripts/laptop_pc_lines.material
[12.026s] -- Up-to-date symlink: /home/zulal/gazebo_ws/install/vr_sim/share/vr_sim//models/laptop_pc_1/materials/scripts/laptop_pc_screen_1.material
[12.026s] -- Up-to-date symlink: /home/zulal/gazebo_ws/install/vr_sim/share/vr_sim//models/laptop_pc_1/materials/scripts/laptop_pc_silver.material
[12.026s] -- Up-to-date symlink: /home/zulal/gazebo_ws/install/vr_sim/share/vr_sim//models/laptop_pc_1/materials/textures/metal_red.jpg
[12.027s] -- Up-to-date symlink: /home/zulal/gazebo_ws/install/vr_sim/share/vr_sim//models/laptop_pc_1/materials/textures/screen_1_pc.jpg
[12.027s] -- Up-to-date symlink: /home/zulal/gazebo_ws/install/vr_sim/share/vr_sim//models/laptop_pc_1/materials/textures/screen_2_pc.jpg
[12.027s] -- Up-to-date symlink: /home/zulal/gazebo_ws/install/vr_sim/share/vr_sim//models/laptop_pc_1/materials/textures/silver.jpg
[12.028s] -- Up-to-date symlink: /home/zulal/gazebo_ws/install/vr_sim/share/vr_sim//models/laptop_pc_1/meshes/body.dae
[12.028s] -- Up-to-date symlink: /home/zulal/gazebo_ws/install/vr_sim/share/vr_sim//models/laptop_pc_1/meshes/bottom.dae
[12.028s] -- Up-to-date symlink: /home/zulal/gazebo_ws/install/vr_sim/share/vr_sim//models/laptop_pc_1/meshes/keys.dae
[12.028s] -- Up-to-date symlink: /home/zulal/gazebo_ws/install/vr_sim/share/vr_sim//models/laptop_pc_1/meshes/letters.dae
[12.028s] -- Up-to-date symlink: /home/zulal/gazebo_ws/install/vr_sim/share/vr_sim//models/laptop_pc_1/meshes/lines.dae
[12.028s] -- Up-to-date symlink: /home/zulal/gazebo_ws/install/vr_sim/share/vr_sim//models/laptop_pc_1/meshes/mid.dae
[12.029s] -- Up-to-date symlink: /home/zulal/gazebo_ws/install/vr_sim/share/vr_sim//models/laptop_pc_1/meshes/mid2.dae
[12.029s] -- Up-to-date symlink: /home/zulal/gazebo_ws/install/vr_sim/share/vr_sim//models/laptop_pc_1/meshes/mid3.dae
[12.029s] -- Up-to-date symlink: /home/zulal/gazebo_ws/install/vr_sim/share/vr_sim//models/laptop_pc_1/meshes/model.dae
[12.029s] -- Up-to-date symlink: /home/zulal/gazebo_ws/install/vr_sim/share/vr_sim//models/laptop_pc_1/meshes/screen.dae
[12.029s] -- Up-to-date symlink: /home/zulal/gazebo_ws/install/vr_sim/share/vr_sim//models/laptop_pc_1/meshes/silver.dae
[12.029s] -- Up-to-date symlink: /home/zulal/gazebo_ws/install/vr_sim/share/vr_sim//models/laptop_pc_1/model.config
[12.029s] -- Up-to-date symlink: /home/zulal/gazebo_ws/install/vr_sim/share/vr_sim//models/laptop_pc_1/model.sdf
[12.030s] -- Up-to-date symlink: /home/zulal/gazebo_ws/install/vr_sim/share/vr_sim//models/monitor_1/materials/scripts/monitor_screen.material
[12.030s] -- Up-to-date symlink: /home/zulal/gazebo_ws/install/vr_sim/share/vr_sim//models/monitor_1/materials/textures/screen.jpg
[12.030s] -- Up-to-date symlink: /home/zulal/gazebo_ws/install/vr_sim/share/vr_sim//models/monitor_1/meshes/frame.dae
[12.030s] -- Up-to-date symlink: /home/zulal/gazebo_ws/install/vr_sim/share/vr_sim//models/monitor_1/meshes/monitor.dae
[12.030s] -- Up-to-date symlink: /home/zulal/gazebo_ws/install/vr_sim/share/vr_sim//models/monitor_1/meshes/screen1.dae
[12.030s] -- Up-to-date symlink: /home/zulal/gazebo_ws/install/vr_sim/share/vr_sim//models/monitor_1/model.config
[12.030s] -- Up-to-date symlink: /home/zulal/gazebo_ws/install/vr_sim/share/vr_sim//models/monitor_1/model.sdf
[12.031s] -- Up-to-date symlink: /home/zulal/gazebo_ws/install/vr_sim/share/vr_sim//models/monitor_2/materials/scripts/monitor_screen_2.material
[12.031s] -- Up-to-date symlink: /home/zulal/gazebo_ws/install/vr_sim/share/vr_sim//models/monitor_2/materials/textures/aqua_screen.jpg
[12.031s] -- Up-to-date symlink: /home/zulal/gazebo_ws/install/vr_sim/share/vr_sim//models/monitor_2/meshes/frame.dae
[12.031s] -- Up-to-date symlink: /home/zulal/gazebo_ws/install/vr_sim/share/vr_sim//models/monitor_2/meshes/monitor.dae
[12.031s] -- Up-to-date symlink: /home/zulal/gazebo_ws/install/vr_sim/share/vr_sim//models/monitor_2/meshes/screen1.dae
[12.031s] -- Up-to-date symlink: /home/zulal/gazebo_ws/install/vr_sim/share/vr_sim//models/monitor_2/model.config
[12.031s] -- Up-to-date symlink: /home/zulal/gazebo_ws/install/vr_sim/share/vr_sim//models/monitor_2/model.sdf
[12.031s] -- Up-to-date symlink: /home/zulal/gazebo_ws/install/vr_sim/share/vr_sim//models/monitor_3/materials/scripts/monitor_screen_3.material
[12.031s] -- Up-to-date symlink: /home/zulal/gazebo_ws/install/vr_sim/share/vr_sim//models/monitor_3/materials/textures/prog_screen.png
[12.031s] -- Up-to-date symlink: /home/zulal/gazebo_ws/install/vr_sim/share/vr_sim//models/monitor_3/meshes/frame.dae
[12.032s] -- Up-to-date symlink: /home/zulal/gazebo_ws/install/vr_sim/share/vr_sim//models/monitor_3/meshes/monitor.dae
[12.032s] -- Up-to-date symlink: /home/zulal/gazebo_ws/install/vr_sim/share/vr_sim//models/monitor_3/meshes/screen1.dae
[12.032s] -- Up-to-date symlink: /home/zulal/gazebo_ws/install/vr_sim/share/vr_sim//models/monitor_3/model.config
[12.032s] -- Up-to-date symlink: /home/zulal/gazebo_ws/install/vr_sim/share/vr_sim//models/monitor_3/model.sdf
[12.032s] -- Up-to-date symlink: /home/zulal/gazebo_ws/install/vr_sim/share/vr_sim//models/mouse/meshes/mouse.dae
[12.032s] -- Up-to-date symlink: /home/zulal/gazebo_ws/install/vr_sim/share/vr_sim//models/mouse/model.config
[12.032s] -- Up-to-date symlink: /home/zulal/gazebo_ws/install/vr_sim/share/vr_sim//models/mouse/model.sdf
[12.032s] -- Up-to-date symlink: /home/zulal/gazebo_ws/install/vr_sim/share/vr_sim//models/office_chair/meshes/chair_base.dae
[12.032s] -- Up-to-date symlink: /home/zulal/gazebo_ws/install/vr_sim/share/vr_sim//models/office_chair/meshes/chair_cushion.dae
[12.032s] -- Up-to-date symlink: /home/zulal/gazebo_ws/install/vr_sim/share/vr_sim//models/office_chair/meshes/chair_wheels.dae
[12.032s] -- Up-to-date symlink: /home/zulal/gazebo_ws/install/vr_sim/share/vr_sim//models/office_chair/model.config
[12.032s] -- Up-to-date symlink: /home/zulal/gazebo_ws/install/vr_sim/share/vr_sim//models/office_chair/model.sdf
[12.033s] -- Up-to-date symlink: /home/zulal/gazebo_ws/install/vr_sim/share/vr_sim//models/office_small/materials/scripts/Floor.material
[12.033s] -- Up-to-date symlink: /home/zulal/gazebo_ws/install/vr_sim/share/vr_sim//models/office_small/materials/scripts/wall_white.material
[12.033s] -- Up-to-date symlink: /home/zulal/gazebo_ws/install/vr_sim/share/vr_sim//models/office_small/materials/textures/cl1.jpg
[12.033s] -- Up-to-date symlink: /home/zulal/gazebo_ws/install/vr_sim/share/vr_sim//models/office_small/materials/textures/cl2.jpg
[12.033s] -- Up-to-date symlink: /home/zulal/gazebo_ws/install/vr_sim/share/vr_sim//models/office_small/materials/textures/cl3.jpg
[12.033s] -- Up-to-date symlink: /home/zulal/gazebo_ws/install/vr_sim/share/vr_sim//models/office_small/materials/textures/cl4.jpg
[12.033s] -- Up-to-date symlink: /home/zulal/gazebo_ws/install/vr_sim/share/vr_sim//models/office_small/materials/textures/cl5.jpg
[12.033s] -- Up-to-date symlink: /home/zulal/gazebo_ws/install/vr_sim/share/vr_sim//models/office_small/materials/textures/cl6.jpg
[12.033s] -- Up-to-date symlink: /home/zulal/gazebo_ws/install/vr_sim/share/vr_sim//models/office_small/materials/textures/cp1.jpg
[12.033s] -- Up-to-date symlink: /home/zulal/gazebo_ws/install/vr_sim/share/vr_sim//models/office_small/materials/textures/cp10.jpg
[12.033s] -- Up-to-date symlink: /home/zulal/gazebo_ws/install/vr_sim/share/vr_sim//models/office_small/materials/textures/cp11.jpg
[12.033s] -- Up-to-date symlink: /home/zulal/gazebo_ws/install/vr_sim/share/vr_sim//models/office_small/materials/textures/cp12.jpg
[12.033s] -- Up-to-date symlink: /home/zulal/gazebo_ws/install/vr_sim/share/vr_sim//models/office_small/materials/textures/cp2.jpg
[12.033s] -- Up-to-date symlink: /home/zulal/gazebo_ws/install/vr_sim/share/vr_sim//models/office_small/materials/textures/cp3.jpg
[12.034s] -- Up-to-date symlink: /home/zulal/gazebo_ws/install/vr_sim/share/vr_sim//models/office_small/materials/textures/cp4.jpg
[12.034s] -- Up-to-date symlink: /home/zulal/gazebo_ws/install/vr_sim/share/vr_sim//models/office_small/materials/textures/cp5.png
[12.034s] -- Up-to-date symlink: /home/zulal/gazebo_ws/install/vr_sim/share/vr_sim//models/office_small/materials/textures/cp6.jpg
[12.034s] -- Up-to-date symlink: /home/zulal/gazebo_ws/install/vr_sim/share/vr_sim//models/office_small/materials/textures/cp7.jpg
[12.034s] -- Up-to-date symlink: /home/zulal/gazebo_ws/install/vr_sim/share/vr_sim//models/office_small/materials/textures/cp8.jpg
[12.034s] -- Up-to-date symlink: /home/zulal/gazebo_ws/install/vr_sim/share/vr_sim//models/office_small/materials/textures/cp9.jpg
[12.034s] -- Up-to-date symlink: /home/zulal/gazebo_ws/install/vr_sim/share/vr_sim//models/office_small/materials/textures/hd1.jpg
[12.034s] -- Up-to-date symlink: /home/zulal/gazebo_ws/install/vr_sim/share/vr_sim//models/office_small/materials/textures/hd2.gif
[12.034s] -- Up-to-date symlink: /home/zulal/gazebo_ws/install/vr_sim/share/vr_sim//models/office_small/materials/textures/hd3.jpg
[12.034s] -- Up-to-date symlink: /home/zulal/gazebo_ws/install/vr_sim/share/vr_sim//models/office_small/materials/textures/hd4.jpg
[12.034s] -- Up-to-date symlink: /home/zulal/gazebo_ws/install/vr_sim/share/vr_sim//models/office_small/materials/textures/hd5.jpg
[12.035s] -- Up-to-date symlink: /home/zulal/gazebo_ws/install/vr_sim/share/vr_sim//models/office_small/materials/textures/hd6.png
[12.035s] -- Up-to-date symlink: /home/zulal/gazebo_ws/install/vr_sim/share/vr_sim//models/office_small/materials/textures/hd7.jpg
[12.035s] -- Up-to-date symlink: /home/zulal/gazebo_ws/install/vr_sim/share/vr_sim//models/office_small/materials/textures/hd8.jpg
[12.035s] -- Up-to-date symlink: /home/zulal/gazebo_ws/install/vr_sim/share/vr_sim//models/office_small/materials/textures/wall_color_white.jpg
[12.035s] -- Up-to-date symlink: /home/zulal/gazebo_ws/install/vr_sim/share/vr_sim//models/office_small/model.config
[12.035s] -- Up-to-date symlink: /home/zulal/gazebo_ws/install/vr_sim/share/vr_sim//models/office_small/model.sdf
[12.035s] -- Up-to-date symlink: /home/zulal/gazebo_ws/install/vr_sim/share/vr_sim//models/picture_frame_large_2/materials/scripts/frame_text.material
[12.035s] -- Up-to-date symlink: /home/zulal/gazebo_ws/install/vr_sim/share/vr_sim//models/picture_frame_large_2/materials/scripts/pic_frame_large_2.material
[12.036s] -- Up-to-date symlink: /home/zulal/gazebo_ws/install/vr_sim/share/vr_sim//models/picture_frame_large_2/materials/textures/animal.jpg
[12.036s] -- Up-to-date symlink: /home/zulal/gazebo_ws/install/vr_sim/share/vr_sim//models/picture_frame_large_2/materials/textures/frame.jpg
[12.036s] -- Up-to-date symlink: /home/zulal/gazebo_ws/install/vr_sim/share/vr_sim//models/picture_frame_large_2/materials/textures/fruit.jpg
[12.036s] -- Up-to-date symlink: /home/zulal/gazebo_ws/install/vr_sim/share/vr_sim//models/picture_frame_large_2/materials/textures/nature.jpg
[12.036s] -- Up-to-date symlink: /home/zulal/gazebo_ws/install/vr_sim/share/vr_sim//models/picture_frame_large_2/materials/textures/turing.jpg
[12.036s] -- Up-to-date symlink: /home/zulal/gazebo_ws/install/vr_sim/share/vr_sim//models/picture_frame_large_2/meshes/center.dae
[12.036s] -- Up-to-date symlink: /home/zulal/gazebo_ws/install/vr_sim/share/vr_sim//models/picture_frame_large_2/meshes/frame.dae
[12.036s] -- Up-to-date symlink: /home/zulal/gazebo_ws/install/vr_sim/share/vr_sim//models/picture_frame_large_2/model.config
[12.036s] -- Up-to-date symlink: /home/zulal/gazebo_ws/install/vr_sim/share/vr_sim//models/picture_frame_large_2/model.sdf
[12.036s] -- Up-to-date symlink: /home/zulal/gazebo_ws/install/vr_sim/share/vr_sim//models/picture_frame_large_6/materials/scripts/frame_text.material
[12.037s] -- Up-to-date symlink: /home/zulal/gazebo_ws/install/vr_sim/share/vr_sim//models/picture_frame_large_6/materials/scripts/pic_frame_large_6.material
[12.037s] -- Up-to-date symlink: /home/zulal/gazebo_ws/install/vr_sim/share/vr_sim//models/picture_frame_large_6/materials/textures/animal.jpg
[12.037s] -- Up-to-date symlink: /home/zulal/gazebo_ws/install/vr_sim/share/vr_sim//models/picture_frame_large_6/materials/textures/frame.jpg
[12.037s] -- Up-to-date symlink: /home/zulal/gazebo_ws/install/vr_sim/share/vr_sim//models/picture_frame_large_6/materials/textures/fruit.jpg
[12.037s] -- Up-to-date symlink: /home/zulal/gazebo_ws/install/vr_sim/share/vr_sim//models/picture_frame_large_6/materials/textures/nature.jpg
[12.037s] -- Up-to-date symlink: /home/zulal/gazebo_ws/install/vr_sim/share/vr_sim//models/picture_frame_large_6/materials/textures/robot_2.jpg
[12.037s] -- Up-to-date symlink: /home/zulal/gazebo_ws/install/vr_sim/share/vr_sim//models/picture_frame_large_6/materials/textures/turing.jpg
[12.037s] -- Up-to-date symlink: /home/zulal/gazebo_ws/install/vr_sim/share/vr_sim//models/picture_frame_large_6/meshes/center.dae
[12.037s] -- Up-to-date symlink: /home/zulal/gazebo_ws/install/vr_sim/share/vr_sim//models/picture_frame_large_6/meshes/frame.dae
[12.037s] -- Up-to-date symlink: /home/zulal/gazebo_ws/install/vr_sim/share/vr_sim//models/picture_frame_large_6/model.config
[12.038s] -- Up-to-date symlink: /home/zulal/gazebo_ws/install/vr_sim/share/vr_sim//models/picture_frame_large_6/model.sdf
[12.038s] -- Up-to-date symlink: /home/zulal/gazebo_ws/install/vr_sim/share/vr_sim//models/picture_frame_large_7/materials/scripts/frame_text.material
[12.038s] -- Up-to-date symlink: /home/zulal/gazebo_ws/install/vr_sim/share/vr_sim//models/picture_frame_large_7/materials/scripts/pic_frame_large_7.material
[12.038s] -- Up-to-date symlink: /home/zulal/gazebo_ws/install/vr_sim/share/vr_sim//models/picture_frame_large_7/materials/textures/frame.jpg
[12.038s] -- Up-to-date symlink: /home/zulal/gazebo_ws/install/vr_sim/share/vr_sim//models/picture_frame_large_7/materials/textures/japanese.jpg
[12.038s] -- Up-to-date symlink: /home/zulal/gazebo_ws/install/vr_sim/share/vr_sim//models/picture_frame_large_7/meshes/center.dae
[12.039s] -- Up-to-date symlink: /home/zulal/gazebo_ws/install/vr_sim/share/vr_sim//models/picture_frame_large_7/meshes/frame.dae
[12.039s] -- Up-to-date symlink: /home/zulal/gazebo_ws/install/vr_sim/share/vr_sim//models/picture_frame_large_7/model.config
[12.039s] -- Up-to-date symlink: /home/zulal/gazebo_ws/install/vr_sim/share/vr_sim//models/picture_frame_large_7/model.sdf
[12.039s] -- Up-to-date symlink: /home/zulal/gazebo_ws/install/vr_sim/share/vr_sim//models/side_table_1/materials/scripts/side_table_1.material
[12.039s] -- Up-to-date symlink: /home/zulal/gazebo_ws/install/vr_sim/share/vr_sim//models/side_table_1/materials/textures/brown_light.jpg
[12.039s] -- Up-to-date symlink: /home/zulal/gazebo_ws/install/vr_sim/share/vr_sim//models/side_table_1/meshes/leg.dae
[12.039s] -- Up-to-date symlink: /home/zulal/gazebo_ws/install/vr_sim/share/vr_sim//models/side_table_1/meshes/legs.dae
[12.039s] -- Up-to-date symlink: /home/zulal/gazebo_ws/install/vr_sim/share/vr_sim//models/side_table_1/meshes/middle.dae
[12.039s] -- Up-to-date symlink: /home/zulal/gazebo_ws/install/vr_sim/share/vr_sim//models/side_table_1/meshes/side_table_1.dae
[12.039s] -- Up-to-date symlink: /home/zulal/gazebo_ws/install/vr_sim/share/vr_sim//models/side_table_1/model.config
[12.039s] -- Up-to-date symlink: /home/zulal/gazebo_ws/install/vr_sim/share/vr_sim//models/side_table_1/model.sdf
[12.039s] -- Up-to-date symlink: /home/zulal/gazebo_ws/install/vr_sim/share/vr_sim//models/table_conference_2/materials/scripts/table_conf_2_legs.material
[12.039s] -- Up-to-date symlink: /home/zulal/gazebo_ws/install/vr_sim/share/vr_sim//models/table_conference_2/materials/scripts/table_conf_2_top.material
[12.040s] -- Up-to-date symlink: /home/zulal/gazebo_ws/install/vr_sim/share/vr_sim//models/table_conference_2/materials/textures/conf_wood.jpg
[12.040s] -- Up-to-date symlink: /home/zulal/gazebo_ws/install/vr_sim/share/vr_sim//models/table_conference_2/materials/textures/conf_wood_2.jpg
[12.040s] -- Up-to-date symlink: /home/zulal/gazebo_ws/install/vr_sim/share/vr_sim//models/table_conference_2/materials/textures/marble.jpg
[12.040s] -- Up-to-date symlink: /home/zulal/gazebo_ws/install/vr_sim/share/vr_sim//models/table_conference_2/meshes/base.dae
[12.040s] -- Up-to-date symlink: /home/zulal/gazebo_ws/install/vr_sim/share/vr_sim//models/table_conference_2/meshes/full.dae
[12.040s] -- Up-to-date symlink: /home/zulal/gazebo_ws/install/vr_sim/share/vr_sim//models/table_conference_2/meshes/glasses.dae
[12.040s] -- Up-to-date symlink: /home/zulal/gazebo_ws/install/vr_sim/share/vr_sim//models/table_conference_2/meshes/model.dae
[12.040s] -- Up-to-date symlink: /home/zulal/gazebo_ws/install/vr_sim/share/vr_sim//models/table_conference_2/meshes/top.dae
[12.040s] -- Up-to-date symlink: /home/zulal/gazebo_ws/install/vr_sim/share/vr_sim//models/table_conference_2/model.config
[12.040s] -- Up-to-date symlink: /home/zulal/gazebo_ws/install/vr_sim/share/vr_sim//models/table_conference_2/model.sdf
[12.040s] -- Up-to-date symlink: /home/zulal/gazebo_ws/install/vr_sim/share/vr_sim//models/tissue_box_3/materials/scripts/mat3.material
[12.040s] -- Up-to-date symlink: /home/zulal/gazebo_ws/install/vr_sim/share/vr_sim//models/tissue_box_3/materials/textures/tissue_pattern1.jpg
[12.041s] -- Up-to-date symlink: /home/zulal/gazebo_ws/install/vr_sim/share/vr_sim//models/tissue_box_3/materials/textures/tissue_pattern2.jpg
[12.041s] -- Up-to-date symlink: /home/zulal/gazebo_ws/install/vr_sim/share/vr_sim//models/tissue_box_3/materials/textures/tissue_pattern3.jpg
[12.041s] -- Up-to-date symlink: /home/zulal/gazebo_ws/install/vr_sim/share/vr_sim//models/tissue_box_3/meshes/box.dae
[12.041s] -- Up-to-date symlink: /home/zulal/gazebo_ws/install/vr_sim/share/vr_sim//models/tissue_box_3/meshes/paper.dae
[12.041s] -- Up-to-date symlink: /home/zulal/gazebo_ws/install/vr_sim/share/vr_sim//models/tissue_box_3/model.config
[12.041s] -- Up-to-date symlink: /home/zulal/gazebo_ws/install/vr_sim/share/vr_sim//models/tissue_box_3/model.sdf
[12.041s] -- Up-to-date symlink: /home/zulal/gazebo_ws/install/vr_sim/share/vr_sim//models/trash_bin/meshes/inner.dae
[12.041s] -- Up-to-date symlink: /home/zulal/gazebo_ws/install/vr_sim/share/vr_sim//models/trash_bin/meshes/model.dae
[12.041s] -- Up-to-date symlink: /home/zulal/gazebo_ws/install/vr_sim/share/vr_sim//models/trash_bin/meshes/outer.dae
[12.041s] -- Up-to-date symlink: /home/zulal/gazebo_ws/install/vr_sim/share/vr_sim//models/trash_bin/model.config
[12.041s] -- Up-to-date symlink: /home/zulal/gazebo_ws/install/vr_sim/share/vr_sim//models/trash_bin/model.sdf
[12.042s] -- Up-to-date symlink: /home/zulal/gazebo_ws/install/vr_sim/lib/vr_sim/sphere_mover
[12.042s] -- Symlinking: /home/zulal/gazebo_ws/install/vr_sim/lib/vr_sim/image_duplicator
[12.053s] -- Up-to-date symlink: /home/zulal/gazebo_ws/install/vr_sim/share/ament_index/resource_index/package_run_dependencies/vr_sim
[12.053s] -- Up-to-date symlink: /home/zulal/gazebo_ws/install/vr_sim/share/ament_index/resource_index/parent_prefix_path/vr_sim
[12.053s] -- Up-to-date symlink: /home/zulal/gazebo_ws/install/vr_sim/share/vr_sim/environment/ament_prefix_path.sh
[12.054s] -- Up-to-date symlink: /home/zulal/gazebo_ws/install/vr_sim/share/vr_sim/environment/ament_prefix_path.dsv
[12.054s] -- Up-to-date symlink: /home/zulal/gazebo_ws/install/vr_sim/share/vr_sim/environment/path.sh
[12.054s] -- Up-to-date symlink: /home/zulal/gazebo_ws/install/vr_sim/share/vr_sim/environment/path.dsv
[12.054s] -- Up-to-date symlink: /home/zulal/gazebo_ws/install/vr_sim/share/vr_sim/local_setup.bash
[12.054s] -- Up-to-date symlink: /home/zulal/gazebo_ws/install/vr_sim/share/vr_sim/local_setup.sh
[12.054s] -- Up-to-date symlink: /home/zulal/gazebo_ws/install/vr_sim/share/vr_sim/local_setup.zsh
[12.054s] -- Up-to-date symlink: /home/zulal/gazebo_ws/install/vr_sim/share/vr_sim/local_setup.dsv
[12.054s] -- Symlinking: /home/zulal/gazebo_ws/install/vr_sim/share/vr_sim/package.dsv
[12.064s] -- Up-to-date symlink: /home/zulal/gazebo_ws/install/vr_sim/share/ament_index/resource_index/packages/vr_sim
[12.064s] -- Up-to-date symlink: /home/zulal/gazebo_ws/install/vr_sim/share/vr_sim/cmake/vr_simConfig.cmake
[12.064s] -- Up-to-date symlink: /home/zulal/gazebo_ws/install/vr_sim/share/vr_sim/cmake/vr_simConfig-version.cmake
[12.064s] -- Up-to-date symlink: /home/zulal/gazebo_ws/install/vr_sim/share/vr_sim/package.xml
[12.066s] Invoked command in '/home/zulal/gazebo_ws/build/vr_sim' returned '0': CMAKE_PREFIX_PATH=${CMAKE_PREFIX_PATH}:/home/zulal/gazebo_ws/install/tf_server:/opt/ros/humble /usr/bin/cmake --install /home/zulal/gazebo_ws/build/vr_sim
