[2.233s] Invoking command in '/home/zulal/gazebo_ws/src/vr_camera': PYTHONPATH=/home/zulal/gazebo_ws/build/vr_camera/prefix_override:/home/zulal/gazebo_ws/install/vr_camera/lib/python3.10/site-packages:${PYTHONPATH} /usr/bin/python3 setup.py egg_info --egg-base ../../build/vr_camera build --build-base /home/zulal/gazebo_ws/build/vr_camera/build install --record /home/zulal/gazebo_ws/build/vr_camera/install.log --single-version-externally-managed
[2.648s] running egg_info
[2.648s] writing ../../build/vr_camera/vr_camera.egg-info/PKG-INFO
[2.649s] writing dependency_links to ../../build/vr_camera/vr_camera.egg-info/dependency_links.txt
[2.649s] writing entry points to ../../build/vr_camera/vr_camera.egg-info/entry_points.txt
[2.649s] writing requirements to ../../build/vr_camera/vr_camera.egg-info/requires.txt
[2.649s] writing top-level names to ../../build/vr_camera/vr_camera.egg-info/top_level.txt
[2.651s] reading manifest file '../../build/vr_camera/vr_camera.egg-info/SOURCES.txt'
[2.652s] writing manifest file '../../build/vr_camera/vr_camera.egg-info/SOURCES.txt'
[2.652s] running build
[2.654s] running build_py
[2.655s] running install
[2.656s] running install_lib
[2.657s] running install_data
[2.658s] running install_egg_info
[2.661s] removing '/home/zulal/gazebo_ws/install/vr_camera/lib/python3.10/site-packages/vr_camera-0.0.0-py3.10.egg-info' (and everything under it)
[2.661s] Copying ../../build/vr_camera/vr_camera.egg-info to /home/zulal/gazebo_ws/install/vr_camera/lib/python3.10/site-packages/vr_camera-0.0.0-py3.10.egg-info
[2.663s] running install_scripts
[2.697s] Installing vr_node script to /home/zulal/gazebo_ws/install/vr_camera/lib/vr_camera
[2.697s] writing list of installed files to '/home/zulal/gazebo_ws/build/vr_camera/install.log'
[2.753s] Invoked command in '/home/zulal/gazebo_ws/src/vr_camera' returned '0': PYTHONPATH=/home/zulal/gazebo_ws/build/vr_camera/prefix_override:/home/zulal/gazebo_ws/install/vr_camera/lib/python3.10/site-packages:${PYTHONPATH} /usr/bin/python3 setup.py egg_info --egg-base ../../build/vr_camera build --build-base /home/zulal/gazebo_ws/build/vr_camera/build install --record /home/zulal/gazebo_ws/build/vr_camera/install.log --single-version-externally-managed
