[1.112s] DEBUG:colcon:Command line arguments: ['/usr/bin/colcon', 'build']
[1.112s] DEBUG:colcon:Parsed command line arguments: Namespace(log_base=None, log_level=None, verb_name='build', build_base='build', install_base='install', merge_install=False, symlink_install=False, test_result_base=None, continue_on_error=False, executor='parallel', parallel_workers=12, event_handlers=None, ignore_user_meta=False, metas=['./colcon.meta'], base_paths=['.'], packages_ignore=None, packages_ignore_regex=None, paths=None, packages_up_to=None, packages_up_to_regex=None, packages_above=None, packages_above_and_dependencies=None, packages_above_depth=None, packages_select_by_dep=None, packages_skip_by_dep=None, packages_skip_up_to=None, packages_select_build_failed=False, packages_skip_build_finished=False, packages_select_test_failures=False, packages_skip_test_passed=False, packages_select=None, packages_skip=None, packages_select_regex=None, packages_skip_regex=None, packages_start=None, packages_end=None, allow_overriding=[], cmake_args=None, cmake_target=None, cmake_target_skip_unavailable=False, cmake_clean_cache=False, cmake_clean_first=False, cmake_force_configure=False, ament_cmake_args=None, catkin_cmake_args=None, catkin_skip_building_tests=False, verb_parser=<colcon_defaults.argument_parser.defaults.DefaultArgumentsDecorator object at 0x7cf10e007940>, verb_extension=<colcon_core.verb.build.BuildVerb object at 0x7cf10e5bbac0>, main=<bound method BuildVerb.main of <colcon_core.verb.build.BuildVerb object at 0x7cf10e5bbac0>>)
[1.158s] Level 1:colcon.colcon_core.package_discovery:discover_packages(colcon_meta) check parameters
[1.158s] Level 1:colcon.colcon_core.package_discovery:discover_packages(recursive) check parameters
[1.158s] Level 1:colcon.colcon_core.package_discovery:discover_packages(ignore) check parameters
[1.158s] Level 1:colcon.colcon_core.package_discovery:discover_packages(path) check parameters
[1.158s] Level 1:colcon.colcon_core.package_discovery:discover_packages(colcon_meta) discover
[1.158s] Level 1:colcon.colcon_core.package_discovery:discover_packages(recursive) discover
[1.158s] INFO:colcon.colcon_core.package_discovery:Crawling recursively for packages in '/home/zulal/gazebo_ws'
[1.158s] Level 1:colcon.colcon_core.package_identification:_identify(.) by extensions ['ignore', 'ignore_ament_install']
[1.158s] Level 1:colcon.colcon_core.package_identification:_identify(.) by extension 'ignore'
[1.159s] Level 1:colcon.colcon_core.package_identification:_identify(.) by extension 'ignore_ament_install'
[1.159s] Level 1:colcon.colcon_core.package_identification:_identify(.) by extensions ['colcon_pkg']
[1.159s] Level 1:colcon.colcon_core.package_identification:_identify(.) by extension 'colcon_pkg'
[1.159s] Level 1:colcon.colcon_core.package_identification:_identify(.) by extensions ['colcon_meta']
[1.159s] Level 1:colcon.colcon_core.package_identification:_identify(.) by extension 'colcon_meta'
[1.159s] Level 1:colcon.colcon_core.package_identification:_identify(.) by extensions ['ros']
[1.159s] Level 1:colcon.colcon_core.package_identification:_identify(.) by extension 'ros'
[1.168s] Level 1:colcon.colcon_core.package_identification:_identify(.) by extensions ['cmake', 'python']
[1.168s] Level 1:colcon.colcon_core.package_identification:_identify(.) by extension 'cmake'
[1.168s] Level 1:colcon.colcon_core.package_identification:_identify(.) by extension 'python'
[1.169s] Level 1:colcon.colcon_core.package_identification:_identify(.) by extensions ['python_setup_py']
[1.169s] Level 1:colcon.colcon_core.package_identification:_identify(.) by extension 'python_setup_py'
[1.169s] Level 1:colcon.colcon_core.package_identification:_identify(build) by extensions ['ignore', 'ignore_ament_install']
[1.169s] Level 1:colcon.colcon_core.package_identification:_identify(build) by extension 'ignore'
[1.169s] Level 1:colcon.colcon_core.package_identification:_identify(build) ignored
[1.169s] Level 1:colcon.colcon_core.package_identification:_identify(install) by extensions ['ignore', 'ignore_ament_install']
[1.169s] Level 1:colcon.colcon_core.package_identification:_identify(install) by extension 'ignore'
[1.169s] Level 1:colcon.colcon_core.package_identification:_identify(install) ignored
[1.169s] Level 1:colcon.colcon_core.package_identification:_identify(log) by extensions ['ignore', 'ignore_ament_install']
[1.169s] Level 1:colcon.colcon_core.package_identification:_identify(log) by extension 'ignore'
[1.169s] Level 1:colcon.colcon_core.package_identification:_identify(log) ignored
[1.169s] Level 1:colcon.colcon_core.package_identification:_identify(src) by extensions ['ignore', 'ignore_ament_install']
[1.170s] Level 1:colcon.colcon_core.package_identification:_identify(src) by extension 'ignore'
[1.170s] Level 1:colcon.colcon_core.package_identification:_identify(src) by extension 'ignore_ament_install'
[1.170s] Level 1:colcon.colcon_core.package_identification:_identify(src) by extensions ['colcon_pkg']
[1.170s] Level 1:colcon.colcon_core.package_identification:_identify(src) by extension 'colcon_pkg'
[1.170s] Level 1:colcon.colcon_core.package_identification:_identify(src) by extensions ['colcon_meta']
[1.170s] Level 1:colcon.colcon_core.package_identification:_identify(src) by extension 'colcon_meta'
[1.170s] Level 1:colcon.colcon_core.package_identification:_identify(src) by extensions ['ros']
[1.170s] Level 1:colcon.colcon_core.package_identification:_identify(src) by extension 'ros'
[1.170s] Level 1:colcon.colcon_core.package_identification:_identify(src) by extensions ['cmake', 'python']
[1.170s] Level 1:colcon.colcon_core.package_identification:_identify(src) by extension 'cmake'
[1.170s] Level 1:colcon.colcon_core.package_identification:_identify(src) by extension 'python'
[1.170s] Level 1:colcon.colcon_core.package_identification:_identify(src) by extensions ['python_setup_py']
[1.170s] Level 1:colcon.colcon_core.package_identification:_identify(src) by extension 'python_setup_py'
[1.170s] Level 1:colcon.colcon_core.package_identification:_identify(src/vr_sim) by extensions ['ignore', 'ignore_ament_install']
[1.170s] Level 1:colcon.colcon_core.package_identification:_identify(src/vr_sim) by extension 'ignore'
[1.170s] Level 1:colcon.colcon_core.package_identification:_identify(src/vr_sim) by extension 'ignore_ament_install'
[1.170s] Level 1:colcon.colcon_core.package_identification:_identify(src/vr_sim) by extensions ['colcon_pkg']
[1.170s] Level 1:colcon.colcon_core.package_identification:_identify(src/vr_sim) by extension 'colcon_pkg'
[1.170s] Level 1:colcon.colcon_core.package_identification:_identify(src/vr_sim) by extensions ['colcon_meta']
[1.170s] Level 1:colcon.colcon_core.package_identification:_identify(src/vr_sim) by extension 'colcon_meta'
[1.171s] Level 1:colcon.colcon_core.package_identification:_identify(src/vr_sim) by extensions ['ros']
[1.171s] Level 1:colcon.colcon_core.package_identification:_identify(src/vr_sim) by extension 'ros'
[1.183s] DEBUG:colcon.colcon_core.package_identification:Package 'src/vr_sim' with type 'ros.ament_cmake' and name 'vr_sim'
[1.184s] Level 1:colcon.colcon_core.package_discovery:discover_packages(recursive) using defaults
[1.184s] Level 1:colcon.colcon_core.package_discovery:discover_packages(ignore) discover
[1.184s] Level 1:colcon.colcon_core.package_discovery:discover_packages(ignore) using defaults
[1.184s] Level 1:colcon.colcon_core.package_discovery:discover_packages(path) discover
[1.184s] Level 1:colcon.colcon_core.package_discovery:discover_packages(path) using defaults
[1.276s] Level 1:colcon.colcon_core.package_discovery:discover_packages(prefix_path) check parameters
[1.276s] Level 1:colcon.colcon_core.package_discovery:discover_packages(prefix_path) discover
[1.307s] DEBUG:colcon.colcon_installed_package_information.package_discovery:Found 1 installed packages in /home/zulal/gazebo_ws/install
[1.337s] DEBUG:colcon.colcon_installed_package_information.package_discovery:Found 7 installed packages in /home/zulal/veesion/catkin_ws_ov/install
[1.356s] DEBUG:colcon.colcon_installed_package_information.package_discovery:Found 409 installed packages in /opt/ros/humble
[1.357s] Level 1:colcon.colcon_core.package_discovery:discover_packages(prefix_path) using defaults
[1.470s] Level 5:colcon.colcon_core.verb:set package 'vr_sim' build argument 'cmake_args' from command line to 'None'
[1.470s] Level 5:colcon.colcon_core.verb:set package 'vr_sim' build argument 'cmake_target' from command line to 'None'
[1.470s] Level 5:colcon.colcon_core.verb:set package 'vr_sim' build argument 'cmake_target_skip_unavailable' from command line to 'False'
[1.470s] Level 5:colcon.colcon_core.verb:set package 'vr_sim' build argument 'cmake_clean_cache' from command line to 'False'
[1.470s] Level 5:colcon.colcon_core.verb:set package 'vr_sim' build argument 'cmake_clean_first' from command line to 'False'
[1.470s] Level 5:colcon.colcon_core.verb:set package 'vr_sim' build argument 'cmake_force_configure' from command line to 'False'
[1.470s] Level 5:colcon.colcon_core.verb:set package 'vr_sim' build argument 'ament_cmake_args' from command line to 'None'
[1.470s] Level 5:colcon.colcon_core.verb:set package 'vr_sim' build argument 'catkin_cmake_args' from command line to 'None'
[1.470s] Level 5:colcon.colcon_core.verb:set package 'vr_sim' build argument 'catkin_skip_building_tests' from command line to 'False'
[1.470s] DEBUG:colcon.colcon_core.verb:Building package 'vr_sim' with the following arguments: {'ament_cmake_args': None, 'build_base': '/home/zulal/gazebo_ws/build/vr_sim', 'catkin_cmake_args': None, 'catkin_skip_building_tests': False, 'cmake_args': None, 'cmake_clean_cache': False, 'cmake_clean_first': False, 'cmake_force_configure': False, 'cmake_target': None, 'cmake_target_skip_unavailable': False, 'install_base': '/home/zulal/gazebo_ws/install/vr_sim', 'merge_install': False, 'path': '/home/zulal/gazebo_ws/src/vr_sim', 'symlink_install': False, 'test_result_base': None}
[1.488s] INFO:colcon.colcon_core.executor:Executing jobs using 'parallel' executor
[1.505s] DEBUG:colcon.colcon_parallel_executor.executor.parallel:run_until_complete
[1.505s] INFO:colcon.colcon_ros.task.ament_cmake.build:Building ROS package in '/home/zulal/gazebo_ws/src/vr_sim' with build type 'ament_cmake'
[1.505s] INFO:colcon.colcon_cmake.task.cmake.build:Building CMake package in '/home/zulal/gazebo_ws/src/vr_sim'
[1.524s] INFO:colcon.colcon_core.plugin_system:Skipping extension 'colcon_core.shell.bat': Not used on non-Windows systems
[1.524s] INFO:colcon.colcon_core.shell:Skip shell extension 'powershell' for command environment: Not usable outside of PowerShell
[1.525s] DEBUG:colcon.colcon_core.shell:Skip shell extension 'dsv' for command environment
[1.628s] DEBUG:colcon.colcon_core.event_handler.log_command:Invoking command in '/home/zulal/gazebo_ws/build/vr_sim': CMAKE_PREFIX_PATH=${CMAKE_PREFIX_PATH}:/opt/ros/humble /usr/bin/cmake --build /home/zulal/gazebo_ws/build/vr_sim -- -j12 -l12
[5.720s] DEBUG:colcon.colcon_core.event_handler.log_command:Invoked command in '/home/zulal/gazebo_ws/build/vr_sim' returned '0': CMAKE_PREFIX_PATH=${CMAKE_PREFIX_PATH}:/opt/ros/humble /usr/bin/cmake --build /home/zulal/gazebo_ws/build/vr_sim -- -j12 -l12
[5.756s] DEBUG:colcon.colcon_core.event_handler.log_command:Invoking command in '/home/zulal/gazebo_ws/build/vr_sim': CMAKE_PREFIX_PATH=${CMAKE_PREFIX_PATH}:/opt/ros/humble /usr/bin/cmake --install /home/zulal/gazebo_ws/build/vr_sim
[5.777s] Level 1:colcon.colcon_core.environment:create_environment_scripts_only(vr_sim)
[5.778s] DEBUG:colcon.colcon_core.event_handler.log_command:Invoked command in '/home/zulal/gazebo_ws/build/vr_sim' returned '0': CMAKE_PREFIX_PATH=${CMAKE_PREFIX_PATH}:/opt/ros/humble /usr/bin/cmake --install /home/zulal/gazebo_ws/build/vr_sim
[5.797s] Level 1:colcon.colcon_core.environment:checking '/home/zulal/gazebo_ws/install/vr_sim' for CMake module files
[5.797s] Level 1:colcon.colcon_core.environment:checking '/home/zulal/gazebo_ws/install/vr_sim' for CMake config files
[5.798s] Level 1:colcon.colcon_core.shell:create_environment_hook('vr_sim', 'cmake_prefix_path')
[5.816s] INFO:colcon.colcon_core.shell:Creating environment hook '/home/zulal/gazebo_ws/install/vr_sim/share/vr_sim/hook/cmake_prefix_path.ps1'
[5.817s] INFO:colcon.colcon_core.shell:Creating environment descriptor '/home/zulal/gazebo_ws/install/vr_sim/share/vr_sim/hook/cmake_prefix_path.dsv'
[5.818s] INFO:colcon.colcon_core.shell:Creating environment hook '/home/zulal/gazebo_ws/install/vr_sim/share/vr_sim/hook/cmake_prefix_path.sh'
[5.819s] Level 1:colcon.colcon_core.environment:checking '/home/zulal/gazebo_ws/install/vr_sim/lib'
[5.819s] Level 1:colcon.colcon_core.environment:checking '/home/zulal/gazebo_ws/install/vr_sim/bin'
[5.819s] Level 1:colcon.colcon_core.environment:checking '/home/zulal/gazebo_ws/install/vr_sim/lib/pkgconfig/vr_sim.pc'
[5.819s] Level 1:colcon.colcon_core.environment:checking '/home/zulal/gazebo_ws/install/vr_sim/lib/python3.10/site-packages'
[5.820s] Level 1:colcon.colcon_core.environment:checking '/home/zulal/gazebo_ws/install/vr_sim/bin'
[5.836s] INFO:colcon.colcon_core.shell:Creating package script '/home/zulal/gazebo_ws/install/vr_sim/share/vr_sim/package.ps1'
[5.837s] INFO:colcon.colcon_core.shell:Creating package descriptor '/home/zulal/gazebo_ws/install/vr_sim/share/vr_sim/package.dsv'
[5.837s] INFO:colcon.colcon_core.shell:Creating package script '/home/zulal/gazebo_ws/install/vr_sim/share/vr_sim/package.sh'
[5.838s] INFO:colcon.colcon_core.shell:Creating package script '/home/zulal/gazebo_ws/install/vr_sim/share/vr_sim/package.bash'
[5.839s] INFO:colcon.colcon_core.shell:Creating package script '/home/zulal/gazebo_ws/install/vr_sim/share/vr_sim/package.zsh'
[5.839s] Level 1:colcon.colcon_core.environment:create_file_with_runtime_dependencies(/home/zulal/gazebo_ws/install/vr_sim/share/colcon-core/packages/vr_sim)
[5.884s] Level 1:colcon.colcon_core.environment:create_environment_scripts_only(vr_sim)
[5.900s] Level 1:colcon.colcon_core.environment:checking '/home/zulal/gazebo_ws/install/vr_sim' for CMake module files
[5.901s] Level 1:colcon.colcon_core.environment:checking '/home/zulal/gazebo_ws/install/vr_sim' for CMake config files
[5.901s] Level 1:colcon.colcon_core.shell:create_environment_hook('vr_sim', 'cmake_prefix_path')
[5.920s] INFO:colcon.colcon_core.shell:Creating environment hook '/home/zulal/gazebo_ws/install/vr_sim/share/vr_sim/hook/cmake_prefix_path.ps1'
[5.921s] INFO:colcon.colcon_core.shell:Creating environment descriptor '/home/zulal/gazebo_ws/install/vr_sim/share/vr_sim/hook/cmake_prefix_path.dsv'
[5.921s] INFO:colcon.colcon_core.shell:Creating environment hook '/home/zulal/gazebo_ws/install/vr_sim/share/vr_sim/hook/cmake_prefix_path.sh'
[5.921s] Level 1:colcon.colcon_core.environment:checking '/home/zulal/gazebo_ws/install/vr_sim/lib'
[5.921s] Level 1:colcon.colcon_core.environment:checking '/home/zulal/gazebo_ws/install/vr_sim/bin'
[5.921s] Level 1:colcon.colcon_core.environment:checking '/home/zulal/gazebo_ws/install/vr_sim/lib/pkgconfig/vr_sim.pc'
[5.922s] Level 1:colcon.colcon_core.environment:checking '/home/zulal/gazebo_ws/install/vr_sim/lib/python3.10/site-packages'
[5.922s] Level 1:colcon.colcon_core.environment:checking '/home/zulal/gazebo_ws/install/vr_sim/bin'
[5.941s] INFO:colcon.colcon_core.shell:Creating package script '/home/zulal/gazebo_ws/install/vr_sim/share/vr_sim/package.ps1'
[5.942s] INFO:colcon.colcon_core.shell:Creating package descriptor '/home/zulal/gazebo_ws/install/vr_sim/share/vr_sim/package.dsv'
[5.942s] INFO:colcon.colcon_core.shell:Creating package script '/home/zulal/gazebo_ws/install/vr_sim/share/vr_sim/package.sh'
[5.942s] INFO:colcon.colcon_core.shell:Creating package script '/home/zulal/gazebo_ws/install/vr_sim/share/vr_sim/package.bash'
[5.943s] INFO:colcon.colcon_core.shell:Creating package script '/home/zulal/gazebo_ws/install/vr_sim/share/vr_sim/package.zsh'
[5.943s] Level 1:colcon.colcon_core.environment:create_file_with_runtime_dependencies(/home/zulal/gazebo_ws/install/vr_sim/share/colcon-core/packages/vr_sim)
[5.943s] DEBUG:colcon.colcon_parallel_executor.executor.parallel:closing loop
[5.944s] DEBUG:colcon.colcon_parallel_executor.executor.parallel:loop closed
[5.944s] DEBUG:colcon.colcon_parallel_executor.executor.parallel:run_until_complete finished with '0'
[5.944s] DEBUG:colcon.colcon_core.event_reactor:joining thread
[5.972s] INFO:colcon.colcon_core.plugin_system:Skipping extension 'colcon_notification.desktop_notification.terminal_notifier': Not used on non-Darwin systems
[5.972s] INFO:colcon.colcon_core.plugin_system:Skipping extension 'colcon_notification.desktop_notification.win32': Not used on non-Windows systems
[5.972s] INFO:colcon.colcon_notification.desktop_notification:Sending desktop notification using 'notify2'
[5.987s] DEBUG:colcon.colcon_core.event_reactor:joined thread
[6.011s] INFO:colcon.colcon_core.shell:Creating prefix script '/home/zulal/gazebo_ws/install/local_setup.ps1'
[6.011s] INFO:colcon.colcon_core.shell:Creating prefix util module '/home/zulal/gazebo_ws/install/_local_setup_util_ps1.py'
[6.013s] INFO:colcon.colcon_core.shell:Creating prefix chain script '/home/zulal/gazebo_ws/install/setup.ps1'
[6.032s] INFO:colcon.colcon_core.shell:Creating prefix script '/home/zulal/gazebo_ws/install/local_setup.sh'
[6.032s] INFO:colcon.colcon_core.shell:Creating prefix util module '/home/zulal/gazebo_ws/install/_local_setup_util_sh.py'
[6.033s] INFO:colcon.colcon_core.shell:Creating prefix chain script '/home/zulal/gazebo_ws/install/setup.sh'
[6.054s] INFO:colcon.colcon_core.shell:Creating prefix script '/home/zulal/gazebo_ws/install/local_setup.bash'
[6.054s] INFO:colcon.colcon_core.shell:Creating prefix chain script '/home/zulal/gazebo_ws/install/setup.bash'
[6.075s] INFO:colcon.colcon_core.shell:Creating prefix script '/home/zulal/gazebo_ws/install/local_setup.zsh'
[6.076s] INFO:colcon.colcon_core.shell:Creating prefix chain script '/home/zulal/gazebo_ws/install/setup.zsh'
