[35m[1mConsolidate compiler generated dependencies of target sphere_mover[0m
[ 66%] Built target robot_tf_publisher
[ 66%] Built target robot_movement
[100%] Built target sphere_mover
-- Install configuration: ""
-- Execute custom install script
-- Up-to-date symlink: /home/zulal/gazebo_ws/install/vr_sim/share/vr_sim//launch/gazebo.launch.py
-- Symlinking: /home/zulal/gazebo_ws/install/vr_sim/share/vr_sim//launch/gazebo2.launch.py
-- Up-to-date symlink: /home/zulal/gazebo_ws/install/vr_sim/share/vr_sim//urdf/sphere.urdf
-- Up-to-date symlink: /home/zulal/gazebo_ws/install/vr_sim/share/vr_sim//urdf/sphere2.urdf
-- Up-to-date symlink: /home/zulal/gazebo_ws/install/vr_sim/share/vr_sim//worlds/model1.world
-- Up-to-date symlink: /home/zulal/gazebo_ws/install/vr_sim/share/vr_sim//meshes/head_model1.stl
-- Up-to-date symlink: /home/zulal/gazebo_ws/install/vr_sim/lib/vr_sim/robot_movement
-- Up-to-date symlink: /home/zulal/gazebo_ws/install/vr_sim/lib/vr_sim/robot_tf_publisher
-- Up-to-date symlink: /home/zulal/gazebo_ws/install/vr_sim/lib/vr_sim/sphere_mover
-- Up-to-date symlink: /home/zulal/gazebo_ws/install/vr_sim/share/ament_index/resource_index/package_run_dependencies/vr_sim
-- Up-to-date symlink: /home/zulal/gazebo_ws/install/vr_sim/share/ament_index/resource_index/parent_prefix_path/vr_sim
-- Up-to-date symlink: /home/zulal/gazebo_ws/install/vr_sim/share/vr_sim/environment/ament_prefix_path.sh
-- Up-to-date symlink: /home/zulal/gazebo_ws/install/vr_sim/share/vr_sim/environment/ament_prefix_path.dsv
-- Up-to-date symlink: /home/zulal/gazebo_ws/install/vr_sim/share/vr_sim/environment/path.sh
-- Up-to-date symlink: /home/zulal/gazebo_ws/install/vr_sim/share/vr_sim/environment/path.dsv
-- Up-to-date symlink: /home/zulal/gazebo_ws/install/vr_sim/share/vr_sim/local_setup.bash
-- Up-to-date symlink: /home/zulal/gazebo_ws/install/vr_sim/share/vr_sim/local_setup.sh
-- Up-to-date symlink: /home/zulal/gazebo_ws/install/vr_sim/share/vr_sim/local_setup.zsh
-- Up-to-date symlink: /home/zulal/gazebo_ws/install/vr_sim/share/vr_sim/local_setup.dsv
-- Symlinking: /home/zulal/gazebo_ws/install/vr_sim/share/vr_sim/package.dsv
-- Up-to-date symlink: /home/zulal/gazebo_ws/install/vr_sim/share/ament_index/resource_index/packages/vr_sim
-- Up-to-date symlink: /home/zulal/gazebo_ws/install/vr_sim/share/vr_sim/cmake/vr_simConfig.cmake
-- Up-to-date symlink: /home/zulal/gazebo_ws/install/vr_sim/share/vr_sim/cmake/vr_simConfig-version.cmake
-- Up-to-date symlink: /home/zulal/gazebo_ws/install/vr_sim/share/vr_sim/package.xml
