[0.402s] Invoking command in '/home/zulal/gazebo_ws/build/vr_sim': CMAKE_PREFIX_PATH=${CMAKE_PREFIX_PATH}:/home/zulal/gazebo_ws/install/tf_server:/opt/ros/humble /usr/bin/cmake --build /home/zulal/gazebo_ws/build/vr_sim -- -j12 -l12
[0.449s] [100%] Built target sphere_mover
[0.449s] [100%] Built target robot_tf_publisher
[0.449s] [100%] Built target robot_movement
[0.457s] Invoked command in '/home/zulal/gazebo_ws/build/vr_sim' returned '0': CMAKE_PREFIX_PATH=${CMAKE_PREFIX_PATH}:/home/zulal/gazebo_ws/install/tf_server:/opt/ros/humble /usr/bin/cmake --build /home/zulal/gazebo_ws/build/vr_sim -- -j12 -l12
[0.487s] Invoking command in '/home/zulal/gazebo_ws/build/vr_sim': CMAKE_PREFIX_PATH=${CMAKE_PREFIX_PATH}:/home/zulal/gazebo_ws/install/tf_server:/opt/ros/humble /usr/bin/cmake --install /home/zulal/gazebo_ws/build/vr_sim
[0.493s] -- Install configuration: ""
[0.493s] -- Execute custom install script
[0.493s] -- Up-to-date symlink: /home/zulal/gazebo_ws/install/vr_sim/share/vr_sim//launch/gazebo.launch.py
[0.493s] -- Up-to-date symlink: /home/zulal/gazebo_ws/install/vr_sim/share/vr_sim//launch/gazebo1c.launch.py
[0.494s] -- Up-to-date symlink: /home/zulal/gazebo_ws/install/vr_sim/share/vr_sim//launch/gazebo2.launch.py
[0.494s] -- Up-to-date symlink: /home/zulal/gazebo_ws/install/vr_sim/share/vr_sim//urdf/head_model.urdf
[0.494s] -- Up-to-date symlink: /home/zulal/gazebo_ws/install/vr_sim/share/vr_sim//urdf/sphere.urdf
[0.494s] -- Up-to-date symlink: /home/zulal/gazebo_ws/install/vr_sim/share/vr_sim//urdf/sphere2.urdf
[0.494s] -- Up-to-date symlink: /home/zulal/gazebo_ws/install/vr_sim/share/vr_sim//worlds/cafe.world
[0.494s] -- Up-to-date symlink: /home/zulal/gazebo_ws/install/vr_sim/share/vr_sim//worlds/house.world
[0.494s] -- Up-to-date symlink: /home/zulal/gazebo_ws/install/vr_sim/share/vr_sim//worlds/model1.world
[0.494s] -- Up-to-date symlink: /home/zulal/gazebo_ws/install/vr_sim/share/vr_sim//worlds/office.world
[0.494s] -- Up-to-date symlink: /home/zulal/gazebo_ws/install/vr_sim/share/vr_sim//meshes/head_model.stl
[0.497s] -- Up-to-date symlink: /home/zulal/gazebo_ws/install/vr_sim/share/vr_sim//models/book_open/materials/scripts/book_page.material
[0.497s] -- Up-to-date symlink: /home/zulal/gazebo_ws/install/vr_sim/share/vr_sim//models/book_open/materials/textures/page.jpg
[0.497s] -- Up-to-date symlink: /home/zulal/gazebo_ws/install/vr_sim/share/vr_sim//models/book_open/meshes/cover.dae
[0.497s] -- Up-to-date symlink: /home/zulal/gazebo_ws/install/vr_sim/share/vr_sim//models/book_open/meshes/open_book.dae
[0.497s] -- Up-to-date symlink: /home/zulal/gazebo_ws/install/vr_sim/share/vr_sim//models/book_open/meshes/open_page.dae
[0.497s] -- Up-to-date symlink: /home/zulal/gazebo_ws/install/vr_sim/share/vr_sim//models/book_open/meshes/pages.dae
[0.497s] -- Up-to-date symlink: /home/zulal/gazebo_ws/install/vr_sim/share/vr_sim//models/book_open/model.config
[0.497s] -- Up-to-date symlink: /home/zulal/gazebo_ws/install/vr_sim/share/vr_sim//models/book_open/model.sdf
[0.497s] -- Up-to-date symlink: /home/zulal/gazebo_ws/install/vr_sim/share/vr_sim//models/chair_3/meshes/model.dae
[0.498s] -- Up-to-date symlink: /home/zulal/gazebo_ws/install/vr_sim/share/vr_sim//models/chair_3/model.config
[0.498s] -- Up-to-date symlink: /home/zulal/gazebo_ws/install/vr_sim/share/vr_sim//models/chair_3/model.sdf
[0.498s] -- Up-to-date symlink: /home/zulal/gazebo_ws/install/vr_sim/share/vr_sim//models/chair_set_2/materials/scripts/chair_set_2.material
[0.498s] -- Up-to-date symlink: /home/zulal/gazebo_ws/install/vr_sim/share/vr_sim//models/chair_set_2/materials/textures/fabric_green.jpg
[0.498s] -- Up-to-date symlink: /home/zulal/gazebo_ws/install/vr_sim/share/vr_sim//models/chair_set_2/meshes/chair_cushions.dae
[0.498s] -- Up-to-date symlink: /home/zulal/gazebo_ws/install/vr_sim/share/vr_sim//models/chair_set_2/meshes/chair_frame.dae
[0.498s] -- Up-to-date symlink: /home/zulal/gazebo_ws/install/vr_sim/share/vr_sim//models/chair_set_2/meshes/chair_full.dae
[0.498s] -- Up-to-date symlink: /home/zulal/gazebo_ws/install/vr_sim/share/vr_sim//models/chair_set_2/meshes/model.dae
[0.499s] -- Up-to-date symlink: /home/zulal/gazebo_ws/install/vr_sim/share/vr_sim//models/chair_set_2/model.config
[0.499s] -- Up-to-date symlink: /home/zulal/gazebo_ws/install/vr_sim/share/vr_sim//models/chair_set_2/model.sdf
[0.499s] -- Up-to-date symlink: /home/zulal/gazebo_ws/install/vr_sim/share/vr_sim//models/coffee_machine/materials/scripts/coffee_body.material
[0.499s] -- Up-to-date symlink: /home/zulal/gazebo_ws/install/vr_sim/share/vr_sim//models/coffee_machine/materials/scripts/coffee_drain.material
[0.499s] -- Up-to-date symlink: /home/zulal/gazebo_ws/install/vr_sim/share/vr_sim//models/coffee_machine/materials/scripts/coffee_panel.material
[0.499s] -- Up-to-date symlink: /home/zulal/gazebo_ws/install/vr_sim/share/vr_sim//models/coffee_machine/materials/scripts/coffee_shaft.material
[0.499s] -- Up-to-date symlink: /home/zulal/gazebo_ws/install/vr_sim/share/vr_sim//models/coffee_machine/materials/textures/black_metal.jpg
[0.499s] -- Up-to-date symlink: /home/zulal/gazebo_ws/install/vr_sim/share/vr_sim//models/coffee_machine/materials/textures/drain.jpg
[0.499s] -- Up-to-date symlink: /home/zulal/gazebo_ws/install/vr_sim/share/vr_sim//models/coffee_machine/materials/textures/panel.jpg
[0.500s] -- Up-to-date symlink: /home/zulal/gazebo_ws/install/vr_sim/share/vr_sim//models/coffee_machine/materials/textures/steel.jpg
[0.500s] -- Up-to-date symlink: /home/zulal/gazebo_ws/install/vr_sim/share/vr_sim//models/coffee_machine/meshes/body.dae
[0.500s] -- Up-to-date symlink: /home/zulal/gazebo_ws/install/vr_sim/share/vr_sim//models/coffee_machine/meshes/coffee_machine.dae
[0.500s] -- Up-to-date symlink: /home/zulal/gazebo_ws/install/vr_sim/share/vr_sim//models/coffee_machine/meshes/drain.dae
[0.500s] -- Up-to-date symlink: /home/zulal/gazebo_ws/install/vr_sim/share/vr_sim//models/coffee_machine/meshes/model.dae
[0.500s] -- Up-to-date symlink: /home/zulal/gazebo_ws/install/vr_sim/share/vr_sim//models/coffee_machine/meshes/panel.dae
[0.500s] -- Up-to-date symlink: /home/zulal/gazebo_ws/install/vr_sim/share/vr_sim//models/coffee_machine/meshes/sivler.dae
[0.500s] -- Up-to-date symlink: /home/zulal/gazebo_ws/install/vr_sim/share/vr_sim//models/coffee_machine/model.config
[0.500s] -- Up-to-date symlink: /home/zulal/gazebo_ws/install/vr_sim/share/vr_sim//models/coffee_machine/model.sdf
[0.500s] -- Up-to-date symlink: /home/zulal/gazebo_ws/install/vr_sim/share/vr_sim//models/computer_case/meshes/case.dae
[0.501s] -- Up-to-date symlink: /home/zulal/gazebo_ws/install/vr_sim/share/vr_sim//models/computer_case/model.config
[0.501s] -- Up-to-date symlink: /home/zulal/gazebo_ws/install/vr_sim/share/vr_sim//models/computer_case/model.sdf
[0.501s] -- Up-to-date symlink: /home/zulal/gazebo_ws/install/vr_sim/share/vr_sim//models/cup_paper/meshes/base.dae
[0.501s] -- Up-to-date symlink: /home/zulal/gazebo_ws/install/vr_sim/share/vr_sim//models/cup_paper/meshes/lid.dae
[0.501s] -- Up-to-date symlink: /home/zulal/gazebo_ws/install/vr_sim/share/vr_sim//models/cup_paper/model.config
[0.501s] -- Up-to-date symlink: /home/zulal/gazebo_ws/install/vr_sim/share/vr_sim//models/cup_paper/model.sdf
[0.501s] -- Up-to-date symlink: /home/zulal/gazebo_ws/install/vr_sim/share/vr_sim//models/desk_brown/materials/scripts/desk_brown.material
[0.501s] -- Up-to-date symlink: /home/zulal/gazebo_ws/install/vr_sim/share/vr_sim//models/desk_brown/materials/textures/des_b.jpg
[0.502s] -- Up-to-date symlink: /home/zulal/gazebo_ws/install/vr_sim/share/vr_sim//models/desk_brown/meshes/table.dae
[0.502s] -- Up-to-date symlink: /home/zulal/gazebo_ws/install/vr_sim/share/vr_sim//models/desk_brown/model.config
[0.502s] -- Up-to-date symlink: /home/zulal/gazebo_ws/install/vr_sim/share/vr_sim//models/desk_brown/model.sdf
[0.502s] -- Up-to-date symlink: /home/zulal/gazebo_ws/install/vr_sim/share/vr_sim//models/door_3d/materials/scripts/door_3d.material
[0.502s] -- Up-to-date symlink: /home/zulal/gazebo_ws/install/vr_sim/share/vr_sim//models/door_3d/materials/scripts/door_handle.material
[0.502s] -- Up-to-date symlink: /home/zulal/gazebo_ws/install/vr_sim/share/vr_sim//models/door_3d/materials/textures/door_3d.jpg
[0.502s] -- Up-to-date symlink: /home/zulal/gazebo_ws/install/vr_sim/share/vr_sim//models/door_3d/materials/textures/silver_door.jpg
[0.502s] -- Up-to-date symlink: /home/zulal/gazebo_ws/install/vr_sim/share/vr_sim//models/door_3d/meshes/door.dae
[0.503s] -- Up-to-date symlink: /home/zulal/gazebo_ws/install/vr_sim/share/vr_sim//models/door_3d/meshes/door_v2.dae
[0.503s] -- Up-to-date symlink: /home/zulal/gazebo_ws/install/vr_sim/share/vr_sim//models/door_3d/meshes/door_v2_door.dae
[0.503s] -- Up-to-date symlink: /home/zulal/gazebo_ws/install/vr_sim/share/vr_sim//models/door_3d/meshes/door_v2_handle.dae
[0.503s] -- Up-to-date symlink: /home/zulal/gazebo_ws/install/vr_sim/share/vr_sim//models/door_3d/meshes/model.dae
[0.503s] -- Up-to-date symlink: /home/zulal/gazebo_ws/install/vr_sim/share/vr_sim//models/door_3d/model.config
[0.503s] -- Up-to-date symlink: /home/zulal/gazebo_ws/install/vr_sim/share/vr_sim//models/door_3d/model.sdf
[0.503s] -- Up-to-date symlink: /home/zulal/gazebo_ws/install/vr_sim/share/vr_sim//models/file_1/meshes/body.dae
[0.503s] -- Up-to-date symlink: /home/zulal/gazebo_ws/install/vr_sim/share/vr_sim//models/file_1/meshes/model.dae
[0.503s] -- Up-to-date symlink: /home/zulal/gazebo_ws/install/vr_sim/share/vr_sim//models/file_1/meshes/ring.dae
[0.504s] -- Up-to-date symlink: /home/zulal/gazebo_ws/install/vr_sim/share/vr_sim//models/file_1/meshes/tag.dae
[0.504s] -- Up-to-date symlink: /home/zulal/gazebo_ws/install/vr_sim/share/vr_sim//models/file_1/model.config
[0.504s] -- Up-to-date symlink: /home/zulal/gazebo_ws/install/vr_sim/share/vr_sim//models/file_1/model.sdf
[0.504s] -- Up-to-date symlink: /home/zulal/gazebo_ws/install/vr_sim/share/vr_sim//models/file_2/materials/scripts/file_2_metal.material
[0.504s] -- Up-to-date symlink: /home/zulal/gazebo_ws/install/vr_sim/share/vr_sim//models/file_2/materials/textures/Metal_Rough.jpg
[0.504s] -- Up-to-date symlink: /home/zulal/gazebo_ws/install/vr_sim/share/vr_sim//models/file_2/meshes/body.dae
[0.504s] -- Up-to-date symlink: /home/zulal/gazebo_ws/install/vr_sim/share/vr_sim//models/file_2/meshes/metal.dae
[0.504s] -- Up-to-date symlink: /home/zulal/gazebo_ws/install/vr_sim/share/vr_sim//models/file_2/meshes/model.dae
[0.505s] -- Up-to-date symlink: /home/zulal/gazebo_ws/install/vr_sim/share/vr_sim//models/file_2/meshes/tag.dae
[0.505s] -- Up-to-date symlink: /home/zulal/gazebo_ws/install/vr_sim/share/vr_sim//models/file_2/model.config
[0.505s] -- Up-to-date symlink: /home/zulal/gazebo_ws/install/vr_sim/share/vr_sim//models/file_2/model.sdf
[0.505s] -- Up-to-date symlink: /home/zulal/gazebo_ws/install/vr_sim/share/vr_sim//models/file_2/model/Metal_Rough.jpg
[0.505s] -- Up-to-date symlink: /home/zulal/gazebo_ws/install/vr_sim/share/vr_sim//models/file_2/model/texture.png
[0.505s] -- Up-to-date symlink: /home/zulal/gazebo_ws/install/vr_sim/share/vr_sim//models/file_box_4/materials/scripts/file_box.material
[0.505s] -- Up-to-date symlink: /home/zulal/gazebo_ws/install/vr_sim/share/vr_sim//models/file_box_4/materials/textures/Woven_Slate_Blue.jpg
[0.505s] -- Up-to-date symlink: /home/zulal/gazebo_ws/install/vr_sim/share/vr_sim//models/file_box_4/meshes/body.dae
[0.506s] -- Up-to-date symlink: /home/zulal/gazebo_ws/install/vr_sim/share/vr_sim//models/file_box_4/meshes/ring.dae
[0.506s] -- Up-to-date symlink: /home/zulal/gazebo_ws/install/vr_sim/share/vr_sim//models/file_box_4/meshes/tag.dae
[0.506s] -- Up-to-date symlink: /home/zulal/gazebo_ws/install/vr_sim/share/vr_sim//models/file_box_4/model.config
[0.506s] -- Up-to-date symlink: /home/zulal/gazebo_ws/install/vr_sim/share/vr_sim//models/file_box_4/model.sdf
[0.506s] -- Up-to-date symlink: /home/zulal/gazebo_ws/install/vr_sim/share/vr_sim//models/file_cabinet_small/materials/scripts/file_black.material
[0.506s] -- Up-to-date symlink: /home/zulal/gazebo_ws/install/vr_sim/share/vr_sim//models/file_cabinet_small/materials/textures/metal_black_2.jpg
[0.506s] -- Up-to-date symlink: /home/zulal/gazebo_ws/install/vr_sim/share/vr_sim//models/file_cabinet_small/meshes/model.dae
[0.507s] -- Up-to-date symlink: /home/zulal/gazebo_ws/install/vr_sim/share/vr_sim//models/file_cabinet_small/model.config
[0.507s] -- Up-to-date symlink: /home/zulal/gazebo_ws/install/vr_sim/share/vr_sim//models/file_cabinet_small/model.sdf
[0.507s] -- Up-to-date symlink: /home/zulal/gazebo_ws/install/vr_sim/share/vr_sim//models/keyboard/meshes/key.dae
[0.507s] -- Up-to-date symlink: /home/zulal/gazebo_ws/install/vr_sim/share/vr_sim//models/keyboard/meshes/key_1.dae
[0.507s] -- Up-to-date symlink: /home/zulal/gazebo_ws/install/vr_sim/share/vr_sim//models/keyboard/meshes/keyboard1.dae
[0.507s] -- Up-to-date symlink: /home/zulal/gazebo_ws/install/vr_sim/share/vr_sim//models/keyboard/meshes/letters.dae
[0.507s] -- Up-to-date symlink: /home/zulal/gazebo_ws/install/vr_sim/share/vr_sim//models/keyboard/model.config
[0.508s] -- Up-to-date symlink: /home/zulal/gazebo_ws/install/vr_sim/share/vr_sim//models/keyboard/model.sdf
[0.508s] -- Up-to-date symlink: /home/zulal/gazebo_ws/install/vr_sim/share/vr_sim//models/labtop_mac_2/materials/scripts/labtop_screen_2.material
[0.508s] -- Up-to-date symlink: /home/zulal/gazebo_ws/install/vr_sim/share/vr_sim//models/labtop_mac_2/materials/textures/labtop_screen2.jpg
[0.508s] -- Up-to-date symlink: /home/zulal/gazebo_ws/install/vr_sim/share/vr_sim//models/labtop_mac_2/meshes/body.dae
[0.508s] -- Up-to-date symlink: /home/zulal/gazebo_ws/install/vr_sim/share/vr_sim//models/labtop_mac_2/meshes/keys.dae
[0.508s] -- Up-to-date symlink: /home/zulal/gazebo_ws/install/vr_sim/share/vr_sim//models/labtop_mac_2/meshes/labtop.dae
[0.508s] -- Up-to-date symlink: /home/zulal/gazebo_ws/install/vr_sim/share/vr_sim//models/labtop_mac_2/meshes/screen.dae
[0.508s] -- Up-to-date symlink: /home/zulal/gazebo_ws/install/vr_sim/share/vr_sim//models/labtop_mac_2/model.config
[0.509s] -- Up-to-date symlink: /home/zulal/gazebo_ws/install/vr_sim/share/vr_sim//models/labtop_mac_2/model.sdf
[0.509s] -- Up-to-date symlink: /home/zulal/gazebo_ws/install/vr_sim/share/vr_sim//models/laptop_pc_1/materials/scripts/laptop_pc_lines.material
[0.509s] -- Up-to-date symlink: /home/zulal/gazebo_ws/install/vr_sim/share/vr_sim//models/laptop_pc_1/materials/scripts/laptop_pc_screen_1.material
[0.509s] -- Up-to-date symlink: /home/zulal/gazebo_ws/install/vr_sim/share/vr_sim//models/laptop_pc_1/materials/scripts/laptop_pc_silver.material
[0.509s] -- Up-to-date symlink: /home/zulal/gazebo_ws/install/vr_sim/share/vr_sim//models/laptop_pc_1/materials/textures/metal_red.jpg
[0.509s] -- Up-to-date symlink: /home/zulal/gazebo_ws/install/vr_sim/share/vr_sim//models/laptop_pc_1/materials/textures/screen_1_pc.jpg
[0.509s] -- Up-to-date symlink: /home/zulal/gazebo_ws/install/vr_sim/share/vr_sim//models/laptop_pc_1/materials/textures/screen_2_pc.jpg
[0.509s] -- Up-to-date symlink: /home/zulal/gazebo_ws/install/vr_sim/share/vr_sim//models/laptop_pc_1/materials/textures/silver.jpg
[0.510s] -- Up-to-date symlink: /home/zulal/gazebo_ws/install/vr_sim/share/vr_sim//models/laptop_pc_1/meshes/body.dae
[0.510s] -- Up-to-date symlink: /home/zulal/gazebo_ws/install/vr_sim/share/vr_sim//models/laptop_pc_1/meshes/bottom.dae
[0.510s] -- Up-to-date symlink: /home/zulal/gazebo_ws/install/vr_sim/share/vr_sim//models/laptop_pc_1/meshes/keys.dae
[0.510s] -- Up-to-date symlink: /home/zulal/gazebo_ws/install/vr_sim/share/vr_sim//models/laptop_pc_1/meshes/letters.dae
[0.510s] -- Up-to-date symlink: /home/zulal/gazebo_ws/install/vr_sim/share/vr_sim//models/laptop_pc_1/meshes/lines.dae
[0.510s] -- Up-to-date symlink: /home/zulal/gazebo_ws/install/vr_sim/share/vr_sim//models/laptop_pc_1/meshes/mid.dae
[0.510s] -- Up-to-date symlink: /home/zulal/gazebo_ws/install/vr_sim/share/vr_sim//models/laptop_pc_1/meshes/mid2.dae
[0.510s] -- Up-to-date symlink: /home/zulal/gazebo_ws/install/vr_sim/share/vr_sim//models/laptop_pc_1/meshes/mid3.dae
[0.511s] -- Up-to-date symlink: /home/zulal/gazebo_ws/install/vr_sim/share/vr_sim//models/laptop_pc_1/meshes/model.dae
[0.511s] -- Up-to-date symlink: /home/zulal/gazebo_ws/install/vr_sim/share/vr_sim//models/laptop_pc_1/meshes/screen.dae
[0.511s] -- Up-to-date symlink: /home/zulal/gazebo_ws/install/vr_sim/share/vr_sim//models/laptop_pc_1/meshes/silver.dae
[0.511s] -- Up-to-date symlink: /home/zulal/gazebo_ws/install/vr_sim/share/vr_sim//models/laptop_pc_1/model.config
[0.511s] -- Up-to-date symlink: /home/zulal/gazebo_ws/install/vr_sim/share/vr_sim//models/laptop_pc_1/model.sdf
[0.511s] -- Up-to-date symlink: /home/zulal/gazebo_ws/install/vr_sim/share/vr_sim//models/monitor_1/materials/scripts/monitor_screen.material
[0.511s] -- Up-to-date symlink: /home/zulal/gazebo_ws/install/vr_sim/share/vr_sim//models/monitor_1/materials/textures/screen.jpg
[0.512s] -- Up-to-date symlink: /home/zulal/gazebo_ws/install/vr_sim/share/vr_sim//models/monitor_1/meshes/frame.dae
[0.512s] -- Up-to-date symlink: /home/zulal/gazebo_ws/install/vr_sim/share/vr_sim//models/monitor_1/meshes/monitor.dae
[0.512s] -- Up-to-date symlink: /home/zulal/gazebo_ws/install/vr_sim/share/vr_sim//models/monitor_1/meshes/screen1.dae
[0.512s] -- Up-to-date symlink: /home/zulal/gazebo_ws/install/vr_sim/share/vr_sim//models/monitor_1/model.config
[0.512s] -- Up-to-date symlink: /home/zulal/gazebo_ws/install/vr_sim/share/vr_sim//models/monitor_1/model.sdf
[0.512s] -- Up-to-date symlink: /home/zulal/gazebo_ws/install/vr_sim/share/vr_sim//models/monitor_2/materials/scripts/monitor_screen_2.material
[0.512s] -- Up-to-date symlink: /home/zulal/gazebo_ws/install/vr_sim/share/vr_sim//models/monitor_2/materials/textures/aqua_screen.jpg
[0.513s] -- Up-to-date symlink: /home/zulal/gazebo_ws/install/vr_sim/share/vr_sim//models/monitor_2/meshes/frame.dae
[0.513s] -- Up-to-date symlink: /home/zulal/gazebo_ws/install/vr_sim/share/vr_sim//models/monitor_2/meshes/monitor.dae
[0.513s] -- Up-to-date symlink: /home/zulal/gazebo_ws/install/vr_sim/share/vr_sim//models/monitor_2/meshes/screen1.dae
[0.513s] -- Up-to-date symlink: /home/zulal/gazebo_ws/install/vr_sim/share/vr_sim//models/monitor_2/model.config
[0.513s] -- Up-to-date symlink: /home/zulal/gazebo_ws/install/vr_sim/share/vr_sim//models/monitor_2/model.sdf
[0.513s] -- Up-to-date symlink: /home/zulal/gazebo_ws/install/vr_sim/share/vr_sim//models/monitor_3/materials/scripts/monitor_screen_3.material
[0.513s] -- Up-to-date symlink: /home/zulal/gazebo_ws/install/vr_sim/share/vr_sim//models/monitor_3/materials/textures/prog_screen.png
[0.514s] -- Up-to-date symlink: /home/zulal/gazebo_ws/install/vr_sim/share/vr_sim//models/monitor_3/meshes/frame.dae
[0.514s] -- Up-to-date symlink: /home/zulal/gazebo_ws/install/vr_sim/share/vr_sim//models/monitor_3/meshes/monitor.dae
[0.514s] -- Up-to-date symlink: /home/zulal/gazebo_ws/install/vr_sim/share/vr_sim//models/monitor_3/meshes/screen1.dae
[0.514s] -- Up-to-date symlink: /home/zulal/gazebo_ws/install/vr_sim/share/vr_sim//models/monitor_3/model.config
[0.514s] -- Up-to-date symlink: /home/zulal/gazebo_ws/install/vr_sim/share/vr_sim//models/monitor_3/model.sdf
[0.514s] -- Up-to-date symlink: /home/zulal/gazebo_ws/install/vr_sim/share/vr_sim//models/mouse/meshes/mouse.dae
[0.514s] -- Up-to-date symlink: /home/zulal/gazebo_ws/install/vr_sim/share/vr_sim//models/mouse/model.config
[0.515s] -- Up-to-date symlink: /home/zulal/gazebo_ws/install/vr_sim/share/vr_sim//models/mouse/model.sdf
[0.515s] -- Up-to-date symlink: /home/zulal/gazebo_ws/install/vr_sim/share/vr_sim//models/office_chair/meshes/chair_base.dae
[0.515s] -- Up-to-date symlink: /home/zulal/gazebo_ws/install/vr_sim/share/vr_sim//models/office_chair/meshes/chair_cushion.dae
[0.515s] -- Up-to-date symlink: /home/zulal/gazebo_ws/install/vr_sim/share/vr_sim//models/office_chair/meshes/chair_wheels.dae
[0.515s] -- Up-to-date symlink: /home/zulal/gazebo_ws/install/vr_sim/share/vr_sim//models/office_chair/model.config
[0.515s] -- Up-to-date symlink: /home/zulal/gazebo_ws/install/vr_sim/share/vr_sim//models/office_chair/model.sdf
[0.515s] -- Up-to-date symlink: /home/zulal/gazebo_ws/install/vr_sim/share/vr_sim//models/office_small/materials/scripts/Floor.material
[0.516s] -- Up-to-date symlink: /home/zulal/gazebo_ws/install/vr_sim/share/vr_sim//models/office_small/materials/scripts/wall_white.material
[0.516s] -- Up-to-date symlink: /home/zulal/gazebo_ws/install/vr_sim/share/vr_sim//models/office_small/materials/textures/cl1.jpg
[0.516s] -- Up-to-date symlink: /home/zulal/gazebo_ws/install/vr_sim/share/vr_sim//models/office_small/materials/textures/cl2.jpg
[0.516s] -- Up-to-date symlink: /home/zulal/gazebo_ws/install/vr_sim/share/vr_sim//models/office_small/materials/textures/cl3.jpg
[0.516s] -- Up-to-date symlink: /home/zulal/gazebo_ws/install/vr_sim/share/vr_sim//models/office_small/materials/textures/cl4.jpg
[0.516s] -- Up-to-date symlink: /home/zulal/gazebo_ws/install/vr_sim/share/vr_sim//models/office_small/materials/textures/cl5.jpg
[0.516s] -- Up-to-date symlink: /home/zulal/gazebo_ws/install/vr_sim/share/vr_sim//models/office_small/materials/textures/cl6.jpg
[0.517s] -- Up-to-date symlink: /home/zulal/gazebo_ws/install/vr_sim/share/vr_sim//models/office_small/materials/textures/cp1.jpg
[0.517s] -- Up-to-date symlink: /home/zulal/gazebo_ws/install/vr_sim/share/vr_sim//models/office_small/materials/textures/cp10.jpg
[0.517s] -- Up-to-date symlink: /home/zulal/gazebo_ws/install/vr_sim/share/vr_sim//models/office_small/materials/textures/cp11.jpg
[0.517s] -- Up-to-date symlink: /home/zulal/gazebo_ws/install/vr_sim/share/vr_sim//models/office_small/materials/textures/cp12.jpg
[0.517s] -- Up-to-date symlink: /home/zulal/gazebo_ws/install/vr_sim/share/vr_sim//models/office_small/materials/textures/cp2.jpg
[0.517s] -- Up-to-date symlink: /home/zulal/gazebo_ws/install/vr_sim/share/vr_sim//models/office_small/materials/textures/cp3.jpg
[0.517s] -- Up-to-date symlink: /home/zulal/gazebo_ws/install/vr_sim/share/vr_sim//models/office_small/materials/textures/cp4.jpg
[0.517s] -- Up-to-date symlink: /home/zulal/gazebo_ws/install/vr_sim/share/vr_sim//models/office_small/materials/textures/cp5.png
[0.517s] -- Up-to-date symlink: /home/zulal/gazebo_ws/install/vr_sim/share/vr_sim//models/office_small/materials/textures/cp6.jpg
[0.518s] -- Up-to-date symlink: /home/zulal/gazebo_ws/install/vr_sim/share/vr_sim//models/office_small/materials/textures/cp7.jpg
[0.518s] -- Up-to-date symlink: /home/zulal/gazebo_ws/install/vr_sim/share/vr_sim//models/office_small/materials/textures/cp8.jpg
[0.518s] -- Up-to-date symlink: /home/zulal/gazebo_ws/install/vr_sim/share/vr_sim//models/office_small/materials/textures/cp9.jpg
[0.518s] -- Up-to-date symlink: /home/zulal/gazebo_ws/install/vr_sim/share/vr_sim//models/office_small/materials/textures/hd1.jpg
[0.518s] -- Up-to-date symlink: /home/zulal/gazebo_ws/install/vr_sim/share/vr_sim//models/office_small/materials/textures/hd2.gif
[0.518s] -- Up-to-date symlink: /home/zulal/gazebo_ws/install/vr_sim/share/vr_sim//models/office_small/materials/textures/hd3.jpg
[0.518s] -- Up-to-date symlink: /home/zulal/gazebo_ws/install/vr_sim/share/vr_sim//models/office_small/materials/textures/hd4.jpg
[0.518s] -- Up-to-date symlink: /home/zulal/gazebo_ws/install/vr_sim/share/vr_sim//models/office_small/materials/textures/hd5.jpg
[0.519s] -- Up-to-date symlink: /home/zulal/gazebo_ws/install/vr_sim/share/vr_sim//models/office_small/materials/textures/hd6.png
[0.519s] -- Up-to-date symlink: /home/zulal/gazebo_ws/install/vr_sim/share/vr_sim//models/office_small/materials/textures/hd7.jpg
[0.519s] -- Up-to-date symlink: /home/zulal/gazebo_ws/install/vr_sim/share/vr_sim//models/office_small/materials/textures/hd8.jpg
[0.519s] -- Up-to-date symlink: /home/zulal/gazebo_ws/install/vr_sim/share/vr_sim//models/office_small/materials/textures/wall_color_white.jpg
[0.519s] -- Up-to-date symlink: /home/zulal/gazebo_ws/install/vr_sim/share/vr_sim//models/office_small/model.config
[0.519s] -- Up-to-date symlink: /home/zulal/gazebo_ws/install/vr_sim/share/vr_sim//models/office_small/model.sdf
[0.519s] -- Up-to-date symlink: /home/zulal/gazebo_ws/install/vr_sim/share/vr_sim//models/picture_frame_large_2/materials/scripts/frame_text.material
[0.520s] -- Up-to-date symlink: /home/zulal/gazebo_ws/install/vr_sim/share/vr_sim//models/picture_frame_large_2/materials/scripts/pic_frame_large_2.material
[0.520s] -- Up-to-date symlink: /home/zulal/gazebo_ws/install/vr_sim/share/vr_sim//models/picture_frame_large_2/materials/textures/animal.jpg
[0.520s] -- Up-to-date symlink: /home/zulal/gazebo_ws/install/vr_sim/share/vr_sim//models/picture_frame_large_2/materials/textures/frame.jpg
[0.520s] -- Up-to-date symlink: /home/zulal/gazebo_ws/install/vr_sim/share/vr_sim//models/picture_frame_large_2/materials/textures/fruit.jpg
[0.520s] -- Up-to-date symlink: /home/zulal/gazebo_ws/install/vr_sim/share/vr_sim//models/picture_frame_large_2/materials/textures/nature.jpg
[0.520s] -- Up-to-date symlink: /home/zulal/gazebo_ws/install/vr_sim/share/vr_sim//models/picture_frame_large_2/materials/textures/turing.jpg
[0.520s] -- Up-to-date symlink: /home/zulal/gazebo_ws/install/vr_sim/share/vr_sim//models/picture_frame_large_2/meshes/center.dae
[0.520s] -- Up-to-date symlink: /home/zulal/gazebo_ws/install/vr_sim/share/vr_sim//models/picture_frame_large_2/meshes/frame.dae
[0.521s] -- Up-to-date symlink: /home/zulal/gazebo_ws/install/vr_sim/share/vr_sim//models/picture_frame_large_2/model.config
[0.521s] -- Up-to-date symlink: /home/zulal/gazebo_ws/install/vr_sim/share/vr_sim//models/picture_frame_large_2/model.sdf
[0.521s] -- Up-to-date symlink: /home/zulal/gazebo_ws/install/vr_sim/share/vr_sim//models/picture_frame_large_6/materials/scripts/frame_text.material
[0.521s] -- Up-to-date symlink: /home/zulal/gazebo_ws/install/vr_sim/share/vr_sim//models/picture_frame_large_6/materials/scripts/pic_frame_large_6.material
[0.521s] -- Up-to-date symlink: /home/zulal/gazebo_ws/install/vr_sim/share/vr_sim//models/picture_frame_large_6/materials/textures/animal.jpg
[0.521s] -- Up-to-date symlink: /home/zulal/gazebo_ws/install/vr_sim/share/vr_sim//models/picture_frame_large_6/materials/textures/frame.jpg
[0.521s] -- Up-to-date symlink: /home/zulal/gazebo_ws/install/vr_sim/share/vr_sim//models/picture_frame_large_6/materials/textures/fruit.jpg
[0.521s] -- Up-to-date symlink: /home/zulal/gazebo_ws/install/vr_sim/share/vr_sim//models/picture_frame_large_6/materials/textures/nature.jpg
[0.521s] -- Up-to-date symlink: /home/zulal/gazebo_ws/install/vr_sim/share/vr_sim//models/picture_frame_large_6/materials/textures/robot_2.jpg
[0.521s] -- Up-to-date symlink: /home/zulal/gazebo_ws/install/vr_sim/share/vr_sim//models/picture_frame_large_6/materials/textures/turing.jpg
[0.522s] -- Up-to-date symlink: /home/zulal/gazebo_ws/install/vr_sim/share/vr_sim//models/picture_frame_large_6/meshes/center.dae
[0.522s] -- Up-to-date symlink: /home/zulal/gazebo_ws/install/vr_sim/share/vr_sim//models/picture_frame_large_6/meshes/frame.dae
[0.522s] -- Up-to-date symlink: /home/zulal/gazebo_ws/install/vr_sim/share/vr_sim//models/picture_frame_large_6/model.config
[0.522s] -- Up-to-date symlink: /home/zulal/gazebo_ws/install/vr_sim/share/vr_sim//models/picture_frame_large_6/model.sdf
[0.522s] -- Up-to-date symlink: /home/zulal/gazebo_ws/install/vr_sim/share/vr_sim//models/picture_frame_large_7/materials/scripts/frame_text.material
[0.522s] -- Up-to-date symlink: /home/zulal/gazebo_ws/install/vr_sim/share/vr_sim//models/picture_frame_large_7/materials/scripts/pic_frame_large_7.material
[0.522s] -- Up-to-date symlink: /home/zulal/gazebo_ws/install/vr_sim/share/vr_sim//models/picture_frame_large_7/materials/textures/frame.jpg
[0.522s] -- Up-to-date symlink: /home/zulal/gazebo_ws/install/vr_sim/share/vr_sim//models/picture_frame_large_7/materials/textures/japanese.jpg
[0.523s] -- Up-to-date symlink: /home/zulal/gazebo_ws/install/vr_sim/share/vr_sim//models/picture_frame_large_7/meshes/center.dae
[0.523s] -- Up-to-date symlink: /home/zulal/gazebo_ws/install/vr_sim/share/vr_sim//models/picture_frame_large_7/meshes/frame.dae
[0.523s] -- Up-to-date symlink: /home/zulal/gazebo_ws/install/vr_sim/share/vr_sim//models/picture_frame_large_7/model.config
[0.523s] -- Up-to-date symlink: /home/zulal/gazebo_ws/install/vr_sim/share/vr_sim//models/picture_frame_large_7/model.sdf
[0.523s] -- Up-to-date symlink: /home/zulal/gazebo_ws/install/vr_sim/share/vr_sim//models/side_table_1/materials/scripts/side_table_1.material
[0.523s] -- Up-to-date symlink: /home/zulal/gazebo_ws/install/vr_sim/share/vr_sim//models/side_table_1/materials/textures/brown_light.jpg
[0.523s] -- Up-to-date symlink: /home/zulal/gazebo_ws/install/vr_sim/share/vr_sim//models/side_table_1/meshes/leg.dae
[0.523s] -- Up-to-date symlink: /home/zulal/gazebo_ws/install/vr_sim/share/vr_sim//models/side_table_1/meshes/legs.dae
[0.524s] -- Up-to-date symlink: /home/zulal/gazebo_ws/install/vr_sim/share/vr_sim//models/side_table_1/meshes/middle.dae
[0.524s] -- Up-to-date symlink: /home/zulal/gazebo_ws/install/vr_sim/share/vr_sim//models/side_table_1/meshes/side_table_1.dae
[0.524s] -- Up-to-date symlink: /home/zulal/gazebo_ws/install/vr_sim/share/vr_sim//models/side_table_1/model.config
[0.524s] -- Up-to-date symlink: /home/zulal/gazebo_ws/install/vr_sim/share/vr_sim//models/side_table_1/model.sdf
[0.524s] -- Up-to-date symlink: /home/zulal/gazebo_ws/install/vr_sim/share/vr_sim//models/table_conference_2/materials/scripts/table_conf_2_legs.material
[0.524s] -- Up-to-date symlink: /home/zulal/gazebo_ws/install/vr_sim/share/vr_sim//models/table_conference_2/materials/scripts/table_conf_2_top.material
[0.524s] -- Up-to-date symlink: /home/zulal/gazebo_ws/install/vr_sim/share/vr_sim//models/table_conference_2/materials/textures/conf_wood.jpg
[0.524s] -- Up-to-date symlink: /home/zulal/gazebo_ws/install/vr_sim/share/vr_sim//models/table_conference_2/materials/textures/conf_wood_2.jpg
[0.524s] -- Up-to-date symlink: /home/zulal/gazebo_ws/install/vr_sim/share/vr_sim//models/table_conference_2/materials/textures/marble.jpg
[0.524s] -- Up-to-date symlink: /home/zulal/gazebo_ws/install/vr_sim/share/vr_sim//models/table_conference_2/meshes/base.dae
[0.524s] -- Up-to-date symlink: /home/zulal/gazebo_ws/install/vr_sim/share/vr_sim//models/table_conference_2/meshes/full.dae
[0.525s] -- Up-to-date symlink: /home/zulal/gazebo_ws/install/vr_sim/share/vr_sim//models/table_conference_2/meshes/glasses.dae
[0.525s] -- Up-to-date symlink: /home/zulal/gazebo_ws/install/vr_sim/share/vr_sim//models/table_conference_2/meshes/model.dae
[0.525s] -- Up-to-date symlink: /home/zulal/gazebo_ws/install/vr_sim/share/vr_sim//models/table_conference_2/meshes/top.dae
[0.525s] -- Up-to-date symlink: /home/zulal/gazebo_ws/install/vr_sim/share/vr_sim//models/table_conference_2/model.config
[0.525s] -- Up-to-date symlink: /home/zulal/gazebo_ws/install/vr_sim/share/vr_sim//models/table_conference_2/model.sdf
[0.525s] -- Up-to-date symlink: /home/zulal/gazebo_ws/install/vr_sim/share/vr_sim//models/tissue_box_3/materials/scripts/mat3.material
[0.525s] -- Up-to-date symlink: /home/zulal/gazebo_ws/install/vr_sim/share/vr_sim//models/tissue_box_3/materials/textures/tissue_pattern1.jpg
[0.525s] -- Up-to-date symlink: /home/zulal/gazebo_ws/install/vr_sim/share/vr_sim//models/tissue_box_3/materials/textures/tissue_pattern2.jpg
[0.525s] -- Up-to-date symlink: /home/zulal/gazebo_ws/install/vr_sim/share/vr_sim//models/tissue_box_3/materials/textures/tissue_pattern3.jpg
[0.525s] -- Up-to-date symlink: /home/zulal/gazebo_ws/install/vr_sim/share/vr_sim//models/tissue_box_3/meshes/box.dae
[0.526s] -- Up-to-date symlink: /home/zulal/gazebo_ws/install/vr_sim/share/vr_sim//models/tissue_box_3/meshes/paper.dae
[0.526s] -- Up-to-date symlink: /home/zulal/gazebo_ws/install/vr_sim/share/vr_sim//models/tissue_box_3/model.config
[0.526s] -- Up-to-date symlink: /home/zulal/gazebo_ws/install/vr_sim/share/vr_sim//models/tissue_box_3/model.sdf
[0.526s] -- Up-to-date symlink: /home/zulal/gazebo_ws/install/vr_sim/share/vr_sim//models/trash_bin/meshes/inner.dae
[0.526s] -- Up-to-date symlink: /home/zulal/gazebo_ws/install/vr_sim/share/vr_sim//models/trash_bin/meshes/model.dae
[0.526s] -- Up-to-date symlink: /home/zulal/gazebo_ws/install/vr_sim/share/vr_sim//models/trash_bin/meshes/outer.dae
[0.526s] -- Up-to-date symlink: /home/zulal/gazebo_ws/install/vr_sim/share/vr_sim//models/trash_bin/model.config
[0.526s] -- Up-to-date symlink: /home/zulal/gazebo_ws/install/vr_sim/share/vr_sim//models/trash_bin/model.sdf
[0.526s] -- Up-to-date symlink: /home/zulal/gazebo_ws/install/vr_sim/lib/vr_sim/robot_movement
[0.527s] -- Up-to-date symlink: /home/zulal/gazebo_ws/install/vr_sim/lib/vr_sim/robot_tf_publisher
[0.527s] -- Up-to-date symlink: /home/zulal/gazebo_ws/install/vr_sim/lib/vr_sim/sphere_mover
[0.527s] -- Up-to-date symlink: /home/zulal/gazebo_ws/install/vr_sim/share/ament_index/resource_index/package_run_dependencies/vr_sim
[0.527s] -- Up-to-date symlink: /home/zulal/gazebo_ws/install/vr_sim/share/ament_index/resource_index/parent_prefix_path/vr_sim
[0.527s] -- Up-to-date symlink: /home/zulal/gazebo_ws/install/vr_sim/share/vr_sim/environment/ament_prefix_path.sh
[0.527s] -- Up-to-date symlink: /home/zulal/gazebo_ws/install/vr_sim/share/vr_sim/environment/ament_prefix_path.dsv
[0.527s] -- Up-to-date symlink: /home/zulal/gazebo_ws/install/vr_sim/share/vr_sim/environment/path.sh
[0.527s] -- Up-to-date symlink: /home/zulal/gazebo_ws/install/vr_sim/share/vr_sim/environment/path.dsv
[0.527s] -- Up-to-date symlink: /home/zulal/gazebo_ws/install/vr_sim/share/vr_sim/local_setup.bash
[0.527s] -- Up-to-date symlink: /home/zulal/gazebo_ws/install/vr_sim/share/vr_sim/local_setup.sh
[0.528s] -- Up-to-date symlink: /home/zulal/gazebo_ws/install/vr_sim/share/vr_sim/local_setup.zsh
[0.528s] -- Up-to-date symlink: /home/zulal/gazebo_ws/install/vr_sim/share/vr_sim/local_setup.dsv
[0.528s] -- Symlinking: /home/zulal/gazebo_ws/install/vr_sim/share/vr_sim/package.dsv
[0.528s] -- Up-to-date symlink: /home/zulal/gazebo_ws/install/vr_sim/share/ament_index/resource_index/packages/vr_sim
[0.529s] -- Up-to-date symlink: /home/zulal/gazebo_ws/install/vr_sim/share/vr_sim/cmake/vr_simConfig.cmake
[0.529s] -- Up-to-date symlink: /home/zulal/gazebo_ws/install/vr_sim/share/vr_sim/cmake/vr_simConfig-version.cmake
[0.529s] -- Up-to-date symlink: /home/zulal/gazebo_ws/install/vr_sim/share/vr_sim/package.xml
[0.531s] Invoked command in '/home/zulal/gazebo_ws/build/vr_sim' returned '0': CMAKE_PREFIX_PATH=${CMAKE_PREFIX_PATH}:/home/zulal/gazebo_ws/install/tf_server:/opt/ros/humble /usr/bin/cmake --install /home/zulal/gazebo_ws/build/vr_sim
