[100%] Built target robot_movement
[100%] Built target robot_tf_publisher
[100%] Built target sphere_mover
-- Install configuration: ""
-- Execute custom install script
-- Up-to-date symlink: /home/zulal/gazebo_ws/install/vr_sim/share/vr_sim//launch/gazebo.launch.py
-- Up-to-date symlink: /home/zulal/gazebo_ws/install/vr_sim/share/vr_sim//launch/gazebo2.launch.py
-- Up-to-date symlink: /home/zulal/gazebo_ws/install/vr_sim/share/vr_sim//urdf/head_model.urdf
-- Up-to-date symlink: /home/zulal/gazebo_ws/install/vr_sim/share/vr_sim//urdf/head_model2.urdf
-- Up-to-date symlink: /home/zulal/gazebo_ws/install/vr_sim/share/vr_sim//urdf/sphere.urdf
-- Up-to-date symlink: /home/zulal/gazebo_ws/install/vr_sim/share/vr_sim//urdf/sphere2.urdf
-- Up-to-date symlink: /home/zulal/gazebo_ws/install/vr_sim/share/vr_sim//worlds/cafe.world
-- Up-to-date symlink: /home/zulal/gazebo_ws/install/vr_sim/share/vr_sim//worlds/house.world
-- Up-to-date symlink: /home/zulal/gazebo_ws/install/vr_sim/share/vr_sim//worlds/model1.world
-- Up-to-date symlink: /home/zulal/gazebo_ws/install/vr_sim/share/vr_sim//worlds/office.world
-- Up-to-date symlink: /home/zulal/gazebo_ws/install/vr_sim/share/vr_sim//meshes/head_model.stl
-- Up-to-date symlink: /home/zulal/gazebo_ws/install/vr_sim/share/vr_sim//models/book_open/materials/scripts/book_page.material
-- Up-to-date symlink: /home/zulal/gazebo_ws/install/vr_sim/share/vr_sim//models/book_open/materials/textures/page.jpg
-- Up-to-date symlink: /home/zulal/gazebo_ws/install/vr_sim/share/vr_sim//models/book_open/meshes/cover.dae
-- Up-to-date symlink: /home/zulal/gazebo_ws/install/vr_sim/share/vr_sim//models/book_open/meshes/open_book.dae
-- Up-to-date symlink: /home/zulal/gazebo_ws/install/vr_sim/share/vr_sim//models/book_open/meshes/open_page.dae
-- Up-to-date symlink: /home/zulal/gazebo_ws/install/vr_sim/share/vr_sim//models/book_open/meshes/pages.dae
-- Up-to-date symlink: /home/zulal/gazebo_ws/install/vr_sim/share/vr_sim//models/book_open/model.config
-- Up-to-date symlink: /home/zulal/gazebo_ws/install/vr_sim/share/vr_sim//models/book_open/model.sdf
-- Up-to-date symlink: /home/zulal/gazebo_ws/install/vr_sim/share/vr_sim//models/chair_3/meshes/model.dae
-- Up-to-date symlink: /home/zulal/gazebo_ws/install/vr_sim/share/vr_sim//models/chair_3/model.config
-- Up-to-date symlink: /home/zulal/gazebo_ws/install/vr_sim/share/vr_sim//models/chair_3/model.sdf
-- Up-to-date symlink: /home/zulal/gazebo_ws/install/vr_sim/share/vr_sim//models/chair_set_2/materials/scripts/chair_set_2.material
-- Up-to-date symlink: /home/zulal/gazebo_ws/install/vr_sim/share/vr_sim//models/chair_set_2/materials/textures/fabric_green.jpg
-- Up-to-date symlink: /home/zulal/gazebo_ws/install/vr_sim/share/vr_sim//models/chair_set_2/meshes/chair_cushions.dae
-- Up-to-date symlink: /home/zulal/gazebo_ws/install/vr_sim/share/vr_sim//models/chair_set_2/meshes/chair_frame.dae
-- Up-to-date symlink: /home/zulal/gazebo_ws/install/vr_sim/share/vr_sim//models/chair_set_2/meshes/chair_full.dae
-- Up-to-date symlink: /home/zulal/gazebo_ws/install/vr_sim/share/vr_sim//models/chair_set_2/meshes/model.dae
-- Up-to-date symlink: /home/zulal/gazebo_ws/install/vr_sim/share/vr_sim//models/chair_set_2/model.config
-- Up-to-date symlink: /home/zulal/gazebo_ws/install/vr_sim/share/vr_sim//models/chair_set_2/model.sdf
-- Up-to-date symlink: /home/zulal/gazebo_ws/install/vr_sim/share/vr_sim//models/coffee_machine/materials/scripts/coffee_body.material
-- Up-to-date symlink: /home/zulal/gazebo_ws/install/vr_sim/share/vr_sim//models/coffee_machine/materials/scripts/coffee_drain.material
-- Up-to-date symlink: /home/zulal/gazebo_ws/install/vr_sim/share/vr_sim//models/coffee_machine/materials/scripts/coffee_panel.material
-- Up-to-date symlink: /home/zulal/gazebo_ws/install/vr_sim/share/vr_sim//models/coffee_machine/materials/scripts/coffee_shaft.material
-- Up-to-date symlink: /home/zulal/gazebo_ws/install/vr_sim/share/vr_sim//models/coffee_machine/materials/textures/black_metal.jpg
-- Up-to-date symlink: /home/zulal/gazebo_ws/install/vr_sim/share/vr_sim//models/coffee_machine/materials/textures/drain.jpg
-- Up-to-date symlink: /home/zulal/gazebo_ws/install/vr_sim/share/vr_sim//models/coffee_machine/materials/textures/panel.jpg
-- Up-to-date symlink: /home/zulal/gazebo_ws/install/vr_sim/share/vr_sim//models/coffee_machine/materials/textures/steel.jpg
-- Up-to-date symlink: /home/zulal/gazebo_ws/install/vr_sim/share/vr_sim//models/coffee_machine/meshes/body.dae
-- Up-to-date symlink: /home/zulal/gazebo_ws/install/vr_sim/share/vr_sim//models/coffee_machine/meshes/coffee_machine.dae
-- Up-to-date symlink: /home/zulal/gazebo_ws/install/vr_sim/share/vr_sim//models/coffee_machine/meshes/drain.dae
-- Up-to-date symlink: /home/zulal/gazebo_ws/install/vr_sim/share/vr_sim//models/coffee_machine/meshes/model.dae
-- Up-to-date symlink: /home/zulal/gazebo_ws/install/vr_sim/share/vr_sim//models/coffee_machine/meshes/panel.dae
-- Up-to-date symlink: /home/zulal/gazebo_ws/install/vr_sim/share/vr_sim//models/coffee_machine/meshes/sivler.dae
-- Up-to-date symlink: /home/zulal/gazebo_ws/install/vr_sim/share/vr_sim//models/coffee_machine/model.config
-- Up-to-date symlink: /home/zulal/gazebo_ws/install/vr_sim/share/vr_sim//models/coffee_machine/model.sdf
-- Up-to-date symlink: /home/zulal/gazebo_ws/install/vr_sim/share/vr_sim//models/computer_case/meshes/case.dae
-- Up-to-date symlink: /home/zulal/gazebo_ws/install/vr_sim/share/vr_sim//models/computer_case/model.config
-- Up-to-date symlink: /home/zulal/gazebo_ws/install/vr_sim/share/vr_sim//models/computer_case/model.sdf
-- Up-to-date symlink: /home/zulal/gazebo_ws/install/vr_sim/share/vr_sim//models/cup_paper/meshes/base.dae
-- Up-to-date symlink: /home/zulal/gazebo_ws/install/vr_sim/share/vr_sim//models/cup_paper/meshes/lid.dae
-- Up-to-date symlink: /home/zulal/gazebo_ws/install/vr_sim/share/vr_sim//models/cup_paper/model.config
-- Up-to-date symlink: /home/zulal/gazebo_ws/install/vr_sim/share/vr_sim//models/cup_paper/model.sdf
-- Up-to-date symlink: /home/zulal/gazebo_ws/install/vr_sim/share/vr_sim//models/desk_brown/materials/scripts/desk_brown.material
-- Up-to-date symlink: /home/zulal/gazebo_ws/install/vr_sim/share/vr_sim//models/desk_brown/materials/textures/des_b.jpg
-- Up-to-date symlink: /home/zulal/gazebo_ws/install/vr_sim/share/vr_sim//models/desk_brown/meshes/table.dae
-- Up-to-date symlink: /home/zulal/gazebo_ws/install/vr_sim/share/vr_sim//models/desk_brown/model.config
-- Up-to-date symlink: /home/zulal/gazebo_ws/install/vr_sim/share/vr_sim//models/desk_brown/model.sdf
-- Up-to-date symlink: /home/zulal/gazebo_ws/install/vr_sim/share/vr_sim//models/door_3d/materials/scripts/door_3d.material
-- Up-to-date symlink: /home/zulal/gazebo_ws/install/vr_sim/share/vr_sim//models/door_3d/materials/scripts/door_handle.material
-- Up-to-date symlink: /home/zulal/gazebo_ws/install/vr_sim/share/vr_sim//models/door_3d/materials/textures/door_3d.jpg
-- Up-to-date symlink: /home/zulal/gazebo_ws/install/vr_sim/share/vr_sim//models/door_3d/materials/textures/silver_door.jpg
-- Up-to-date symlink: /home/zulal/gazebo_ws/install/vr_sim/share/vr_sim//models/door_3d/meshes/door.dae
-- Up-to-date symlink: /home/zulal/gazebo_ws/install/vr_sim/share/vr_sim//models/door_3d/meshes/door_v2.dae
-- Up-to-date symlink: /home/zulal/gazebo_ws/install/vr_sim/share/vr_sim//models/door_3d/meshes/door_v2_door.dae
-- Up-to-date symlink: /home/zulal/gazebo_ws/install/vr_sim/share/vr_sim//models/door_3d/meshes/door_v2_handle.dae
-- Up-to-date symlink: /home/zulal/gazebo_ws/install/vr_sim/share/vr_sim//models/door_3d/meshes/model.dae
-- Up-to-date symlink: /home/zulal/gazebo_ws/install/vr_sim/share/vr_sim//models/door_3d/model.config
-- Up-to-date symlink: /home/zulal/gazebo_ws/install/vr_sim/share/vr_sim//models/door_3d/model.sdf
-- Up-to-date symlink: /home/zulal/gazebo_ws/install/vr_sim/share/vr_sim//models/file_1/meshes/body.dae
-- Up-to-date symlink: /home/zulal/gazebo_ws/install/vr_sim/share/vr_sim//models/file_1/meshes/model.dae
-- Up-to-date symlink: /home/zulal/gazebo_ws/install/vr_sim/share/vr_sim//models/file_1/meshes/ring.dae
-- Up-to-date symlink: /home/zulal/gazebo_ws/install/vr_sim/share/vr_sim//models/file_1/meshes/tag.dae
-- Up-to-date symlink: /home/zulal/gazebo_ws/install/vr_sim/share/vr_sim//models/file_1/model.config
-- Up-to-date symlink: /home/zulal/gazebo_ws/install/vr_sim/share/vr_sim//models/file_1/model.sdf
-- Up-to-date symlink: /home/zulal/gazebo_ws/install/vr_sim/share/vr_sim//models/file_2/materials/scripts/file_2_metal.material
-- Up-to-date symlink: /home/zulal/gazebo_ws/install/vr_sim/share/vr_sim//models/file_2/materials/textures/Metal_Rough.jpg
-- Up-to-date symlink: /home/zulal/gazebo_ws/install/vr_sim/share/vr_sim//models/file_2/meshes/body.dae
-- Up-to-date symlink: /home/zulal/gazebo_ws/install/vr_sim/share/vr_sim//models/file_2/meshes/metal.dae
-- Up-to-date symlink: /home/zulal/gazebo_ws/install/vr_sim/share/vr_sim//models/file_2/meshes/model.dae
-- Up-to-date symlink: /home/zulal/gazebo_ws/install/vr_sim/share/vr_sim//models/file_2/meshes/tag.dae
-- Up-to-date symlink: /home/zulal/gazebo_ws/install/vr_sim/share/vr_sim//models/file_2/model.config
-- Up-to-date symlink: /home/zulal/gazebo_ws/install/vr_sim/share/vr_sim//models/file_2/model.sdf
-- Up-to-date symlink: /home/zulal/gazebo_ws/install/vr_sim/share/vr_sim//models/file_2/model/Metal_Rough.jpg
-- Up-to-date symlink: /home/zulal/gazebo_ws/install/vr_sim/share/vr_sim//models/file_2/model/texture.png
-- Up-to-date symlink: /home/zulal/gazebo_ws/install/vr_sim/share/vr_sim//models/file_box_4/materials/scripts/file_box.material
-- Up-to-date symlink: /home/zulal/gazebo_ws/install/vr_sim/share/vr_sim//models/file_box_4/materials/textures/Woven_Slate_Blue.jpg
-- Up-to-date symlink: /home/zulal/gazebo_ws/install/vr_sim/share/vr_sim//models/file_box_4/meshes/body.dae
-- Up-to-date symlink: /home/zulal/gazebo_ws/install/vr_sim/share/vr_sim//models/file_box_4/meshes/ring.dae
-- Up-to-date symlink: /home/zulal/gazebo_ws/install/vr_sim/share/vr_sim//models/file_box_4/meshes/tag.dae
-- Up-to-date symlink: /home/zulal/gazebo_ws/install/vr_sim/share/vr_sim//models/file_box_4/model.config
-- Up-to-date symlink: /home/zulal/gazebo_ws/install/vr_sim/share/vr_sim//models/file_box_4/model.sdf
-- Up-to-date symlink: /home/zulal/gazebo_ws/install/vr_sim/share/vr_sim//models/file_cabinet_small/materials/scripts/file_black.material
-- Up-to-date symlink: /home/zulal/gazebo_ws/install/vr_sim/share/vr_sim//models/file_cabinet_small/materials/textures/metal_black_2.jpg
-- Up-to-date symlink: /home/zulal/gazebo_ws/install/vr_sim/share/vr_sim//models/file_cabinet_small/meshes/model.dae
-- Up-to-date symlink: /home/zulal/gazebo_ws/install/vr_sim/share/vr_sim//models/file_cabinet_small/model.config
-- Up-to-date symlink: /home/zulal/gazebo_ws/install/vr_sim/share/vr_sim//models/file_cabinet_small/model.sdf
-- Up-to-date symlink: /home/zulal/gazebo_ws/install/vr_sim/share/vr_sim//models/keyboard/meshes/key.dae
-- Up-to-date symlink: /home/zulal/gazebo_ws/install/vr_sim/share/vr_sim//models/keyboard/meshes/key_1.dae
-- Up-to-date symlink: /home/zulal/gazebo_ws/install/vr_sim/share/vr_sim//models/keyboard/meshes/keyboard1.dae
-- Up-to-date symlink: /home/zulal/gazebo_ws/install/vr_sim/share/vr_sim//models/keyboard/meshes/letters.dae
-- Up-to-date symlink: /home/zulal/gazebo_ws/install/vr_sim/share/vr_sim//models/keyboard/model.config
-- Up-to-date symlink: /home/zulal/gazebo_ws/install/vr_sim/share/vr_sim//models/keyboard/model.sdf
-- Up-to-date symlink: /home/zulal/gazebo_ws/install/vr_sim/share/vr_sim//models/labtop_mac_2/materials/scripts/labtop_screen_2.material
-- Up-to-date symlink: /home/zulal/gazebo_ws/install/vr_sim/share/vr_sim//models/labtop_mac_2/materials/textures/labtop_screen2.jpg
-- Up-to-date symlink: /home/zulal/gazebo_ws/install/vr_sim/share/vr_sim//models/labtop_mac_2/meshes/body.dae
-- Up-to-date symlink: /home/zulal/gazebo_ws/install/vr_sim/share/vr_sim//models/labtop_mac_2/meshes/keys.dae
-- Up-to-date symlink: /home/zulal/gazebo_ws/install/vr_sim/share/vr_sim//models/labtop_mac_2/meshes/labtop.dae
-- Up-to-date symlink: /home/zulal/gazebo_ws/install/vr_sim/share/vr_sim//models/labtop_mac_2/meshes/screen.dae
-- Up-to-date symlink: /home/zulal/gazebo_ws/install/vr_sim/share/vr_sim//models/labtop_mac_2/model.config
-- Up-to-date symlink: /home/zulal/gazebo_ws/install/vr_sim/share/vr_sim//models/labtop_mac_2/model.sdf
-- Up-to-date symlink: /home/zulal/gazebo_ws/install/vr_sim/share/vr_sim//models/laptop_pc_1/materials/scripts/laptop_pc_lines.material
-- Up-to-date symlink: /home/zulal/gazebo_ws/install/vr_sim/share/vr_sim//models/laptop_pc_1/materials/scripts/laptop_pc_screen_1.material
-- Up-to-date symlink: /home/zulal/gazebo_ws/install/vr_sim/share/vr_sim//models/laptop_pc_1/materials/scripts/laptop_pc_silver.material
-- Up-to-date symlink: /home/zulal/gazebo_ws/install/vr_sim/share/vr_sim//models/laptop_pc_1/materials/textures/metal_red.jpg
-- Up-to-date symlink: /home/zulal/gazebo_ws/install/vr_sim/share/vr_sim//models/laptop_pc_1/materials/textures/screen_1_pc.jpg
-- Up-to-date symlink: /home/zulal/gazebo_ws/install/vr_sim/share/vr_sim//models/laptop_pc_1/materials/textures/screen_2_pc.jpg
-- Up-to-date symlink: /home/zulal/gazebo_ws/install/vr_sim/share/vr_sim//models/laptop_pc_1/materials/textures/silver.jpg
-- Up-to-date symlink: /home/zulal/gazebo_ws/install/vr_sim/share/vr_sim//models/laptop_pc_1/meshes/body.dae
-- Up-to-date symlink: /home/zulal/gazebo_ws/install/vr_sim/share/vr_sim//models/laptop_pc_1/meshes/bottom.dae
-- Up-to-date symlink: /home/zulal/gazebo_ws/install/vr_sim/share/vr_sim//models/laptop_pc_1/meshes/keys.dae
-- Up-to-date symlink: /home/zulal/gazebo_ws/install/vr_sim/share/vr_sim//models/laptop_pc_1/meshes/letters.dae
-- Up-to-date symlink: /home/zulal/gazebo_ws/install/vr_sim/share/vr_sim//models/laptop_pc_1/meshes/lines.dae
-- Up-to-date symlink: /home/zulal/gazebo_ws/install/vr_sim/share/vr_sim//models/laptop_pc_1/meshes/mid.dae
-- Up-to-date symlink: /home/zulal/gazebo_ws/install/vr_sim/share/vr_sim//models/laptop_pc_1/meshes/mid2.dae
-- Up-to-date symlink: /home/zulal/gazebo_ws/install/vr_sim/share/vr_sim//models/laptop_pc_1/meshes/mid3.dae
-- Up-to-date symlink: /home/zulal/gazebo_ws/install/vr_sim/share/vr_sim//models/laptop_pc_1/meshes/model.dae
-- Up-to-date symlink: /home/zulal/gazebo_ws/install/vr_sim/share/vr_sim//models/laptop_pc_1/meshes/screen.dae
-- Up-to-date symlink: /home/zulal/gazebo_ws/install/vr_sim/share/vr_sim//models/laptop_pc_1/meshes/silver.dae
-- Up-to-date symlink: /home/zulal/gazebo_ws/install/vr_sim/share/vr_sim//models/laptop_pc_1/model.config
-- Up-to-date symlink: /home/zulal/gazebo_ws/install/vr_sim/share/vr_sim//models/laptop_pc_1/model.sdf
-- Up-to-date symlink: /home/zulal/gazebo_ws/install/vr_sim/share/vr_sim//models/monitor_1/materials/scripts/monitor_screen.material
-- Up-to-date symlink: /home/zulal/gazebo_ws/install/vr_sim/share/vr_sim//models/monitor_1/materials/textures/screen.jpg
-- Up-to-date symlink: /home/zulal/gazebo_ws/install/vr_sim/share/vr_sim//models/monitor_1/meshes/frame.dae
-- Up-to-date symlink: /home/zulal/gazebo_ws/install/vr_sim/share/vr_sim//models/monitor_1/meshes/monitor.dae
-- Up-to-date symlink: /home/zulal/gazebo_ws/install/vr_sim/share/vr_sim//models/monitor_1/meshes/screen1.dae
-- Up-to-date symlink: /home/zulal/gazebo_ws/install/vr_sim/share/vr_sim//models/monitor_1/model.config
-- Up-to-date symlink: /home/zulal/gazebo_ws/install/vr_sim/share/vr_sim//models/monitor_1/model.sdf
-- Up-to-date symlink: /home/zulal/gazebo_ws/install/vr_sim/share/vr_sim//models/monitor_2/materials/scripts/monitor_screen_2.material
-- Up-to-date symlink: /home/zulal/gazebo_ws/install/vr_sim/share/vr_sim//models/monitor_2/materials/textures/aqua_screen.jpg
-- Up-to-date symlink: /home/zulal/gazebo_ws/install/vr_sim/share/vr_sim//models/monitor_2/meshes/frame.dae
-- Up-to-date symlink: /home/zulal/gazebo_ws/install/vr_sim/share/vr_sim//models/monitor_2/meshes/monitor.dae
-- Up-to-date symlink: /home/zulal/gazebo_ws/install/vr_sim/share/vr_sim//models/monitor_2/meshes/screen1.dae
-- Up-to-date symlink: /home/zulal/gazebo_ws/install/vr_sim/share/vr_sim//models/monitor_2/model.config
-- Up-to-date symlink: /home/zulal/gazebo_ws/install/vr_sim/share/vr_sim//models/monitor_2/model.sdf
-- Up-to-date symlink: /home/zulal/gazebo_ws/install/vr_sim/share/vr_sim//models/monitor_3/materials/scripts/monitor_screen_3.material
-- Up-to-date symlink: /home/zulal/gazebo_ws/install/vr_sim/share/vr_sim//models/monitor_3/materials/textures/prog_screen.png
-- Up-to-date symlink: /home/zulal/gazebo_ws/install/vr_sim/share/vr_sim//models/monitor_3/meshes/frame.dae
-- Up-to-date symlink: /home/zulal/gazebo_ws/install/vr_sim/share/vr_sim//models/monitor_3/meshes/monitor.dae
-- Up-to-date symlink: /home/zulal/gazebo_ws/install/vr_sim/share/vr_sim//models/monitor_3/meshes/screen1.dae
-- Up-to-date symlink: /home/zulal/gazebo_ws/install/vr_sim/share/vr_sim//models/monitor_3/model.config
-- Up-to-date symlink: /home/zulal/gazebo_ws/install/vr_sim/share/vr_sim//models/monitor_3/model.sdf
-- Up-to-date symlink: /home/zulal/gazebo_ws/install/vr_sim/share/vr_sim//models/mouse/meshes/mouse.dae
-- Up-to-date symlink: /home/zulal/gazebo_ws/install/vr_sim/share/vr_sim//models/mouse/model.config
-- Up-to-date symlink: /home/zulal/gazebo_ws/install/vr_sim/share/vr_sim//models/mouse/model.sdf
-- Up-to-date symlink: /home/zulal/gazebo_ws/install/vr_sim/share/vr_sim//models/office_chair/meshes/chair_base.dae
-- Up-to-date symlink: /home/zulal/gazebo_ws/install/vr_sim/share/vr_sim//models/office_chair/meshes/chair_cushion.dae
-- Up-to-date symlink: /home/zulal/gazebo_ws/install/vr_sim/share/vr_sim//models/office_chair/meshes/chair_wheels.dae
-- Up-to-date symlink: /home/zulal/gazebo_ws/install/vr_sim/share/vr_sim//models/office_chair/model.config
-- Up-to-date symlink: /home/zulal/gazebo_ws/install/vr_sim/share/vr_sim//models/office_chair/model.sdf
-- Up-to-date symlink: /home/zulal/gazebo_ws/install/vr_sim/share/vr_sim//models/office_small/materials/scripts/Floor.material
-- Up-to-date symlink: /home/zulal/gazebo_ws/install/vr_sim/share/vr_sim//models/office_small/materials/scripts/wall_white.material
-- Up-to-date symlink: /home/zulal/gazebo_ws/install/vr_sim/share/vr_sim//models/office_small/materials/textures/cl1.jpg
-- Up-to-date symlink: /home/zulal/gazebo_ws/install/vr_sim/share/vr_sim//models/office_small/materials/textures/cl2.jpg
-- Up-to-date symlink: /home/zulal/gazebo_ws/install/vr_sim/share/vr_sim//models/office_small/materials/textures/cl3.jpg
-- Up-to-date symlink: /home/zulal/gazebo_ws/install/vr_sim/share/vr_sim//models/office_small/materials/textures/cl4.jpg
-- Up-to-date symlink: /home/zulal/gazebo_ws/install/vr_sim/share/vr_sim//models/office_small/materials/textures/cl5.jpg
-- Up-to-date symlink: /home/zulal/gazebo_ws/install/vr_sim/share/vr_sim//models/office_small/materials/textures/cl6.jpg
-- Up-to-date symlink: /home/zulal/gazebo_ws/install/vr_sim/share/vr_sim//models/office_small/materials/textures/cp1.jpg
-- Up-to-date symlink: /home/zulal/gazebo_ws/install/vr_sim/share/vr_sim//models/office_small/materials/textures/cp10.jpg
-- Up-to-date symlink: /home/zulal/gazebo_ws/install/vr_sim/share/vr_sim//models/office_small/materials/textures/cp11.jpg
-- Up-to-date symlink: /home/zulal/gazebo_ws/install/vr_sim/share/vr_sim//models/office_small/materials/textures/cp12.jpg
-- Up-to-date symlink: /home/zulal/gazebo_ws/install/vr_sim/share/vr_sim//models/office_small/materials/textures/cp2.jpg
-- Up-to-date symlink: /home/zulal/gazebo_ws/install/vr_sim/share/vr_sim//models/office_small/materials/textures/cp3.jpg
-- Up-to-date symlink: /home/zulal/gazebo_ws/install/vr_sim/share/vr_sim//models/office_small/materials/textures/cp4.jpg
-- Up-to-date symlink: /home/zulal/gazebo_ws/install/vr_sim/share/vr_sim//models/office_small/materials/textures/cp5.png
-- Up-to-date symlink: /home/zulal/gazebo_ws/install/vr_sim/share/vr_sim//models/office_small/materials/textures/cp6.jpg
-- Up-to-date symlink: /home/zulal/gazebo_ws/install/vr_sim/share/vr_sim//models/office_small/materials/textures/cp7.jpg
-- Up-to-date symlink: /home/zulal/gazebo_ws/install/vr_sim/share/vr_sim//models/office_small/materials/textures/cp8.jpg
-- Up-to-date symlink: /home/zulal/gazebo_ws/install/vr_sim/share/vr_sim//models/office_small/materials/textures/cp9.jpg
-- Up-to-date symlink: /home/zulal/gazebo_ws/install/vr_sim/share/vr_sim//models/office_small/materials/textures/hd1.jpg
-- Up-to-date symlink: /home/zulal/gazebo_ws/install/vr_sim/share/vr_sim//models/office_small/materials/textures/hd2.gif
-- Up-to-date symlink: /home/zulal/gazebo_ws/install/vr_sim/share/vr_sim//models/office_small/materials/textures/hd3.jpg
-- Up-to-date symlink: /home/zulal/gazebo_ws/install/vr_sim/share/vr_sim//models/office_small/materials/textures/hd4.jpg
-- Up-to-date symlink: /home/zulal/gazebo_ws/install/vr_sim/share/vr_sim//models/office_small/materials/textures/hd5.jpg
-- Up-to-date symlink: /home/zulal/gazebo_ws/install/vr_sim/share/vr_sim//models/office_small/materials/textures/hd6.png
-- Up-to-date symlink: /home/zulal/gazebo_ws/install/vr_sim/share/vr_sim//models/office_small/materials/textures/hd7.jpg
-- Up-to-date symlink: /home/zulal/gazebo_ws/install/vr_sim/share/vr_sim//models/office_small/materials/textures/hd8.jpg
-- Up-to-date symlink: /home/zulal/gazebo_ws/install/vr_sim/share/vr_sim//models/office_small/materials/textures/wall_color_white.jpg
-- Up-to-date symlink: /home/zulal/gazebo_ws/install/vr_sim/share/vr_sim//models/office_small/model.config
-- Up-to-date symlink: /home/zulal/gazebo_ws/install/vr_sim/share/vr_sim//models/office_small/model.sdf
-- Up-to-date symlink: /home/zulal/gazebo_ws/install/vr_sim/share/vr_sim//models/picture_frame_large_2/materials/scripts/frame_text.material
-- Up-to-date symlink: /home/zulal/gazebo_ws/install/vr_sim/share/vr_sim//models/picture_frame_large_2/materials/scripts/pic_frame_large_2.material
-- Up-to-date symlink: /home/zulal/gazebo_ws/install/vr_sim/share/vr_sim//models/picture_frame_large_2/materials/textures/animal.jpg
-- Up-to-date symlink: /home/zulal/gazebo_ws/install/vr_sim/share/vr_sim//models/picture_frame_large_2/materials/textures/frame.jpg
-- Up-to-date symlink: /home/zulal/gazebo_ws/install/vr_sim/share/vr_sim//models/picture_frame_large_2/materials/textures/fruit.jpg
-- Up-to-date symlink: /home/zulal/gazebo_ws/install/vr_sim/share/vr_sim//models/picture_frame_large_2/materials/textures/nature.jpg
-- Up-to-date symlink: /home/zulal/gazebo_ws/install/vr_sim/share/vr_sim//models/picture_frame_large_2/materials/textures/turing.jpg
-- Up-to-date symlink: /home/zulal/gazebo_ws/install/vr_sim/share/vr_sim//models/picture_frame_large_2/meshes/center.dae
-- Up-to-date symlink: /home/zulal/gazebo_ws/install/vr_sim/share/vr_sim//models/picture_frame_large_2/meshes/frame.dae
-- Up-to-date symlink: /home/zulal/gazebo_ws/install/vr_sim/share/vr_sim//models/picture_frame_large_2/model.config
-- Up-to-date symlink: /home/zulal/gazebo_ws/install/vr_sim/share/vr_sim//models/picture_frame_large_2/model.sdf
-- Up-to-date symlink: /home/zulal/gazebo_ws/install/vr_sim/share/vr_sim//models/picture_frame_large_6/materials/scripts/frame_text.material
-- Up-to-date symlink: /home/zulal/gazebo_ws/install/vr_sim/share/vr_sim//models/picture_frame_large_6/materials/scripts/pic_frame_large_6.material
-- Up-to-date symlink: /home/zulal/gazebo_ws/install/vr_sim/share/vr_sim//models/picture_frame_large_6/materials/textures/animal.jpg
-- Up-to-date symlink: /home/zulal/gazebo_ws/install/vr_sim/share/vr_sim//models/picture_frame_large_6/materials/textures/frame.jpg
-- Up-to-date symlink: /home/zulal/gazebo_ws/install/vr_sim/share/vr_sim//models/picture_frame_large_6/materials/textures/fruit.jpg
-- Up-to-date symlink: /home/zulal/gazebo_ws/install/vr_sim/share/vr_sim//models/picture_frame_large_6/materials/textures/nature.jpg
-- Up-to-date symlink: /home/zulal/gazebo_ws/install/vr_sim/share/vr_sim//models/picture_frame_large_6/materials/textures/robot_2.jpg
-- Up-to-date symlink: /home/zulal/gazebo_ws/install/vr_sim/share/vr_sim//models/picture_frame_large_6/materials/textures/turing.jpg
-- Up-to-date symlink: /home/zulal/gazebo_ws/install/vr_sim/share/vr_sim//models/picture_frame_large_6/meshes/center.dae
-- Up-to-date symlink: /home/zulal/gazebo_ws/install/vr_sim/share/vr_sim//models/picture_frame_large_6/meshes/frame.dae
-- Up-to-date symlink: /home/zulal/gazebo_ws/install/vr_sim/share/vr_sim//models/picture_frame_large_6/model.config
-- Up-to-date symlink: /home/zulal/gazebo_ws/install/vr_sim/share/vr_sim//models/picture_frame_large_6/model.sdf
-- Up-to-date symlink: /home/zulal/gazebo_ws/install/vr_sim/share/vr_sim//models/picture_frame_large_7/materials/scripts/frame_text.material
-- Up-to-date symlink: /home/zulal/gazebo_ws/install/vr_sim/share/vr_sim//models/picture_frame_large_7/materials/scripts/pic_frame_large_7.material
-- Up-to-date symlink: /home/zulal/gazebo_ws/install/vr_sim/share/vr_sim//models/picture_frame_large_7/materials/textures/frame.jpg
-- Up-to-date symlink: /home/zulal/gazebo_ws/install/vr_sim/share/vr_sim//models/picture_frame_large_7/materials/textures/japanese.jpg
-- Up-to-date symlink: /home/zulal/gazebo_ws/install/vr_sim/share/vr_sim//models/picture_frame_large_7/meshes/center.dae
-- Up-to-date symlink: /home/zulal/gazebo_ws/install/vr_sim/share/vr_sim//models/picture_frame_large_7/meshes/frame.dae
-- Up-to-date symlink: /home/zulal/gazebo_ws/install/vr_sim/share/vr_sim//models/picture_frame_large_7/model.config
-- Up-to-date symlink: /home/zulal/gazebo_ws/install/vr_sim/share/vr_sim//models/picture_frame_large_7/model.sdf
-- Up-to-date symlink: /home/zulal/gazebo_ws/install/vr_sim/share/vr_sim//models/side_table_1/materials/scripts/side_table_1.material
-- Up-to-date symlink: /home/zulal/gazebo_ws/install/vr_sim/share/vr_sim//models/side_table_1/materials/textures/brown_light.jpg
-- Up-to-date symlink: /home/zulal/gazebo_ws/install/vr_sim/share/vr_sim//models/side_table_1/meshes/leg.dae
-- Up-to-date symlink: /home/zulal/gazebo_ws/install/vr_sim/share/vr_sim//models/side_table_1/meshes/legs.dae
-- Up-to-date symlink: /home/zulal/gazebo_ws/install/vr_sim/share/vr_sim//models/side_table_1/meshes/middle.dae
-- Up-to-date symlink: /home/zulal/gazebo_ws/install/vr_sim/share/vr_sim//models/side_table_1/meshes/side_table_1.dae
-- Up-to-date symlink: /home/zulal/gazebo_ws/install/vr_sim/share/vr_sim//models/side_table_1/model.config
-- Up-to-date symlink: /home/zulal/gazebo_ws/install/vr_sim/share/vr_sim//models/side_table_1/model.sdf
-- Up-to-date symlink: /home/zulal/gazebo_ws/install/vr_sim/share/vr_sim//models/table_conference_2/materials/scripts/table_conf_2_legs.material
-- Up-to-date symlink: /home/zulal/gazebo_ws/install/vr_sim/share/vr_sim//models/table_conference_2/materials/scripts/table_conf_2_top.material
-- Up-to-date symlink: /home/zulal/gazebo_ws/install/vr_sim/share/vr_sim//models/table_conference_2/materials/textures/conf_wood.jpg
-- Up-to-date symlink: /home/zulal/gazebo_ws/install/vr_sim/share/vr_sim//models/table_conference_2/materials/textures/conf_wood_2.jpg
-- Up-to-date symlink: /home/zulal/gazebo_ws/install/vr_sim/share/vr_sim//models/table_conference_2/materials/textures/marble.jpg
-- Up-to-date symlink: /home/zulal/gazebo_ws/install/vr_sim/share/vr_sim//models/table_conference_2/meshes/base.dae
-- Up-to-date symlink: /home/zulal/gazebo_ws/install/vr_sim/share/vr_sim//models/table_conference_2/meshes/full.dae
-- Up-to-date symlink: /home/zulal/gazebo_ws/install/vr_sim/share/vr_sim//models/table_conference_2/meshes/glasses.dae
-- Up-to-date symlink: /home/zulal/gazebo_ws/install/vr_sim/share/vr_sim//models/table_conference_2/meshes/model.dae
-- Up-to-date symlink: /home/zulal/gazebo_ws/install/vr_sim/share/vr_sim//models/table_conference_2/meshes/top.dae
-- Up-to-date symlink: /home/zulal/gazebo_ws/install/vr_sim/share/vr_sim//models/table_conference_2/model.config
-- Up-to-date symlink: /home/zulal/gazebo_ws/install/vr_sim/share/vr_sim//models/table_conference_2/model.sdf
-- Up-to-date symlink: /home/zulal/gazebo_ws/install/vr_sim/share/vr_sim//models/tissue_box_3/materials/scripts/mat3.material
-- Up-to-date symlink: /home/zulal/gazebo_ws/install/vr_sim/share/vr_sim//models/tissue_box_3/materials/textures/tissue_pattern1.jpg
-- Up-to-date symlink: /home/zulal/gazebo_ws/install/vr_sim/share/vr_sim//models/tissue_box_3/materials/textures/tissue_pattern2.jpg
-- Up-to-date symlink: /home/zulal/gazebo_ws/install/vr_sim/share/vr_sim//models/tissue_box_3/materials/textures/tissue_pattern3.jpg
-- Up-to-date symlink: /home/zulal/gazebo_ws/install/vr_sim/share/vr_sim//models/tissue_box_3/meshes/box.dae
-- Up-to-date symlink: /home/zulal/gazebo_ws/install/vr_sim/share/vr_sim//models/tissue_box_3/meshes/paper.dae
-- Up-to-date symlink: /home/zulal/gazebo_ws/install/vr_sim/share/vr_sim//models/tissue_box_3/model.config
-- Up-to-date symlink: /home/zulal/gazebo_ws/install/vr_sim/share/vr_sim//models/tissue_box_3/model.sdf
-- Up-to-date symlink: /home/zulal/gazebo_ws/install/vr_sim/share/vr_sim//models/trash_bin/meshes/inner.dae
-- Up-to-date symlink: /home/zulal/gazebo_ws/install/vr_sim/share/vr_sim//models/trash_bin/meshes/model.dae
-- Up-to-date symlink: /home/zulal/gazebo_ws/install/vr_sim/share/vr_sim//models/trash_bin/meshes/outer.dae
-- Up-to-date symlink: /home/zulal/gazebo_ws/install/vr_sim/share/vr_sim//models/trash_bin/model.config
-- Up-to-date symlink: /home/zulal/gazebo_ws/install/vr_sim/share/vr_sim//models/trash_bin/model.sdf
-- Up-to-date symlink: /home/zulal/gazebo_ws/install/vr_sim/lib/vr_sim/robot_movement
-- Up-to-date symlink: /home/zulal/gazebo_ws/install/vr_sim/lib/vr_sim/robot_tf_publisher
-- Up-to-date symlink: /home/zulal/gazebo_ws/install/vr_sim/lib/vr_sim/sphere_mover
-- Up-to-date symlink: /home/zulal/gazebo_ws/install/vr_sim/share/ament_index/resource_index/package_run_dependencies/vr_sim
-- Up-to-date symlink: /home/zulal/gazebo_ws/install/vr_sim/share/ament_index/resource_index/parent_prefix_path/vr_sim
-- Up-to-date symlink: /home/zulal/gazebo_ws/install/vr_sim/share/vr_sim/environment/ament_prefix_path.sh
-- Up-to-date symlink: /home/zulal/gazebo_ws/install/vr_sim/share/vr_sim/environment/ament_prefix_path.dsv
-- Up-to-date symlink: /home/zulal/gazebo_ws/install/vr_sim/share/vr_sim/environment/path.sh
-- Up-to-date symlink: /home/zulal/gazebo_ws/install/vr_sim/share/vr_sim/environment/path.dsv
-- Up-to-date symlink: /home/zulal/gazebo_ws/install/vr_sim/share/vr_sim/local_setup.bash
-- Up-to-date symlink: /home/zulal/gazebo_ws/install/vr_sim/share/vr_sim/local_setup.sh
-- Up-to-date symlink: /home/zulal/gazebo_ws/install/vr_sim/share/vr_sim/local_setup.zsh
-- Up-to-date symlink: /home/zulal/gazebo_ws/install/vr_sim/share/vr_sim/local_setup.dsv
-- Symlinking: /home/zulal/gazebo_ws/install/vr_sim/share/vr_sim/package.dsv
-- Up-to-date symlink: /home/zulal/gazebo_ws/install/vr_sim/share/ament_index/resource_index/packages/vr_sim
-- Up-to-date symlink: /home/zulal/gazebo_ws/install/vr_sim/share/vr_sim/cmake/vr_simConfig.cmake
-- Up-to-date symlink: /home/zulal/gazebo_ws/install/vr_sim/share/vr_sim/cmake/vr_simConfig-version.cmake
-- Up-to-date symlink: /home/zulal/gazebo_ws/install/vr_sim/share/vr_sim/package.xml
