[0.108s] Invoking command in '/home/zulal/gazebo_ws/build/vr_sim': CMAKE_PREFIX_PATH=${CMAKE_PREFIX_PATH}:/opt/ros/humble /usr/bin/cmake --build /home/zulal/gazebo_ws/build/vr_sim -- -j12 -l12
[0.137s] -- Found ament_cmake: 1.3.8 (/opt/ros/humble/share/ament_cmake/cmake)
[0.302s] -- Found rclcpp: 16.0.8 (/opt/ros/humble/share/rclcpp/cmake)
[0.335s] -- Found rosidl_generator_c: 3.1.5 (/opt/ros/humble/share/rosidl_generator_c/cmake)
[0.337s] -- Found rosidl_adapter: 3.1.5 (/opt/ros/humble/share/rosidl_adapter/cmake)
[0.342s] -- Found rosidl_generator_cpp: 3.1.5 (/opt/ros/humble/share/rosidl_generator_cpp/cmake)
[0.355s] -- Using all available rosidl_typesupport_c: rosidl_typesupport_fastrtps_c;rosidl_typesupport_introspection_c
[0.373s] -- Using all available rosidl_typesupport_cpp: rosidl_typesupport_fastrtps_cpp;rosidl_typesupport_introspection_cpp
[0.431s] -- Found rmw_implementation_cmake: 6.1.1 (/opt/ros/humble/share/rmw_implementation_cmake/cmake)
[0.433s] -- Found rmw_fastrtps_cpp: 6.2.6 (/opt/ros/humble/share/rmw_fastrtps_cpp/cmake)
[0.551s] -- Using RMW implementation 'rmw_fastrtps_cpp' as default
[0.706s] -- Found visualization_msgs: 4.2.3 (/opt/ros/humble/share/visualization_msgs/cmake)
[0.987s] -- Found tf2_ros: 0.25.6 (/opt/ros/humble/share/tf2_ros/cmake)
[1.351s] -- Found robot_state_publisher: 3.0.3 (/opt/ros/humble/share/robot_state_publisher/cmake)
[1.358s] -- Found eigen3_cmake_module: 0.1.1 (/opt/ros/humble/share/eigen3_cmake_module/cmake)
[1.359s] -- Ensuring Eigen3 include directory is part of orocos-kdl CMake target
[1.415s] -- Found gazebo_msgs: 3.7.0 (/opt/ros/humble/share/gazebo_msgs/cmake)
[1.629s] -- Found ament_lint_auto: 0.12.10 (/opt/ros/humble/share/ament_lint_auto/cmake)
[1.697s] -- Added test 'cppcheck' to perform static code analysis on C / C++ code
[1.697s] -- Configured cppcheck include dirs: 
[1.697s] -- Configured cppcheck exclude dirs and/or files: 
[1.697s] -- Added test 'flake8' to check Python code syntax and style conventions
[1.698s] -- Added test 'lint_cmake' to check CMake code style
[1.698s] -- Added test 'pep257' to check Python code against some of the docstring style conventions in PEP 257
[1.699s] -- Added test 'uncrustify' to check C / C++ code style
[1.699s] -- Configured uncrustify additional arguments: 
[1.699s] -- Added test 'xmllint' to check XML markup files
[1.700s] -- Configuring done
[1.711s] -- Generating done
[1.713s] -- Build files have been written to: /home/zulal/gazebo_ws/build/vr_sim
[1.745s] [35m[1mConsolidate compiler generated dependencies of target robot_movement[0m
[1.761s] [100%] Built target robot_movement
[1.771s] Invoked command in '/home/zulal/gazebo_ws/build/vr_sim' returned '0': CMAKE_PREFIX_PATH=${CMAKE_PREFIX_PATH}:/opt/ros/humble /usr/bin/cmake --build /home/zulal/gazebo_ws/build/vr_sim -- -j12 -l12
[1.804s] Invoking command in '/home/zulal/gazebo_ws/build/vr_sim': CMAKE_PREFIX_PATH=${CMAKE_PREFIX_PATH}:/opt/ros/humble /usr/bin/cmake --install /home/zulal/gazebo_ws/build/vr_sim
[1.811s] -- Install configuration: ""
[1.812s] -- Up-to-date: /home/zulal/gazebo_ws/install/vr_sim/share/vr_sim//launch
[1.812s] -- Up-to-date: /home/zulal/gazebo_ws/install/vr_sim/share/vr_sim//launch/gazebo_launch.py
[1.812s] -- Up-to-date: /home/zulal/gazebo_ws/install/vr_sim/share/vr_sim//urdf
[1.812s] -- Up-to-date: /home/zulal/gazebo_ws/install/vr_sim/share/vr_sim//urdf/sphere.urdf
[1.812s] -- Installing: /home/zulal/gazebo_ws/install/vr_sim/lib/vr_sim/robot_movement
[1.815s] -- Set runtime path of "/home/zulal/gazebo_ws/install/vr_sim/lib/vr_sim/robot_movement" to ""
[1.815s] -- Installing: /home/zulal/gazebo_ws/install/vr_sim/share/ament_index/resource_index/package_run_dependencies/vr_sim
[1.815s] -- Installing: /home/zulal/gazebo_ws/install/vr_sim/share/ament_index/resource_index/parent_prefix_path/vr_sim
[1.815s] -- Installing: /home/zulal/gazebo_ws/install/vr_sim/share/vr_sim/environment/ament_prefix_path.sh
[1.815s] -- Installing: /home/zulal/gazebo_ws/install/vr_sim/share/vr_sim/environment/ament_prefix_path.dsv
[1.815s] -- Installing: /home/zulal/gazebo_ws/install/vr_sim/share/vr_sim/environment/path.sh
[1.816s] -- Installing: /home/zulal/gazebo_ws/install/vr_sim/share/vr_sim/environment/path.dsv
[1.816s] -- Installing: /home/zulal/gazebo_ws/install/vr_sim/share/vr_sim/local_setup.bash
[1.816s] -- Installing: /home/zulal/gazebo_ws/install/vr_sim/share/vr_sim/local_setup.sh
[1.816s] -- Installing: /home/zulal/gazebo_ws/install/vr_sim/share/vr_sim/local_setup.zsh
[1.816s] -- Installing: /home/zulal/gazebo_ws/install/vr_sim/share/vr_sim/local_setup.dsv
[1.816s] -- Installing: /home/zulal/gazebo_ws/install/vr_sim/share/vr_sim/package.dsv
[1.816s] -- Installing: /home/zulal/gazebo_ws/install/vr_sim/share/ament_index/resource_index/packages/vr_sim
[1.816s] -- Installing: /home/zulal/gazebo_ws/install/vr_sim/share/vr_sim/cmake/vr_simConfig.cmake
[1.816s] -- Installing: /home/zulal/gazebo_ws/install/vr_sim/share/vr_sim/cmake/vr_simConfig-version.cmake
[1.817s] -- Installing: /home/zulal/gazebo_ws/install/vr_sim/share/vr_sim/package.xml
[1.819s] Invoked command in '/home/zulal/gazebo_ws/build/vr_sim' returned '0': CMAKE_PREFIX_PATH=${CMAKE_PREFIX_PATH}:/opt/ros/humble /usr/bin/cmake --install /home/zulal/gazebo_ws/build/vr_sim
