[0.903s] Invoking command in '/home/zulal/gazebo_ws/build/vr_sim': CMAKE_PREFIX_PATH=${CMAKE_PREFIX_PATH}:/home/zulal/gazebo_ws/install/vr_camera:/home/zulal/gazebo_ws/install/tf_server:/opt/ros/humble /usr/bin/cmake --build /home/zulal/gazebo_ws/build/vr_sim -- -j12 -l12
[0.957s] [100%] Built target image_duplicator
[0.957s] [100%] Built target sphere_mover
[0.967s] Invoked command in '/home/zulal/gazebo_ws/build/vr_sim' returned '0': CMAKE_PREFIX_PATH=${CMAKE_PREFIX_PATH}:/home/zulal/gazebo_ws/install/vr_camera:/home/zulal/gazebo_ws/install/tf_server:/opt/ros/humble /usr/bin/cmake --build /home/zulal/gazebo_ws/build/vr_sim -- -j12 -l12
[1.005s] Invoking command in '/home/zulal/gazebo_ws/build/vr_sim': CMAKE_PREFIX_PATH=${CMAKE_PREFIX_PATH}:/home/zulal/gazebo_ws/install/vr_camera:/home/zulal/gazebo_ws/install/tf_server:/opt/ros/humble /usr/bin/cmake --install /home/zulal/gazebo_ws/build/vr_sim
[1.015s] -- Install configuration: ""
[1.015s] -- Execute custom install script
[1.015s] -- Up-to-date symlink: /home/zulal/gazebo_ws/install/vr_sim/share/vr_sim//launch/display_ros2.rviz
[1.016s] -- Up-to-date symlink: /home/zulal/gazebo_ws/install/vr_sim/share/vr_sim//launch/gazebo.launch.py
[1.016s] -- Up-to-date symlink: /home/zulal/gazebo_ws/install/vr_sim/share/vr_sim//launch/rviz.launch.py
[1.016s] -- Symlinking: /home/zulal/gazebo_ws/install/vr_sim/share/vr_sim//urdf/head.urdf
[1.023s] -- Symlinking: /home/zulal/gazebo_ws/install/vr_sim/share/vr_sim//urdf/head_vrglass.urdf
[1.031s] -- Up-to-date symlink: /home/zulal/gazebo_ws/install/vr_sim/share/vr_sim//worlds/cafe.world
[1.031s] -- Up-to-date symlink: /home/zulal/gazebo_ws/install/vr_sim/share/vr_sim//worlds/house.world
[1.031s] -- Up-to-date symlink: /home/zulal/gazebo_ws/install/vr_sim/share/vr_sim//worlds/model1.world
[1.031s] -- Up-to-date symlink: /home/zulal/gazebo_ws/install/vr_sim/share/vr_sim//worlds/office.world
[1.032s] -- Up-to-date symlink: /home/zulal/gazebo_ws/install/vr_sim/share/vr_sim//meshes/head.stl
[1.032s] -- Up-to-date symlink: /home/zulal/gazebo_ws/install/vr_sim/share/vr_sim//meshes/head_vrglass.stl
[1.034s] -- Up-to-date symlink: /home/zulal/gazebo_ws/install/vr_sim/share/vr_sim//models/book_open/materials/scripts/book_page.material
[1.034s] -- Up-to-date symlink: /home/zulal/gazebo_ws/install/vr_sim/share/vr_sim//models/book_open/materials/textures/page.jpg
[1.034s] -- Up-to-date symlink: /home/zulal/gazebo_ws/install/vr_sim/share/vr_sim//models/book_open/meshes/cover.dae
[1.035s] -- Up-to-date symlink: /home/zulal/gazebo_ws/install/vr_sim/share/vr_sim//models/book_open/meshes/open_book.dae
[1.035s] -- Up-to-date symlink: /home/zulal/gazebo_ws/install/vr_sim/share/vr_sim//models/book_open/meshes/open_page.dae
[1.035s] -- Up-to-date symlink: /home/zulal/gazebo_ws/install/vr_sim/share/vr_sim//models/book_open/meshes/pages.dae
[1.035s] -- Up-to-date symlink: /home/zulal/gazebo_ws/install/vr_sim/share/vr_sim//models/book_open/model.config
[1.035s] -- Up-to-date symlink: /home/zulal/gazebo_ws/install/vr_sim/share/vr_sim//models/book_open/model.sdf
[1.035s] -- Up-to-date symlink: /home/zulal/gazebo_ws/install/vr_sim/share/vr_sim//models/chair_3/meshes/model.dae
[1.035s] -- Up-to-date symlink: /home/zulal/gazebo_ws/install/vr_sim/share/vr_sim//models/chair_3/model.config
[1.035s] -- Up-to-date symlink: /home/zulal/gazebo_ws/install/vr_sim/share/vr_sim//models/chair_3/model.sdf
[1.035s] -- Up-to-date symlink: /home/zulal/gazebo_ws/install/vr_sim/share/vr_sim//models/chair_set_2/materials/scripts/chair_set_2.material
[1.035s] -- Up-to-date symlink: /home/zulal/gazebo_ws/install/vr_sim/share/vr_sim//models/chair_set_2/materials/textures/fabric_green.jpg
[1.036s] -- Up-to-date symlink: /home/zulal/gazebo_ws/install/vr_sim/share/vr_sim//models/chair_set_2/meshes/chair_cushions.dae
[1.036s] -- Up-to-date symlink: /home/zulal/gazebo_ws/install/vr_sim/share/vr_sim//models/chair_set_2/meshes/chair_frame.dae
[1.036s] -- Up-to-date symlink: /home/zulal/gazebo_ws/install/vr_sim/share/vr_sim//models/chair_set_2/meshes/chair_full.dae
[1.036s] -- Up-to-date symlink: /home/zulal/gazebo_ws/install/vr_sim/share/vr_sim//models/chair_set_2/meshes/model.dae
[1.036s] -- Up-to-date symlink: /home/zulal/gazebo_ws/install/vr_sim/share/vr_sim//models/chair_set_2/model.config
[1.036s] -- Up-to-date symlink: /home/zulal/gazebo_ws/install/vr_sim/share/vr_sim//models/chair_set_2/model.sdf
[1.036s] -- Up-to-date symlink: /home/zulal/gazebo_ws/install/vr_sim/share/vr_sim//models/coffee_machine/materials/scripts/coffee_body.material
[1.036s] -- Up-to-date symlink: /home/zulal/gazebo_ws/install/vr_sim/share/vr_sim//models/coffee_machine/materials/scripts/coffee_drain.material
[1.037s] -- Up-to-date symlink: /home/zulal/gazebo_ws/install/vr_sim/share/vr_sim//models/coffee_machine/materials/scripts/coffee_panel.material
[1.037s] -- Up-to-date symlink: /home/zulal/gazebo_ws/install/vr_sim/share/vr_sim//models/coffee_machine/materials/scripts/coffee_shaft.material
[1.037s] -- Up-to-date symlink: /home/zulal/gazebo_ws/install/vr_sim/share/vr_sim//models/coffee_machine/materials/textures/black_metal.jpg
[1.037s] -- Up-to-date symlink: /home/zulal/gazebo_ws/install/vr_sim/share/vr_sim//models/coffee_machine/materials/textures/drain.jpg
[1.037s] -- Up-to-date symlink: /home/zulal/gazebo_ws/install/vr_sim/share/vr_sim//models/coffee_machine/materials/textures/panel.jpg
[1.037s] -- Up-to-date symlink: /home/zulal/gazebo_ws/install/vr_sim/share/vr_sim//models/coffee_machine/materials/textures/steel.jpg
[1.037s] -- Up-to-date symlink: /home/zulal/gazebo_ws/install/vr_sim/share/vr_sim//models/coffee_machine/meshes/body.dae
[1.037s] -- Up-to-date symlink: /home/zulal/gazebo_ws/install/vr_sim/share/vr_sim//models/coffee_machine/meshes/coffee_machine.dae
[1.038s] -- Up-to-date symlink: /home/zulal/gazebo_ws/install/vr_sim/share/vr_sim//models/coffee_machine/meshes/drain.dae
[1.038s] -- Up-to-date symlink: /home/zulal/gazebo_ws/install/vr_sim/share/vr_sim//models/coffee_machine/meshes/model.dae
[1.038s] -- Up-to-date symlink: /home/zulal/gazebo_ws/install/vr_sim/share/vr_sim//models/coffee_machine/meshes/panel.dae
[1.038s] -- Up-to-date symlink: /home/zulal/gazebo_ws/install/vr_sim/share/vr_sim//models/coffee_machine/meshes/sivler.dae
[1.038s] -- Up-to-date symlink: /home/zulal/gazebo_ws/install/vr_sim/share/vr_sim//models/coffee_machine/model.config
[1.038s] -- Up-to-date symlink: /home/zulal/gazebo_ws/install/vr_sim/share/vr_sim//models/coffee_machine/model.sdf
[1.038s] -- Up-to-date symlink: /home/zulal/gazebo_ws/install/vr_sim/share/vr_sim//models/computer_case/meshes/case.dae
[1.038s] -- Up-to-date symlink: /home/zulal/gazebo_ws/install/vr_sim/share/vr_sim//models/computer_case/model.config
[1.038s] -- Up-to-date symlink: /home/zulal/gazebo_ws/install/vr_sim/share/vr_sim//models/computer_case/model.sdf
[1.038s] -- Up-to-date symlink: /home/zulal/gazebo_ws/install/vr_sim/share/vr_sim//models/cup_paper/meshes/base.dae
[1.038s] -- Up-to-date symlink: /home/zulal/gazebo_ws/install/vr_sim/share/vr_sim//models/cup_paper/meshes/lid.dae
[1.039s] -- Up-to-date symlink: /home/zulal/gazebo_ws/install/vr_sim/share/vr_sim//models/cup_paper/model.config
[1.039s] -- Up-to-date symlink: /home/zulal/gazebo_ws/install/vr_sim/share/vr_sim//models/cup_paper/model.sdf
[1.039s] -- Up-to-date symlink: /home/zulal/gazebo_ws/install/vr_sim/share/vr_sim//models/desk_brown/materials/scripts/desk_brown.material
[1.039s] -- Up-to-date symlink: /home/zulal/gazebo_ws/install/vr_sim/share/vr_sim//models/desk_brown/materials/textures/des_b.jpg
[1.039s] -- Up-to-date symlink: /home/zulal/gazebo_ws/install/vr_sim/share/vr_sim//models/desk_brown/meshes/table.dae
[1.039s] -- Up-to-date symlink: /home/zulal/gazebo_ws/install/vr_sim/share/vr_sim//models/desk_brown/model.config
[1.039s] -- Up-to-date symlink: /home/zulal/gazebo_ws/install/vr_sim/share/vr_sim//models/desk_brown/model.sdf
[1.039s] -- Up-to-date symlink: /home/zulal/gazebo_ws/install/vr_sim/share/vr_sim//models/door_3d/materials/scripts/door_3d.material
[1.039s] -- Up-to-date symlink: /home/zulal/gazebo_ws/install/vr_sim/share/vr_sim//models/door_3d/materials/scripts/door_handle.material
[1.039s] -- Up-to-date symlink: /home/zulal/gazebo_ws/install/vr_sim/share/vr_sim//models/door_3d/materials/textures/door_3d.jpg
[1.039s] -- Up-to-date symlink: /home/zulal/gazebo_ws/install/vr_sim/share/vr_sim//models/door_3d/materials/textures/silver_door.jpg
[1.040s] -- Up-to-date symlink: /home/zulal/gazebo_ws/install/vr_sim/share/vr_sim//models/door_3d/meshes/door.dae
[1.040s] -- Up-to-date symlink: /home/zulal/gazebo_ws/install/vr_sim/share/vr_sim//models/door_3d/meshes/door_v2.dae
[1.040s] -- Up-to-date symlink: /home/zulal/gazebo_ws/install/vr_sim/share/vr_sim//models/door_3d/meshes/door_v2_door.dae
[1.040s] -- Up-to-date symlink: /home/zulal/gazebo_ws/install/vr_sim/share/vr_sim//models/door_3d/meshes/door_v2_handle.dae
[1.040s] -- Up-to-date symlink: /home/zulal/gazebo_ws/install/vr_sim/share/vr_sim//models/door_3d/meshes/model.dae
[1.040s] -- Up-to-date symlink: /home/zulal/gazebo_ws/install/vr_sim/share/vr_sim//models/door_3d/model.config
[1.040s] -- Up-to-date symlink: /home/zulal/gazebo_ws/install/vr_sim/share/vr_sim//models/door_3d/model.sdf
[1.040s] -- Up-to-date symlink: /home/zulal/gazebo_ws/install/vr_sim/share/vr_sim//models/file_1/meshes/body.dae
[1.040s] -- Up-to-date symlink: /home/zulal/gazebo_ws/install/vr_sim/share/vr_sim//models/file_1/meshes/model.dae
[1.040s] -- Up-to-date symlink: /home/zulal/gazebo_ws/install/vr_sim/share/vr_sim//models/file_1/meshes/ring.dae
[1.040s] -- Up-to-date symlink: /home/zulal/gazebo_ws/install/vr_sim/share/vr_sim//models/file_1/meshes/tag.dae
[1.040s] -- Up-to-date symlink: /home/zulal/gazebo_ws/install/vr_sim/share/vr_sim//models/file_1/model.config
[1.041s] -- Up-to-date symlink: /home/zulal/gazebo_ws/install/vr_sim/share/vr_sim//models/file_1/model.sdf
[1.041s] -- Up-to-date symlink: /home/zulal/gazebo_ws/install/vr_sim/share/vr_sim//models/file_2/materials/scripts/file_2_metal.material
[1.041s] -- Up-to-date symlink: /home/zulal/gazebo_ws/install/vr_sim/share/vr_sim//models/file_2/materials/textures/Metal_Rough.jpg
[1.041s] -- Up-to-date symlink: /home/zulal/gazebo_ws/install/vr_sim/share/vr_sim//models/file_2/meshes/body.dae
[1.041s] -- Up-to-date symlink: /home/zulal/gazebo_ws/install/vr_sim/share/vr_sim//models/file_2/meshes/metal.dae
[1.041s] -- Up-to-date symlink: /home/zulal/gazebo_ws/install/vr_sim/share/vr_sim//models/file_2/meshes/model.dae
[1.041s] -- Up-to-date symlink: /home/zulal/gazebo_ws/install/vr_sim/share/vr_sim//models/file_2/meshes/tag.dae
[1.041s] -- Up-to-date symlink: /home/zulal/gazebo_ws/install/vr_sim/share/vr_sim//models/file_2/model.config
[1.041s] -- Up-to-date symlink: /home/zulal/gazebo_ws/install/vr_sim/share/vr_sim//models/file_2/model.sdf
[1.042s] -- Up-to-date symlink: /home/zulal/gazebo_ws/install/vr_sim/share/vr_sim//models/file_2/model/Metal_Rough.jpg
[1.042s] -- Up-to-date symlink: /home/zulal/gazebo_ws/install/vr_sim/share/vr_sim//models/file_2/model/texture.png
[1.042s] -- Up-to-date symlink: /home/zulal/gazebo_ws/install/vr_sim/share/vr_sim//models/file_box_4/materials/scripts/file_box.material
[1.042s] -- Up-to-date symlink: /home/zulal/gazebo_ws/install/vr_sim/share/vr_sim//models/file_box_4/materials/textures/Woven_Slate_Blue.jpg
[1.043s] -- Up-to-date symlink: /home/zulal/gazebo_ws/install/vr_sim/share/vr_sim//models/file_box_4/meshes/body.dae
[1.043s] -- Up-to-date symlink: /home/zulal/gazebo_ws/install/vr_sim/share/vr_sim//models/file_box_4/meshes/ring.dae
[1.043s] -- Up-to-date symlink: /home/zulal/gazebo_ws/install/vr_sim/share/vr_sim//models/file_box_4/meshes/tag.dae
[1.043s] -- Up-to-date symlink: /home/zulal/gazebo_ws/install/vr_sim/share/vr_sim//models/file_box_4/model.config
[1.043s] -- Up-to-date symlink: /home/zulal/gazebo_ws/install/vr_sim/share/vr_sim//models/file_box_4/model.sdf
[1.043s] -- Up-to-date symlink: /home/zulal/gazebo_ws/install/vr_sim/share/vr_sim//models/file_cabinet_small/materials/scripts/file_black.material
[1.043s] -- Up-to-date symlink: /home/zulal/gazebo_ws/install/vr_sim/share/vr_sim//models/file_cabinet_small/materials/textures/metal_black_2.jpg
[1.043s] -- Up-to-date symlink: /home/zulal/gazebo_ws/install/vr_sim/share/vr_sim//models/file_cabinet_small/meshes/model.dae
[1.044s] -- Up-to-date symlink: /home/zulal/gazebo_ws/install/vr_sim/share/vr_sim//models/file_cabinet_small/model.config
[1.044s] -- Up-to-date symlink: /home/zulal/gazebo_ws/install/vr_sim/share/vr_sim//models/file_cabinet_small/model.sdf
[1.044s] -- Up-to-date symlink: /home/zulal/gazebo_ws/install/vr_sim/share/vr_sim//models/keyboard/meshes/key.dae
[1.044s] -- Up-to-date symlink: /home/zulal/gazebo_ws/install/vr_sim/share/vr_sim//models/keyboard/meshes/key_1.dae
[1.044s] -- Up-to-date symlink: /home/zulal/gazebo_ws/install/vr_sim/share/vr_sim//models/keyboard/meshes/keyboard1.dae
[1.044s] -- Up-to-date symlink: /home/zulal/gazebo_ws/install/vr_sim/share/vr_sim//models/keyboard/meshes/letters.dae
[1.044s] -- Up-to-date symlink: /home/zulal/gazebo_ws/install/vr_sim/share/vr_sim//models/keyboard/model.config
[1.044s] -- Up-to-date symlink: /home/zulal/gazebo_ws/install/vr_sim/share/vr_sim//models/keyboard/model.sdf
[1.044s] -- Up-to-date symlink: /home/zulal/gazebo_ws/install/vr_sim/share/vr_sim//models/labtop_mac_2/materials/scripts/labtop_screen_2.material
[1.044s] -- Up-to-date symlink: /home/zulal/gazebo_ws/install/vr_sim/share/vr_sim//models/labtop_mac_2/materials/textures/labtop_screen2.jpg
[1.044s] -- Up-to-date symlink: /home/zulal/gazebo_ws/install/vr_sim/share/vr_sim//models/labtop_mac_2/meshes/body.dae
[1.044s] -- Up-to-date symlink: /home/zulal/gazebo_ws/install/vr_sim/share/vr_sim//models/labtop_mac_2/meshes/keys.dae
[1.044s] -- Up-to-date symlink: /home/zulal/gazebo_ws/install/vr_sim/share/vr_sim//models/labtop_mac_2/meshes/labtop.dae
[1.044s] -- Up-to-date symlink: /home/zulal/gazebo_ws/install/vr_sim/share/vr_sim//models/labtop_mac_2/meshes/screen.dae
[1.045s] -- Up-to-date symlink: /home/zulal/gazebo_ws/install/vr_sim/share/vr_sim//models/labtop_mac_2/model.config
[1.045s] -- Up-to-date symlink: /home/zulal/gazebo_ws/install/vr_sim/share/vr_sim//models/labtop_mac_2/model.sdf
[1.045s] -- Up-to-date symlink: /home/zulal/gazebo_ws/install/vr_sim/share/vr_sim//models/laptop_pc_1/materials/scripts/laptop_pc_lines.material
[1.045s] -- Up-to-date symlink: /home/zulal/gazebo_ws/install/vr_sim/share/vr_sim//models/laptop_pc_1/materials/scripts/laptop_pc_screen_1.material
[1.045s] -- Up-to-date symlink: /home/zulal/gazebo_ws/install/vr_sim/share/vr_sim//models/laptop_pc_1/materials/scripts/laptop_pc_silver.material
[1.045s] -- Up-to-date symlink: /home/zulal/gazebo_ws/install/vr_sim/share/vr_sim//models/laptop_pc_1/materials/textures/metal_red.jpg
[1.045s] -- Up-to-date symlink: /home/zulal/gazebo_ws/install/vr_sim/share/vr_sim//models/laptop_pc_1/materials/textures/screen_1_pc.jpg
[1.045s] -- Up-to-date symlink: /home/zulal/gazebo_ws/install/vr_sim/share/vr_sim//models/laptop_pc_1/materials/textures/screen_2_pc.jpg
[1.045s] -- Up-to-date symlink: /home/zulal/gazebo_ws/install/vr_sim/share/vr_sim//models/laptop_pc_1/materials/textures/silver.jpg
[1.045s] -- Up-to-date symlink: /home/zulal/gazebo_ws/install/vr_sim/share/vr_sim//models/laptop_pc_1/meshes/body.dae
[1.045s] -- Up-to-date symlink: /home/zulal/gazebo_ws/install/vr_sim/share/vr_sim//models/laptop_pc_1/meshes/bottom.dae
[1.046s] -- Up-to-date symlink: /home/zulal/gazebo_ws/install/vr_sim/share/vr_sim//models/laptop_pc_1/meshes/keys.dae
[1.046s] -- Up-to-date symlink: /home/zulal/gazebo_ws/install/vr_sim/share/vr_sim//models/laptop_pc_1/meshes/letters.dae
[1.046s] -- Up-to-date symlink: /home/zulal/gazebo_ws/install/vr_sim/share/vr_sim//models/laptop_pc_1/meshes/lines.dae
[1.046s] -- Up-to-date symlink: /home/zulal/gazebo_ws/install/vr_sim/share/vr_sim//models/laptop_pc_1/meshes/mid.dae
[1.046s] -- Up-to-date symlink: /home/zulal/gazebo_ws/install/vr_sim/share/vr_sim//models/laptop_pc_1/meshes/mid2.dae
[1.046s] -- Up-to-date symlink: /home/zulal/gazebo_ws/install/vr_sim/share/vr_sim//models/laptop_pc_1/meshes/mid3.dae
[1.046s] -- Up-to-date symlink: /home/zulal/gazebo_ws/install/vr_sim/share/vr_sim//models/laptop_pc_1/meshes/model.dae
[1.046s] -- Up-to-date symlink: /home/zulal/gazebo_ws/install/vr_sim/share/vr_sim//models/laptop_pc_1/meshes/screen.dae
[1.046s] -- Up-to-date symlink: /home/zulal/gazebo_ws/install/vr_sim/share/vr_sim//models/laptop_pc_1/meshes/silver.dae
[1.047s] -- Up-to-date symlink: /home/zulal/gazebo_ws/install/vr_sim/share/vr_sim//models/laptop_pc_1/model.config
[1.047s] -- Up-to-date symlink: /home/zulal/gazebo_ws/install/vr_sim/share/vr_sim//models/laptop_pc_1/model.sdf
[1.047s] -- Up-to-date symlink: /home/zulal/gazebo_ws/install/vr_sim/share/vr_sim//models/monitor_1/materials/scripts/monitor_screen.material
[1.047s] -- Up-to-date symlink: /home/zulal/gazebo_ws/install/vr_sim/share/vr_sim//models/monitor_1/materials/textures/screen.jpg
[1.047s] -- Up-to-date symlink: /home/zulal/gazebo_ws/install/vr_sim/share/vr_sim//models/monitor_1/meshes/frame.dae
[1.047s] -- Up-to-date symlink: /home/zulal/gazebo_ws/install/vr_sim/share/vr_sim//models/monitor_1/meshes/monitor.dae
[1.047s] -- Up-to-date symlink: /home/zulal/gazebo_ws/install/vr_sim/share/vr_sim//models/monitor_1/meshes/screen1.dae
[1.047s] -- Up-to-date symlink: /home/zulal/gazebo_ws/install/vr_sim/share/vr_sim//models/monitor_1/model.config
[1.047s] -- Up-to-date symlink: /home/zulal/gazebo_ws/install/vr_sim/share/vr_sim//models/monitor_1/model.sdf
[1.047s] -- Up-to-date symlink: /home/zulal/gazebo_ws/install/vr_sim/share/vr_sim//models/monitor_2/materials/scripts/monitor_screen_2.material
[1.048s] -- Up-to-date symlink: /home/zulal/gazebo_ws/install/vr_sim/share/vr_sim//models/monitor_2/materials/textures/aqua_screen.jpg
[1.048s] -- Up-to-date symlink: /home/zulal/gazebo_ws/install/vr_sim/share/vr_sim//models/monitor_2/meshes/frame.dae
[1.048s] -- Up-to-date symlink: /home/zulal/gazebo_ws/install/vr_sim/share/vr_sim//models/monitor_2/meshes/monitor.dae
[1.048s] -- Up-to-date symlink: /home/zulal/gazebo_ws/install/vr_sim/share/vr_sim//models/monitor_2/meshes/screen1.dae
[1.048s] -- Up-to-date symlink: /home/zulal/gazebo_ws/install/vr_sim/share/vr_sim//models/monitor_2/model.config
[1.048s] -- Up-to-date symlink: /home/zulal/gazebo_ws/install/vr_sim/share/vr_sim//models/monitor_2/model.sdf
[1.048s] -- Up-to-date symlink: /home/zulal/gazebo_ws/install/vr_sim/share/vr_sim//models/monitor_3/materials/scripts/monitor_screen_3.material
[1.048s] -- Up-to-date symlink: /home/zulal/gazebo_ws/install/vr_sim/share/vr_sim//models/monitor_3/materials/textures/prog_screen.png
[1.048s] -- Up-to-date symlink: /home/zulal/gazebo_ws/install/vr_sim/share/vr_sim//models/monitor_3/meshes/frame.dae
[1.048s] -- Up-to-date symlink: /home/zulal/gazebo_ws/install/vr_sim/share/vr_sim//models/monitor_3/meshes/monitor.dae
[1.049s] -- Up-to-date symlink: /home/zulal/gazebo_ws/install/vr_sim/share/vr_sim//models/monitor_3/meshes/screen1.dae
[1.049s] -- Up-to-date symlink: /home/zulal/gazebo_ws/install/vr_sim/share/vr_sim//models/monitor_3/model.config
[1.049s] -- Up-to-date symlink: /home/zulal/gazebo_ws/install/vr_sim/share/vr_sim//models/monitor_3/model.sdf
[1.049s] -- Up-to-date symlink: /home/zulal/gazebo_ws/install/vr_sim/share/vr_sim//models/mouse/meshes/mouse.dae
[1.049s] -- Up-to-date symlink: /home/zulal/gazebo_ws/install/vr_sim/share/vr_sim//models/mouse/model.config
[1.049s] -- Up-to-date symlink: /home/zulal/gazebo_ws/install/vr_sim/share/vr_sim//models/mouse/model.sdf
[1.049s] -- Up-to-date symlink: /home/zulal/gazebo_ws/install/vr_sim/share/vr_sim//models/office_chair/meshes/chair_base.dae
[1.049s] -- Up-to-date symlink: /home/zulal/gazebo_ws/install/vr_sim/share/vr_sim//models/office_chair/meshes/chair_cushion.dae
[1.049s] -- Up-to-date symlink: /home/zulal/gazebo_ws/install/vr_sim/share/vr_sim//models/office_chair/meshes/chair_wheels.dae
[1.050s] -- Up-to-date symlink: /home/zulal/gazebo_ws/install/vr_sim/share/vr_sim//models/office_chair/model.config
[1.050s] -- Up-to-date symlink: /home/zulal/gazebo_ws/install/vr_sim/share/vr_sim//models/office_chair/model.sdf
[1.050s] -- Up-to-date symlink: /home/zulal/gazebo_ws/install/vr_sim/share/vr_sim//models/office_small/materials/scripts/Floor.material
[1.050s] -- Up-to-date symlink: /home/zulal/gazebo_ws/install/vr_sim/share/vr_sim//models/office_small/materials/scripts/wall_white.material
[1.050s] -- Up-to-date symlink: /home/zulal/gazebo_ws/install/vr_sim/share/vr_sim//models/office_small/materials/textures/cl1.jpg
[1.050s] -- Up-to-date symlink: /home/zulal/gazebo_ws/install/vr_sim/share/vr_sim//models/office_small/materials/textures/cl2.jpg
[1.050s] -- Up-to-date symlink: /home/zulal/gazebo_ws/install/vr_sim/share/vr_sim//models/office_small/materials/textures/cl3.jpg
[1.050s] -- Up-to-date symlink: /home/zulal/gazebo_ws/install/vr_sim/share/vr_sim//models/office_small/materials/textures/cl4.jpg
[1.050s] -- Up-to-date symlink: /home/zulal/gazebo_ws/install/vr_sim/share/vr_sim//models/office_small/materials/textures/cl5.jpg
[1.050s] -- Up-to-date symlink: /home/zulal/gazebo_ws/install/vr_sim/share/vr_sim//models/office_small/materials/textures/cl6.jpg
[1.050s] -- Up-to-date symlink: /home/zulal/gazebo_ws/install/vr_sim/share/vr_sim//models/office_small/materials/textures/cp1.jpg
[1.050s] -- Up-to-date symlink: /home/zulal/gazebo_ws/install/vr_sim/share/vr_sim//models/office_small/materials/textures/cp10.jpg
[1.051s] -- Up-to-date symlink: /home/zulal/gazebo_ws/install/vr_sim/share/vr_sim//models/office_small/materials/textures/cp11.jpg
[1.051s] -- Up-to-date symlink: /home/zulal/gazebo_ws/install/vr_sim/share/vr_sim//models/office_small/materials/textures/cp12.jpg
[1.051s] -- Up-to-date symlink: /home/zulal/gazebo_ws/install/vr_sim/share/vr_sim//models/office_small/materials/textures/cp2.jpg
[1.051s] -- Up-to-date symlink: /home/zulal/gazebo_ws/install/vr_sim/share/vr_sim//models/office_small/materials/textures/cp3.jpg
[1.051s] -- Up-to-date symlink: /home/zulal/gazebo_ws/install/vr_sim/share/vr_sim//models/office_small/materials/textures/cp4.jpg
[1.051s] -- Up-to-date symlink: /home/zulal/gazebo_ws/install/vr_sim/share/vr_sim//models/office_small/materials/textures/cp5.png
[1.051s] -- Up-to-date symlink: /home/zulal/gazebo_ws/install/vr_sim/share/vr_sim//models/office_small/materials/textures/cp6.jpg
[1.051s] -- Up-to-date symlink: /home/zulal/gazebo_ws/install/vr_sim/share/vr_sim//models/office_small/materials/textures/cp7.jpg
[1.051s] -- Up-to-date symlink: /home/zulal/gazebo_ws/install/vr_sim/share/vr_sim//models/office_small/materials/textures/cp8.jpg
[1.051s] -- Up-to-date symlink: /home/zulal/gazebo_ws/install/vr_sim/share/vr_sim//models/office_small/materials/textures/cp9.jpg
[1.051s] -- Up-to-date symlink: /home/zulal/gazebo_ws/install/vr_sim/share/vr_sim//models/office_small/materials/textures/hd1.jpg
[1.052s] -- Up-to-date symlink: /home/zulal/gazebo_ws/install/vr_sim/share/vr_sim//models/office_small/materials/textures/hd2.gif
[1.052s] -- Up-to-date symlink: /home/zulal/gazebo_ws/install/vr_sim/share/vr_sim//models/office_small/materials/textures/hd3.jpg
[1.052s] -- Up-to-date symlink: /home/zulal/gazebo_ws/install/vr_sim/share/vr_sim//models/office_small/materials/textures/hd4.jpg
[1.052s] -- Up-to-date symlink: /home/zulal/gazebo_ws/install/vr_sim/share/vr_sim//models/office_small/materials/textures/hd5.jpg
[1.052s] -- Up-to-date symlink: /home/zulal/gazebo_ws/install/vr_sim/share/vr_sim//models/office_small/materials/textures/hd6.png
[1.052s] -- Up-to-date symlink: /home/zulal/gazebo_ws/install/vr_sim/share/vr_sim//models/office_small/materials/textures/hd7.jpg
[1.052s] -- Up-to-date symlink: /home/zulal/gazebo_ws/install/vr_sim/share/vr_sim//models/office_small/materials/textures/hd8.jpg
[1.052s] -- Up-to-date symlink: /home/zulal/gazebo_ws/install/vr_sim/share/vr_sim//models/office_small/materials/textures/wall_color_white.jpg
[1.052s] -- Up-to-date symlink: /home/zulal/gazebo_ws/install/vr_sim/share/vr_sim//models/office_small/model.config
[1.052s] -- Up-to-date symlink: /home/zulal/gazebo_ws/install/vr_sim/share/vr_sim//models/office_small/model.sdf
[1.052s] -- Up-to-date symlink: /home/zulal/gazebo_ws/install/vr_sim/share/vr_sim//models/picture_frame_large_2/materials/scripts/frame_text.material
[1.053s] -- Up-to-date symlink: /home/zulal/gazebo_ws/install/vr_sim/share/vr_sim//models/picture_frame_large_2/materials/scripts/pic_frame_large_2.material
[1.053s] -- Up-to-date symlink: /home/zulal/gazebo_ws/install/vr_sim/share/vr_sim//models/picture_frame_large_2/materials/textures/animal.jpg
[1.053s] -- Up-to-date symlink: /home/zulal/gazebo_ws/install/vr_sim/share/vr_sim//models/picture_frame_large_2/materials/textures/frame.jpg
[1.053s] -- Up-to-date symlink: /home/zulal/gazebo_ws/install/vr_sim/share/vr_sim//models/picture_frame_large_2/materials/textures/fruit.jpg
[1.053s] -- Up-to-date symlink: /home/zulal/gazebo_ws/install/vr_sim/share/vr_sim//models/picture_frame_large_2/materials/textures/nature.jpg
[1.053s] -- Up-to-date symlink: /home/zulal/gazebo_ws/install/vr_sim/share/vr_sim//models/picture_frame_large_2/materials/textures/turing.jpg
[1.054s] -- Up-to-date symlink: /home/zulal/gazebo_ws/install/vr_sim/share/vr_sim//models/picture_frame_large_2/meshes/center.dae
[1.054s] -- Up-to-date symlink: /home/zulal/gazebo_ws/install/vr_sim/share/vr_sim//models/picture_frame_large_2/meshes/frame.dae
[1.054s] -- Up-to-date symlink: /home/zulal/gazebo_ws/install/vr_sim/share/vr_sim//models/picture_frame_large_2/model.config
[1.054s] -- Up-to-date symlink: /home/zulal/gazebo_ws/install/vr_sim/share/vr_sim//models/picture_frame_large_2/model.sdf
[1.054s] -- Up-to-date symlink: /home/zulal/gazebo_ws/install/vr_sim/share/vr_sim//models/picture_frame_large_6/materials/scripts/frame_text.material
[1.054s] -- Up-to-date symlink: /home/zulal/gazebo_ws/install/vr_sim/share/vr_sim//models/picture_frame_large_6/materials/scripts/pic_frame_large_6.material
[1.054s] -- Up-to-date symlink: /home/zulal/gazebo_ws/install/vr_sim/share/vr_sim//models/picture_frame_large_6/materials/textures/animal.jpg
[1.055s] -- Up-to-date symlink: /home/zulal/gazebo_ws/install/vr_sim/share/vr_sim//models/picture_frame_large_6/materials/textures/frame.jpg
[1.055s] -- Up-to-date symlink: /home/zulal/gazebo_ws/install/vr_sim/share/vr_sim//models/picture_frame_large_6/materials/textures/fruit.jpg
[1.055s] -- Up-to-date symlink: /home/zulal/gazebo_ws/install/vr_sim/share/vr_sim//models/picture_frame_large_6/materials/textures/nature.jpg
[1.055s] -- Up-to-date symlink: /home/zulal/gazebo_ws/install/vr_sim/share/vr_sim//models/picture_frame_large_6/materials/textures/robot_2.jpg
[1.055s] -- Up-to-date symlink: /home/zulal/gazebo_ws/install/vr_sim/share/vr_sim//models/picture_frame_large_6/materials/textures/turing.jpg
[1.055s] -- Up-to-date symlink: /home/zulal/gazebo_ws/install/vr_sim/share/vr_sim//models/picture_frame_large_6/meshes/center.dae
[1.055s] -- Up-to-date symlink: /home/zulal/gazebo_ws/install/vr_sim/share/vr_sim//models/picture_frame_large_6/meshes/frame.dae
[1.056s] -- Up-to-date symlink: /home/zulal/gazebo_ws/install/vr_sim/share/vr_sim//models/picture_frame_large_6/model.config
[1.056s] -- Up-to-date symlink: /home/zulal/gazebo_ws/install/vr_sim/share/vr_sim//models/picture_frame_large_6/model.sdf
[1.056s] -- Up-to-date symlink: /home/zulal/gazebo_ws/install/vr_sim/share/vr_sim//models/picture_frame_large_7/materials/scripts/frame_text.material
[1.056s] -- Up-to-date symlink: /home/zulal/gazebo_ws/install/vr_sim/share/vr_sim//models/picture_frame_large_7/materials/scripts/pic_frame_large_7.material
[1.056s] -- Up-to-date symlink: /home/zulal/gazebo_ws/install/vr_sim/share/vr_sim//models/picture_frame_large_7/materials/textures/frame.jpg
[1.056s] -- Up-to-date symlink: /home/zulal/gazebo_ws/install/vr_sim/share/vr_sim//models/picture_frame_large_7/materials/textures/japanese.jpg
[1.057s] -- Up-to-date symlink: /home/zulal/gazebo_ws/install/vr_sim/share/vr_sim//models/picture_frame_large_7/meshes/center.dae
[1.057s] -- Up-to-date symlink: /home/zulal/gazebo_ws/install/vr_sim/share/vr_sim//models/picture_frame_large_7/meshes/frame.dae
[1.057s] -- Up-to-date symlink: /home/zulal/gazebo_ws/install/vr_sim/share/vr_sim//models/picture_frame_large_7/model.config
[1.057s] -- Up-to-date symlink: /home/zulal/gazebo_ws/install/vr_sim/share/vr_sim//models/picture_frame_large_7/model.sdf
[1.057s] -- Up-to-date symlink: /home/zulal/gazebo_ws/install/vr_sim/share/vr_sim//models/side_table_1/materials/scripts/side_table_1.material
[1.057s] -- Up-to-date symlink: /home/zulal/gazebo_ws/install/vr_sim/share/vr_sim//models/side_table_1/materials/textures/brown_light.jpg
[1.058s] -- Up-to-date symlink: /home/zulal/gazebo_ws/install/vr_sim/share/vr_sim//models/side_table_1/meshes/leg.dae
[1.058s] -- Up-to-date symlink: /home/zulal/gazebo_ws/install/vr_sim/share/vr_sim//models/side_table_1/meshes/legs.dae
[1.058s] -- Up-to-date symlink: /home/zulal/gazebo_ws/install/vr_sim/share/vr_sim//models/side_table_1/meshes/middle.dae
[1.058s] -- Up-to-date symlink: /home/zulal/gazebo_ws/install/vr_sim/share/vr_sim//models/side_table_1/meshes/side_table_1.dae
[1.058s] -- Up-to-date symlink: /home/zulal/gazebo_ws/install/vr_sim/share/vr_sim//models/side_table_1/model.config
[1.058s] -- Up-to-date symlink: /home/zulal/gazebo_ws/install/vr_sim/share/vr_sim//models/side_table_1/model.sdf
[1.059s] -- Up-to-date symlink: /home/zulal/gazebo_ws/install/vr_sim/share/vr_sim//models/table_conference_2/materials/scripts/table_conf_2_legs.material
[1.059s] -- Up-to-date symlink: /home/zulal/gazebo_ws/install/vr_sim/share/vr_sim//models/table_conference_2/materials/scripts/table_conf_2_top.material
[1.059s] -- Up-to-date symlink: /home/zulal/gazebo_ws/install/vr_sim/share/vr_sim//models/table_conference_2/materials/textures/conf_wood.jpg
[1.059s] -- Up-to-date symlink: /home/zulal/gazebo_ws/install/vr_sim/share/vr_sim//models/table_conference_2/materials/textures/conf_wood_2.jpg
[1.059s] -- Up-to-date symlink: /home/zulal/gazebo_ws/install/vr_sim/share/vr_sim//models/table_conference_2/materials/textures/marble.jpg
[1.059s] -- Up-to-date symlink: /home/zulal/gazebo_ws/install/vr_sim/share/vr_sim//models/table_conference_2/meshes/base.dae
[1.059s] -- Up-to-date symlink: /home/zulal/gazebo_ws/install/vr_sim/share/vr_sim//models/table_conference_2/meshes/full.dae
[1.059s] -- Up-to-date symlink: /home/zulal/gazebo_ws/install/vr_sim/share/vr_sim//models/table_conference_2/meshes/glasses.dae
[1.059s] -- Up-to-date symlink: /home/zulal/gazebo_ws/install/vr_sim/share/vr_sim//models/table_conference_2/meshes/model.dae
[1.059s] -- Up-to-date symlink: /home/zulal/gazebo_ws/install/vr_sim/share/vr_sim//models/table_conference_2/meshes/top.dae
[1.059s] -- Up-to-date symlink: /home/zulal/gazebo_ws/install/vr_sim/share/vr_sim//models/table_conference_2/model.config
[1.060s] -- Up-to-date symlink: /home/zulal/gazebo_ws/install/vr_sim/share/vr_sim//models/table_conference_2/model.sdf
[1.060s] -- Up-to-date symlink: /home/zulal/gazebo_ws/install/vr_sim/share/vr_sim//models/tissue_box_3/materials/scripts/mat3.material
[1.060s] -- Up-to-date symlink: /home/zulal/gazebo_ws/install/vr_sim/share/vr_sim//models/tissue_box_3/materials/textures/tissue_pattern1.jpg
[1.060s] -- Up-to-date symlink: /home/zulal/gazebo_ws/install/vr_sim/share/vr_sim//models/tissue_box_3/materials/textures/tissue_pattern2.jpg
[1.060s] -- Up-to-date symlink: /home/zulal/gazebo_ws/install/vr_sim/share/vr_sim//models/tissue_box_3/materials/textures/tissue_pattern3.jpg
[1.060s] -- Up-to-date symlink: /home/zulal/gazebo_ws/install/vr_sim/share/vr_sim//models/tissue_box_3/meshes/box.dae
[1.060s] -- Up-to-date symlink: /home/zulal/gazebo_ws/install/vr_sim/share/vr_sim//models/tissue_box_3/meshes/paper.dae
[1.060s] -- Up-to-date symlink: /home/zulal/gazebo_ws/install/vr_sim/share/vr_sim//models/tissue_box_3/model.config
[1.060s] -- Up-to-date symlink: /home/zulal/gazebo_ws/install/vr_sim/share/vr_sim//models/tissue_box_3/model.sdf
[1.061s] -- Up-to-date symlink: /home/zulal/gazebo_ws/install/vr_sim/share/vr_sim//models/trash_bin/meshes/inner.dae
[1.061s] -- Up-to-date symlink: /home/zulal/gazebo_ws/install/vr_sim/share/vr_sim//models/trash_bin/meshes/model.dae
[1.061s] -- Up-to-date symlink: /home/zulal/gazebo_ws/install/vr_sim/share/vr_sim//models/trash_bin/meshes/outer.dae
[1.061s] -- Up-to-date symlink: /home/zulal/gazebo_ws/install/vr_sim/share/vr_sim//models/trash_bin/model.config
[1.061s] -- Up-to-date symlink: /home/zulal/gazebo_ws/install/vr_sim/share/vr_sim//models/trash_bin/model.sdf
[1.061s] -- Up-to-date symlink: /home/zulal/gazebo_ws/install/vr_sim/lib/vr_sim/sphere_mover
[1.061s] -- Up-to-date symlink: /home/zulal/gazebo_ws/install/vr_sim/lib/vr_sim/image_duplicator
[1.062s] -- Up-to-date symlink: /home/zulal/gazebo_ws/install/vr_sim/share/ament_index/resource_index/package_run_dependencies/vr_sim
[1.062s] -- Up-to-date symlink: /home/zulal/gazebo_ws/install/vr_sim/share/ament_index/resource_index/parent_prefix_path/vr_sim
[1.062s] -- Up-to-date symlink: /home/zulal/gazebo_ws/install/vr_sim/share/vr_sim/environment/ament_prefix_path.sh
[1.062s] -- Up-to-date symlink: /home/zulal/gazebo_ws/install/vr_sim/share/vr_sim/environment/ament_prefix_path.dsv
[1.062s] -- Up-to-date symlink: /home/zulal/gazebo_ws/install/vr_sim/share/vr_sim/environment/path.sh
[1.062s] -- Up-to-date symlink: /home/zulal/gazebo_ws/install/vr_sim/share/vr_sim/environment/path.dsv
[1.062s] -- Up-to-date symlink: /home/zulal/gazebo_ws/install/vr_sim/share/vr_sim/local_setup.bash
[1.063s] -- Up-to-date symlink: /home/zulal/gazebo_ws/install/vr_sim/share/vr_sim/local_setup.sh
[1.063s] -- Up-to-date symlink: /home/zulal/gazebo_ws/install/vr_sim/share/vr_sim/local_setup.zsh
[1.063s] -- Up-to-date symlink: /home/zulal/gazebo_ws/install/vr_sim/share/vr_sim/local_setup.dsv
[1.063s] -- Symlinking: /home/zulal/gazebo_ws/install/vr_sim/share/vr_sim/package.dsv
[1.074s] -- Up-to-date symlink: /home/zulal/gazebo_ws/install/vr_sim/share/ament_index/resource_index/packages/vr_sim
[1.074s] -- Up-to-date symlink: /home/zulal/gazebo_ws/install/vr_sim/share/vr_sim/cmake/vr_simConfig.cmake
[1.075s] -- Up-to-date symlink: /home/zulal/gazebo_ws/install/vr_sim/share/vr_sim/cmake/vr_simConfig-version.cmake
[1.075s] -- Up-to-date symlink: /home/zulal/gazebo_ws/install/vr_sim/share/vr_sim/package.xml
[1.078s] Invoked command in '/home/zulal/gazebo_ws/build/vr_sim' returned '0': CMAKE_PREFIX_PATH=${CMAKE_PREFIX_PATH}:/home/zulal/gazebo_ws/install/vr_camera:/home/zulal/gazebo_ws/install/tf_server:/opt/ros/humble /usr/bin/cmake --install /home/zulal/gazebo_ws/build/vr_sim
