[2.139s] Invoking command in '/home/zulal/gazebo_ws/src/tf_server': PYTHONPATH=/home/zulal/gazebo_ws/build/tf_server/prefix_override:/home/zulal/gazebo_ws/install/tf_server/lib/python3.10/site-packages:${PYTHONPATH} /usr/bin/python3 setup.py egg_info --egg-base ../../build/tf_server build --build-base /home/zulal/gazebo_ws/build/tf_server/build install --record /home/zulal/gazebo_ws/build/tf_server/install.log --single-version-externally-managed
[2.519s] running egg_info
[2.522s] writing ../../build/tf_server/tf_server.egg-info/PKG-INFO
[2.523s] writing dependency_links to ../../build/tf_server/tf_server.egg-info/dependency_links.txt
[2.523s] writing entry points to ../../build/tf_server/tf_server.egg-info/entry_points.txt
[2.523s] writing requirements to ../../build/tf_server/tf_server.egg-info/requires.txt
[2.523s] writing top-level names to ../../build/tf_server/tf_server.egg-info/top_level.txt
[2.526s] reading manifest file '../../build/tf_server/tf_server.egg-info/SOURCES.txt'
[2.528s] writing manifest file '../../build/tf_server/tf_server.egg-info/SOURCES.txt'
[2.528s] running build
[2.528s] running build_py
[2.528s] running install
[2.528s] running install_lib
[2.529s] running install_data
[2.530s] running install_egg_info
[2.531s] removing '/home/zulal/gazebo_ws/install/tf_server/lib/python3.10/site-packages/tf_server-0.0.0-py3.10.egg-info' (and everything under it)
[2.532s] Copying ../../build/tf_server/tf_server.egg-info to /home/zulal/gazebo_ws/install/tf_server/lib/python3.10/site-packages/tf_server-0.0.0-py3.10.egg-info
[2.533s] running install_scripts
[2.563s] Installing tf_server script to /home/zulal/gazebo_ws/install/tf_server/lib/tf_server
[2.564s] writing list of installed files to '/home/zulal/gazebo_ws/build/tf_server/install.log'
[2.612s] Invoked command in '/home/zulal/gazebo_ws/src/tf_server' returned '0': PYTHONPATH=/home/zulal/gazebo_ws/build/tf_server/prefix_override:/home/zulal/gazebo_ws/install/tf_server/lib/python3.10/site-packages:${PYTHONPATH} /usr/bin/python3 setup.py egg_info --egg-base ../../build/tf_server build --build-base /home/zulal/gazebo_ws/build/tf_server/build install --record /home/zulal/gazebo_ws/build/tf_server/install.log --single-version-externally-managed
