[ 50%] [32mBuilding CXX object CMakeFiles/robot_movement.dir/src/robot_movement.cpp.o[0m
[100%] [32m[1mLinking CXX executable robot_movement[0m
[100%] Built target robot_movement
-- Install configuration: ""
-- Up-to-date: /home/zulal/gazebo_ws/install/vr_sim/share/vr_sim//launch
-- Up-to-date: /home/zulal/gazebo_ws/install/vr_sim/share/vr_sim//launch/gazebo_launch.py
-- Up-to-date: /home/zulal/gazebo_ws/install/vr_sim/share/vr_sim//urdf
-- Up-to-date: /home/zulal/gazebo_ws/install/vr_sim/share/vr_sim//urdf/sphere.urdf
-- Installing: /home/zulal/gazebo_ws/install/vr_sim/lib/vr_sim/robot_movement
-- Set runtime path of "/home/zulal/gazebo_ws/install/vr_sim/lib/vr_sim/robot_movement" to ""
-- Up-to-date: /home/zulal/gazebo_ws/install/vr_sim/share/ament_index/resource_index/package_run_dependencies/vr_sim
-- Up-to-date: /home/zulal/gazebo_ws/install/vr_sim/share/ament_index/resource_index/parent_prefix_path/vr_sim
-- Up-to-date: /home/zulal/gazebo_ws/install/vr_sim/share/vr_sim/environment/ament_prefix_path.sh
-- Up-to-date: /home/zulal/gazebo_ws/install/vr_sim/share/vr_sim/environment/ament_prefix_path.dsv
-- Up-to-date: /home/zulal/gazebo_ws/install/vr_sim/share/vr_sim/environment/path.sh
-- Up-to-date: /home/zulal/gazebo_ws/install/vr_sim/share/vr_sim/environment/path.dsv
-- Up-to-date: /home/zulal/gazebo_ws/install/vr_sim/share/vr_sim/local_setup.bash
-- Up-to-date: /home/zulal/gazebo_ws/install/vr_sim/share/vr_sim/local_setup.sh
-- Up-to-date: /home/zulal/gazebo_ws/install/vr_sim/share/vr_sim/local_setup.zsh
-- Up-to-date: /home/zulal/gazebo_ws/install/vr_sim/share/vr_sim/local_setup.dsv
-- Up-to-date: /home/zulal/gazebo_ws/install/vr_sim/share/vr_sim/package.dsv
-- Up-to-date: /home/zulal/gazebo_ws/install/vr_sim/share/ament_index/resource_index/packages/vr_sim
-- Up-to-date: /home/zulal/gazebo_ws/install/vr_sim/share/vr_sim/cmake/vr_simConfig.cmake
-- Up-to-date: /home/zulal/gazebo_ws/install/vr_sim/share/vr_sim/cmake/vr_simConfig-version.cmake
-- Up-to-date: /home/zulal/gazebo_ws/install/vr_sim/share/vr_sim/package.xml
