[0.733s] Invoking command in '/home/zulal/gazebo_ws/src/vr_camera': PYTHONPATH=/home/zulal/gazebo_ws/build/vr_camera/prefix_override:/home/zulal/gazebo_ws/install/vr_camera/lib/python3.10/site-packages:${PYTHONPATH} /usr/bin/python3 setup.py egg_info --egg-base ../../build/vr_camera build --build-base /home/zulal/gazebo_ws/build/vr_camera/build install --record /home/zulal/gazebo_ws/build/vr_camera/install.log --single-version-externally-managed
[0.946s] running egg_info
[0.947s] creating ../../build/vr_camera/vr_camera.egg-info
[0.947s] writing ../../build/vr_camera/vr_camera.egg-info/PKG-INFO
[0.947s] writing dependency_links to ../../build/vr_camera/vr_camera.egg-info/dependency_links.txt
[0.947s] writing entry points to ../../build/vr_camera/vr_camera.egg-info/entry_points.txt
[0.948s] writing requirements to ../../build/vr_camera/vr_camera.egg-info/requires.txt
[0.948s] writing top-level names to ../../build/vr_camera/vr_camera.egg-info/top_level.txt
[0.948s] writing manifest file '../../build/vr_camera/vr_camera.egg-info/SOURCES.txt'
[0.949s] reading manifest file '../../build/vr_camera/vr_camera.egg-info/SOURCES.txt'
[0.950s] writing manifest file '../../build/vr_camera/vr_camera.egg-info/SOURCES.txt'
[0.950s] running build
[0.950s] running build_py
[0.950s] creating /home/zulal/gazebo_ws/build/vr_camera/build
[0.951s] creating /home/zulal/gazebo_ws/build/vr_camera/build/lib
[0.951s] creating /home/zulal/gazebo_ws/build/vr_camera/build/lib/vr_camera
[0.951s] copying vr_camera/__init__.py -> /home/zulal/gazebo_ws/build/vr_camera/build/lib/vr_camera
[0.951s] copying vr_camera/vr_node.py -> /home/zulal/gazebo_ws/build/vr_camera/build/lib/vr_camera
[0.951s] running install
[0.951s] running install_lib
[0.951s] creating /home/zulal/gazebo_ws/install/vr_camera/lib/python3.10/site-packages/vr_camera
[0.951s] copying /home/zulal/gazebo_ws/build/vr_camera/build/lib/vr_camera/__init__.py -> /home/zulal/gazebo_ws/install/vr_camera/lib/python3.10/site-packages/vr_camera
[0.952s] copying /home/zulal/gazebo_ws/build/vr_camera/build/lib/vr_camera/vr_node.py -> /home/zulal/gazebo_ws/install/vr_camera/lib/python3.10/site-packages/vr_camera
[0.952s] byte-compiling /home/zulal/gazebo_ws/install/vr_camera/lib/python3.10/site-packages/vr_camera/__init__.py to __init__.cpython-310.pyc
[0.952s] byte-compiling /home/zulal/gazebo_ws/install/vr_camera/lib/python3.10/site-packages/vr_camera/vr_node.py to vr_node.cpython-310.pyc
[0.952s] running install_data
[0.953s] creating /home/zulal/gazebo_ws/install/vr_camera/share/ament_index
[0.953s] creating /home/zulal/gazebo_ws/install/vr_camera/share/ament_index/resource_index
[0.953s] creating /home/zulal/gazebo_ws/install/vr_camera/share/ament_index/resource_index/packages
[0.953s] copying resource/vr_camera -> /home/zulal/gazebo_ws/install/vr_camera/share/ament_index/resource_index/packages
[0.953s] copying package.xml -> /home/zulal/gazebo_ws/install/vr_camera/share/vr_camera
[0.953s] running install_egg_info
[0.954s] Copying ../../build/vr_camera/vr_camera.egg-info to /home/zulal/gazebo_ws/install/vr_camera/lib/python3.10/site-packages/vr_camera-0.0.0-py3.10.egg-info
[0.955s] running install_scripts
[0.970s] Installing vr_node script to /home/zulal/gazebo_ws/install/vr_camera/lib/vr_camera
[0.971s] writing list of installed files to '/home/zulal/gazebo_ws/build/vr_camera/install.log'
[0.988s] Invoked command in '/home/zulal/gazebo_ws/src/vr_camera' returned '0': PYTHONPATH=/home/zulal/gazebo_ws/build/vr_camera/prefix_override:/home/zulal/gazebo_ws/install/vr_camera/lib/python3.10/site-packages:${PYTHONPATH} /usr/bin/python3 setup.py egg_info --egg-base ../../build/vr_camera build --build-base /home/zulal/gazebo_ws/build/vr_camera/build install --record /home/zulal/gazebo_ws/build/vr_camera/install.log --single-version-externally-managed
