[1.469s] Invoking command in '/home/zulal/gazebo_ws/src/vr_camera': PYTHONPATH=/home/zulal/gazebo_ws/build/vr_camera/prefix_override:/home/zulal/gazebo_ws/install/vr_camera/lib/python3.10/site-packages:${PYTHONPATH} /usr/bin/python3 setup.py egg_info --egg-base ../../build/vr_camera build --build-base /home/zulal/gazebo_ws/build/vr_camera/build install --record /home/zulal/gazebo_ws/build/vr_camera/install.log --single-version-externally-managed
[1.809s] running egg_info
[1.809s] writing ../../build/vr_camera/vr_camera.egg-info/PKG-INFO
[1.809s] writing dependency_links to ../../build/vr_camera/vr_camera.egg-info/dependency_links.txt
[1.810s] writing entry points to ../../build/vr_camera/vr_camera.egg-info/entry_points.txt
[1.810s] writing requirements to ../../build/vr_camera/vr_camera.egg-info/requires.txt
[1.810s] writing top-level names to ../../build/vr_camera/vr_camera.egg-info/top_level.txt
[1.811s] reading manifest file '../../build/vr_camera/vr_camera.egg-info/SOURCES.txt'
[1.812s] writing manifest file '../../build/vr_camera/vr_camera.egg-info/SOURCES.txt'
[1.812s] running build
[1.813s] running build_py
[1.813s] running install
[1.813s] running install_lib
[1.814s] running install_data
[1.815s] running install_egg_info
[1.816s] removing '/home/zulal/gazebo_ws/install/vr_camera/lib/python3.10/site-packages/vr_camera-0.0.0-py3.10.egg-info' (and everything under it)
[1.816s] Copying ../../build/vr_camera/vr_camera.egg-info to /home/zulal/gazebo_ws/install/vr_camera/lib/python3.10/site-packages/vr_camera-0.0.0-py3.10.egg-info
[1.817s] running install_scripts
[1.842s] Installing vr_node script to /home/zulal/gazebo_ws/install/vr_camera/lib/vr_camera
[1.842s] writing list of installed files to '/home/zulal/gazebo_ws/build/vr_camera/install.log'
[1.877s] Invoked command in '/home/zulal/gazebo_ws/src/vr_camera' returned '0': PYTHONPATH=/home/zulal/gazebo_ws/build/vr_camera/prefix_override:/home/zulal/gazebo_ws/install/vr_camera/lib/python3.10/site-packages:${PYTHONPATH} /usr/bin/python3 setup.py egg_info --egg-base ../../build/vr_camera build --build-base /home/zulal/gazebo_ws/build/vr_camera/build install --record /home/zulal/gazebo_ws/build/vr_camera/install.log --single-version-externally-managed
