[1.713s] DEBUG:colcon:Command line arguments: ['/usr/bin/colcon', 'build']
[1.714s] DEBUG:colcon:Parsed command line arguments: Namespace(log_base=None, log_level=None, verb_name='build', build_base='build', install_base='install', merge_install=False, symlink_install=False, test_result_base=None, continue_on_error=False, executor='parallel', parallel_workers=12, event_handlers=None, ignore_user_meta=False, metas=['./colcon.meta'], base_paths=['.'], packages_ignore=None, packages_ignore_regex=None, paths=None, packages_up_to=None, packages_up_to_regex=None, packages_above=None, packages_above_and_dependencies=None, packages_above_depth=None, packages_select_by_dep=None, packages_skip_by_dep=None, packages_skip_up_to=None, packages_select_build_failed=False, packages_skip_build_finished=False, packages_select_test_failures=False, packages_skip_test_passed=False, packages_select=None, packages_skip=None, packages_select_regex=None, packages_skip_regex=None, packages_start=None, packages_end=None, allow_overriding=[], cmake_args=None, cmake_target=None, cmake_target_skip_unavailable=False, cmake_clean_cache=False, cmake_clean_first=False, cmake_force_configure=False, ament_cmake_args=None, catkin_cmake_args=None, catkin_skip_building_tests=False, verb_parser=<colcon_defaults.argument_parser.defaults.DefaultArgumentsDecorator object at 0x7a22fad127a0>, verb_extension=<colcon_core.verb.build.BuildVerb object at 0x7a22fb71fe80>, main=<bound method BuildVerb.main of <colcon_core.verb.build.BuildVerb object at 0x7a22fb71fe80>>)
[1.795s] Level 1:colcon.colcon_core.package_discovery:discover_packages(colcon_meta) check parameters
[1.796s] Level 1:colcon.colcon_core.package_discovery:discover_packages(recursive) check parameters
[1.796s] Level 1:colcon.colcon_core.package_discovery:discover_packages(ignore) check parameters
[1.796s] Level 1:colcon.colcon_core.package_discovery:discover_packages(path) check parameters
[1.796s] Level 1:colcon.colcon_core.package_discovery:discover_packages(colcon_meta) discover
[1.796s] Level 1:colcon.colcon_core.package_discovery:discover_packages(recursive) discover
[1.796s] INFO:colcon.colcon_core.package_discovery:Crawling recursively for packages in '/home/zulal/gazebo_ws'
[1.796s] Level 1:colcon.colcon_core.package_identification:_identify(.) by extensions ['ignore', 'ignore_ament_install']
[1.796s] Level 1:colcon.colcon_core.package_identification:_identify(.) by extension 'ignore'
[1.796s] Level 1:colcon.colcon_core.package_identification:_identify(.) by extension 'ignore_ament_install'
[1.796s] Level 1:colcon.colcon_core.package_identification:_identify(.) by extensions ['colcon_pkg']
[1.796s] Level 1:colcon.colcon_core.package_identification:_identify(.) by extension 'colcon_pkg'
[1.796s] Level 1:colcon.colcon_core.package_identification:_identify(.) by extensions ['colcon_meta']
[1.796s] Level 1:colcon.colcon_core.package_identification:_identify(.) by extension 'colcon_meta'
[1.796s] Level 1:colcon.colcon_core.package_identification:_identify(.) by extensions ['ros']
[1.796s] Level 1:colcon.colcon_core.package_identification:_identify(.) by extension 'ros'
[1.812s] Level 1:colcon.colcon_core.package_identification:_identify(.) by extensions ['cmake', 'python']
[1.812s] Level 1:colcon.colcon_core.package_identification:_identify(.) by extension 'cmake'
[1.812s] Level 1:colcon.colcon_core.package_identification:_identify(.) by extension 'python'
[1.812s] Level 1:colcon.colcon_core.package_identification:_identify(.) by extensions ['python_setup_py']
[1.812s] Level 1:colcon.colcon_core.package_identification:_identify(.) by extension 'python_setup_py'
[1.813s] Level 1:colcon.colcon_core.package_identification:_identify(build) by extensions ['ignore', 'ignore_ament_install']
[1.813s] Level 1:colcon.colcon_core.package_identification:_identify(build) by extension 'ignore'
[1.813s] Level 1:colcon.colcon_core.package_identification:_identify(build) ignored
[1.813s] Level 1:colcon.colcon_core.package_identification:_identify(install) by extensions ['ignore', 'ignore_ament_install']
[1.813s] Level 1:colcon.colcon_core.package_identification:_identify(install) by extension 'ignore'
[1.813s] Level 1:colcon.colcon_core.package_identification:_identify(install) ignored
[1.813s] Level 1:colcon.colcon_core.package_identification:_identify(log) by extensions ['ignore', 'ignore_ament_install']
[1.813s] Level 1:colcon.colcon_core.package_identification:_identify(log) by extension 'ignore'
[1.813s] Level 1:colcon.colcon_core.package_identification:_identify(log) ignored
[1.813s] Level 1:colcon.colcon_core.package_identification:_identify(src) by extensions ['ignore', 'ignore_ament_install']
[1.814s] Level 1:colcon.colcon_core.package_identification:_identify(src) by extension 'ignore'
[1.814s] Level 1:colcon.colcon_core.package_identification:_identify(src) by extension 'ignore_ament_install'
[1.814s] Level 1:colcon.colcon_core.package_identification:_identify(src) by extensions ['colcon_pkg']
[1.814s] Level 1:colcon.colcon_core.package_identification:_identify(src) by extension 'colcon_pkg'
[1.814s] Level 1:colcon.colcon_core.package_identification:_identify(src) by extensions ['colcon_meta']
[1.814s] Level 1:colcon.colcon_core.package_identification:_identify(src) by extension 'colcon_meta'
[1.814s] Level 1:colcon.colcon_core.package_identification:_identify(src) by extensions ['ros']
[1.814s] Level 1:colcon.colcon_core.package_identification:_identify(src) by extension 'ros'
[1.814s] Level 1:colcon.colcon_core.package_identification:_identify(src) by extensions ['cmake', 'python']
[1.814s] Level 1:colcon.colcon_core.package_identification:_identify(src) by extension 'cmake'
[1.814s] Level 1:colcon.colcon_core.package_identification:_identify(src) by extension 'python'
[1.814s] Level 1:colcon.colcon_core.package_identification:_identify(src) by extensions ['python_setup_py']
[1.814s] Level 1:colcon.colcon_core.package_identification:_identify(src) by extension 'python_setup_py'
[1.814s] Level 1:colcon.colcon_core.package_identification:_identify(src/tf_server) by extensions ['ignore', 'ignore_ament_install']
[1.815s] Level 1:colcon.colcon_core.package_identification:_identify(src/tf_server) by extension 'ignore'
[1.815s] Level 1:colcon.colcon_core.package_identification:_identify(src/tf_server) by extension 'ignore_ament_install'
[1.815s] Level 1:colcon.colcon_core.package_identification:_identify(src/tf_server) by extensions ['colcon_pkg']
[1.815s] Level 1:colcon.colcon_core.package_identification:_identify(src/tf_server) by extension 'colcon_pkg'
[1.815s] Level 1:colcon.colcon_core.package_identification:_identify(src/tf_server) by extensions ['colcon_meta']
[1.815s] Level 1:colcon.colcon_core.package_identification:_identify(src/tf_server) by extension 'colcon_meta'
[1.815s] Level 1:colcon.colcon_core.package_identification:_identify(src/tf_server) by extensions ['ros']
[1.816s] Level 1:colcon.colcon_core.package_identification:_identify(src/tf_server) by extension 'ros'
[1.819s] DEBUG:colcon.colcon_core.package_identification:Package 'src/tf_server' with type 'ros.ament_python' and name 'tf_server'
[1.820s] Level 1:colcon.colcon_core.package_identification:_identify(src/vr_camera) by extensions ['ignore', 'ignore_ament_install']
[1.820s] Level 1:colcon.colcon_core.package_identification:_identify(src/vr_camera) by extension 'ignore'
[1.820s] Level 1:colcon.colcon_core.package_identification:_identify(src/vr_camera) by extension 'ignore_ament_install'
[1.820s] Level 1:colcon.colcon_core.package_identification:_identify(src/vr_camera) by extensions ['colcon_pkg']
[1.820s] Level 1:colcon.colcon_core.package_identification:_identify(src/vr_camera) by extension 'colcon_pkg'
[1.820s] Level 1:colcon.colcon_core.package_identification:_identify(src/vr_camera) by extensions ['colcon_meta']
[1.820s] Level 1:colcon.colcon_core.package_identification:_identify(src/vr_camera) by extension 'colcon_meta'
[1.820s] Level 1:colcon.colcon_core.package_identification:_identify(src/vr_camera) by extensions ['ros']
[1.820s] Level 1:colcon.colcon_core.package_identification:_identify(src/vr_camera) by extension 'ros'
[1.821s] DEBUG:colcon.colcon_core.package_identification:Package 'src/vr_camera' with type 'ros.ament_python' and name 'vr_camera'
[1.821s] Level 1:colcon.colcon_core.package_identification:_identify(src/vr_sim) by extensions ['ignore', 'ignore_ament_install']
[1.821s] Level 1:colcon.colcon_core.package_identification:_identify(src/vr_sim) by extension 'ignore'
[1.821s] Level 1:colcon.colcon_core.package_identification:_identify(src/vr_sim) by extension 'ignore_ament_install'
[1.821s] Level 1:colcon.colcon_core.package_identification:_identify(src/vr_sim) by extensions ['colcon_pkg']
[1.821s] Level 1:colcon.colcon_core.package_identification:_identify(src/vr_sim) by extension 'colcon_pkg'
[1.821s] Level 1:colcon.colcon_core.package_identification:_identify(src/vr_sim) by extensions ['colcon_meta']
[1.822s] Level 1:colcon.colcon_core.package_identification:_identify(src/vr_sim) by extension 'colcon_meta'
[1.822s] Level 1:colcon.colcon_core.package_identification:_identify(src/vr_sim) by extensions ['ros']
[1.822s] Level 1:colcon.colcon_core.package_identification:_identify(src/vr_sim) by extension 'ros'
[1.823s] DEBUG:colcon.colcon_core.package_identification:Package 'src/vr_sim' with type 'ros.ament_cmake' and name 'vr_sim'
[1.823s] Level 1:colcon.colcon_core.package_discovery:discover_packages(recursive) using defaults
[1.824s] Level 1:colcon.colcon_core.package_discovery:discover_packages(ignore) discover
[1.824s] Level 1:colcon.colcon_core.package_discovery:discover_packages(ignore) using defaults
[1.824s] Level 1:colcon.colcon_core.package_discovery:discover_packages(path) discover
[1.824s] Level 1:colcon.colcon_core.package_discovery:discover_packages(path) using defaults
[1.977s] Level 1:colcon.colcon_core.package_discovery:discover_packages(prefix_path) check parameters
[1.977s] Level 1:colcon.colcon_core.package_discovery:discover_packages(prefix_path) discover
[2.054s] DEBUG:colcon.colcon_installed_package_information.package_discovery:Found 3 installed packages in /home/zulal/gazebo_ws/install
[2.081s] DEBUG:colcon.colcon_installed_package_information.package_discovery:Found 8 installed packages in /home/zulal/veesion/catkin_ws_ov/install
[2.109s] DEBUG:colcon.colcon_installed_package_information.package_discovery:Found 409 installed packages in /opt/ros/humble
[2.110s] Level 1:colcon.colcon_core.package_discovery:discover_packages(prefix_path) using defaults
[2.279s] Level 5:colcon.colcon_core.verb:set package 'tf_server' build argument 'cmake_args' from command line to 'None'
[2.279s] Level 5:colcon.colcon_core.verb:set package 'tf_server' build argument 'cmake_target' from command line to 'None'
[2.279s] Level 5:colcon.colcon_core.verb:set package 'tf_server' build argument 'cmake_target_skip_unavailable' from command line to 'False'
[2.279s] Level 5:colcon.colcon_core.verb:set package 'tf_server' build argument 'cmake_clean_cache' from command line to 'False'
[2.279s] Level 5:colcon.colcon_core.verb:set package 'tf_server' build argument 'cmake_clean_first' from command line to 'False'
[2.279s] Level 5:colcon.colcon_core.verb:set package 'tf_server' build argument 'cmake_force_configure' from command line to 'False'
[2.279s] Level 5:colcon.colcon_core.verb:set package 'tf_server' build argument 'ament_cmake_args' from command line to 'None'
[2.279s] Level 5:colcon.colcon_core.verb:set package 'tf_server' build argument 'catkin_cmake_args' from command line to 'None'
[2.279s] Level 5:colcon.colcon_core.verb:set package 'tf_server' build argument 'catkin_skip_building_tests' from command line to 'False'
[2.279s] DEBUG:colcon.colcon_core.verb:Building package 'tf_server' with the following arguments: {'ament_cmake_args': None, 'build_base': '/home/zulal/gazebo_ws/build/tf_server', 'catkin_cmake_args': None, 'catkin_skip_building_tests': False, 'cmake_args': None, 'cmake_clean_cache': False, 'cmake_clean_first': False, 'cmake_force_configure': False, 'cmake_target': None, 'cmake_target_skip_unavailable': False, 'install_base': '/home/zulal/gazebo_ws/install/tf_server', 'merge_install': False, 'path': '/home/zulal/gazebo_ws/src/tf_server', 'symlink_install': False, 'test_result_base': None}
[2.303s] Level 5:colcon.colcon_core.verb:set package 'vr_camera' build argument 'cmake_args' from command line to 'None'
[2.303s] Level 5:colcon.colcon_core.verb:set package 'vr_camera' build argument 'cmake_target' from command line to 'None'
[2.303s] Level 5:colcon.colcon_core.verb:set package 'vr_camera' build argument 'cmake_target_skip_unavailable' from command line to 'False'
[2.303s] Level 5:colcon.colcon_core.verb:set package 'vr_camera' build argument 'cmake_clean_cache' from command line to 'False'
[2.303s] Level 5:colcon.colcon_core.verb:set package 'vr_camera' build argument 'cmake_clean_first' from command line to 'False'
[2.303s] Level 5:colcon.colcon_core.verb:set package 'vr_camera' build argument 'cmake_force_configure' from command line to 'False'
[2.303s] Level 5:colcon.colcon_core.verb:set package 'vr_camera' build argument 'ament_cmake_args' from command line to 'None'
[2.303s] Level 5:colcon.colcon_core.verb:set package 'vr_camera' build argument 'catkin_cmake_args' from command line to 'None'
[2.303s] Level 5:colcon.colcon_core.verb:set package 'vr_camera' build argument 'catkin_skip_building_tests' from command line to 'False'
[2.303s] DEBUG:colcon.colcon_core.verb:Building package 'vr_camera' with the following arguments: {'ament_cmake_args': None, 'build_base': '/home/zulal/gazebo_ws/build/vr_camera', 'catkin_cmake_args': None, 'catkin_skip_building_tests': False, 'cmake_args': None, 'cmake_clean_cache': False, 'cmake_clean_first': False, 'cmake_force_configure': False, 'cmake_target': None, 'cmake_target_skip_unavailable': False, 'install_base': '/home/zulal/gazebo_ws/install/vr_camera', 'merge_install': False, 'path': '/home/zulal/gazebo_ws/src/vr_camera', 'symlink_install': False, 'test_result_base': None}
[2.343s] Level 5:colcon.colcon_core.verb:set package 'vr_sim' build argument 'cmake_args' from command line to 'None'
[2.343s] Level 5:colcon.colcon_core.verb:set package 'vr_sim' build argument 'cmake_target' from command line to 'None'
[2.343s] Level 5:colcon.colcon_core.verb:set package 'vr_sim' build argument 'cmake_target_skip_unavailable' from command line to 'False'
[2.343s] Level 5:colcon.colcon_core.verb:set package 'vr_sim' build argument 'cmake_clean_cache' from command line to 'False'
[2.343s] Level 5:colcon.colcon_core.verb:set package 'vr_sim' build argument 'cmake_clean_first' from command line to 'False'
[2.343s] Level 5:colcon.colcon_core.verb:set package 'vr_sim' build argument 'cmake_force_configure' from command line to 'False'
[2.343s] Level 5:colcon.colcon_core.verb:set package 'vr_sim' build argument 'ament_cmake_args' from command line to 'None'
[2.343s] Level 5:colcon.colcon_core.verb:set package 'vr_sim' build argument 'catkin_cmake_args' from command line to 'None'
[2.343s] Level 5:colcon.colcon_core.verb:set package 'vr_sim' build argument 'catkin_skip_building_tests' from command line to 'False'
[2.343s] DEBUG:colcon.colcon_core.verb:Building package 'vr_sim' with the following arguments: {'ament_cmake_args': None, 'build_base': '/home/zulal/gazebo_ws/build/vr_sim', 'catkin_cmake_args': None, 'catkin_skip_building_tests': False, 'cmake_args': None, 'cmake_clean_cache': False, 'cmake_clean_first': False, 'cmake_force_configure': False, 'cmake_target': None, 'cmake_target_skip_unavailable': False, 'install_base': '/home/zulal/gazebo_ws/install/vr_sim', 'merge_install': False, 'path': '/home/zulal/gazebo_ws/src/vr_sim', 'symlink_install': False, 'test_result_base': None}
[2.376s] INFO:colcon.colcon_core.executor:Executing jobs using 'parallel' executor
[2.416s] DEBUG:colcon.colcon_parallel_executor.executor.parallel:run_until_complete
[2.416s] INFO:colcon.colcon_ros.task.ament_python.build:Building ROS package in '/home/zulal/gazebo_ws/src/tf_server' with build type 'ament_python'
[2.417s] Level 1:colcon.colcon_core.shell:create_environment_hook('tf_server', 'ament_prefix_path')
[2.452s] INFO:colcon.colcon_core.plugin_system:Skipping extension 'colcon_core.shell.bat': Not used on non-Windows systems
[2.452s] INFO:colcon.colcon_core.shell:Creating environment hook '/home/zulal/gazebo_ws/install/tf_server/share/tf_server/hook/ament_prefix_path.ps1'
[2.453s] INFO:colcon.colcon_core.shell:Creating environment descriptor '/home/zulal/gazebo_ws/install/tf_server/share/tf_server/hook/ament_prefix_path.dsv'
[2.454s] INFO:colcon.colcon_core.shell:Creating environment hook '/home/zulal/gazebo_ws/install/tf_server/share/tf_server/hook/ament_prefix_path.sh'
[2.483s] INFO:colcon.colcon_core.shell:Skip shell extension 'powershell' for command environment: Not usable outside of PowerShell
[2.483s] DEBUG:colcon.colcon_core.shell:Skip shell extension 'dsv' for command environment
[2.590s] INFO:colcon.colcon_ros.task.ament_python.build:Building ROS package in '/home/zulal/gazebo_ws/src/vr_camera' with build type 'ament_python'
[2.591s] Level 1:colcon.colcon_core.shell:create_environment_hook('vr_camera', 'ament_prefix_path')
[2.615s] INFO:colcon.colcon_core.shell:Creating environment hook '/home/zulal/gazebo_ws/install/vr_camera/share/vr_camera/hook/ament_prefix_path.ps1'
[2.618s] INFO:colcon.colcon_core.shell:Creating environment descriptor '/home/zulal/gazebo_ws/install/vr_camera/share/vr_camera/hook/ament_prefix_path.dsv'
[2.619s] INFO:colcon.colcon_core.shell:Creating environment hook '/home/zulal/gazebo_ws/install/vr_camera/share/vr_camera/hook/ament_prefix_path.sh'
[2.644s] INFO:colcon.colcon_core.shell:Skip shell extension 'powershell' for command environment: Not usable outside of PowerShell
[2.644s] DEBUG:colcon.colcon_core.shell:Skip shell extension 'dsv' for command environment
[2.759s] INFO:colcon.colcon_ros.task.ament_cmake.build:Building ROS package in '/home/zulal/gazebo_ws/src/vr_sim' with build type 'ament_cmake'
[2.760s] INFO:colcon.colcon_cmake.task.cmake.build:Building CMake package in '/home/zulal/gazebo_ws/src/vr_sim'
[2.787s] INFO:colcon.colcon_core.shell:Skip shell extension 'powershell' for command environment: Not usable outside of PowerShell
[2.787s] DEBUG:colcon.colcon_core.shell:Skip shell extension 'dsv' for command environment
[3.326s] INFO:colcon.colcon_core.task.python.build:Building Python package in '/home/zulal/gazebo_ws/src/tf_server'
[3.350s] INFO:colcon.colcon_core.shell:Skip shell extension 'powershell' for command environment: Not usable outside of PowerShell
[3.350s] DEBUG:colcon.colcon_core.shell:Skip shell extension 'dsv' for command environment
[3.870s] INFO:colcon.colcon_core.task.python.build:Building Python package in '/home/zulal/gazebo_ws/src/vr_camera'
[3.896s] INFO:colcon.colcon_core.shell:Skip shell extension 'powershell' for command environment: Not usable outside of PowerShell
[3.896s] DEBUG:colcon.colcon_core.shell:Skip shell extension 'dsv' for command environment
[3.997s] DEBUG:colcon.colcon_core.event_handler.log_command:Invoking command in '/home/zulal/gazebo_ws/build/vr_sim': CMAKE_PREFIX_PATH=${CMAKE_PREFIX_PATH}:/home/zulal/gazebo_ws/install/vr_camera:/home/zulal/gazebo_ws/install/tf_server:/opt/ros/humble /usr/bin/cmake --build /home/zulal/gazebo_ws/build/vr_sim -- -j12 -l12
[4.088s] DEBUG:colcon.colcon_core.event_handler.log_command:Invoked command in '/home/zulal/gazebo_ws/build/vr_sim' returned '0': CMAKE_PREFIX_PATH=${CMAKE_PREFIX_PATH}:/home/zulal/gazebo_ws/install/vr_camera:/home/zulal/gazebo_ws/install/tf_server:/opt/ros/humble /usr/bin/cmake --build /home/zulal/gazebo_ws/build/vr_sim -- -j12 -l12
[4.133s] DEBUG:colcon.colcon_core.event_handler.log_command:Invoking command in '/home/zulal/gazebo_ws/build/vr_sim': CMAKE_PREFIX_PATH=${CMAKE_PREFIX_PATH}:/home/zulal/gazebo_ws/install/vr_camera:/home/zulal/gazebo_ws/install/tf_server:/opt/ros/humble /usr/bin/cmake --install /home/zulal/gazebo_ws/build/vr_sim
[4.216s] Level 1:colcon.colcon_core.environment:create_environment_scripts_only(vr_sim)
[4.217s] DEBUG:colcon.colcon_core.event_handler.log_command:Invoked command in '/home/zulal/gazebo_ws/build/vr_sim' returned '0': CMAKE_PREFIX_PATH=${CMAKE_PREFIX_PATH}:/home/zulal/gazebo_ws/install/vr_camera:/home/zulal/gazebo_ws/install/tf_server:/opt/ros/humble /usr/bin/cmake --install /home/zulal/gazebo_ws/build/vr_sim
[4.253s] Level 1:colcon.colcon_core.environment:checking '/home/zulal/gazebo_ws/install/vr_sim' for CMake module files
[4.253s] Level 1:colcon.colcon_core.environment:checking '/home/zulal/gazebo_ws/install/vr_sim' for CMake config files
[4.256s] Level 1:colcon.colcon_core.shell:create_environment_hook('vr_sim', 'cmake_prefix_path')
[4.279s] INFO:colcon.colcon_core.shell:Creating environment hook '/home/zulal/gazebo_ws/install/vr_sim/share/vr_sim/hook/cmake_prefix_path.ps1'
[4.280s] INFO:colcon.colcon_core.shell:Creating environment descriptor '/home/zulal/gazebo_ws/install/vr_sim/share/vr_sim/hook/cmake_prefix_path.dsv'
[4.280s] INFO:colcon.colcon_core.shell:Creating environment hook '/home/zulal/gazebo_ws/install/vr_sim/share/vr_sim/hook/cmake_prefix_path.sh'
[4.283s] Level 1:colcon.colcon_core.environment:checking '/home/zulal/gazebo_ws/install/vr_sim/lib'
[4.283s] Level 1:colcon.colcon_core.environment:checking '/home/zulal/gazebo_ws/install/vr_sim/bin'
[4.283s] Level 1:colcon.colcon_core.environment:checking '/home/zulal/gazebo_ws/install/vr_sim/lib/pkgconfig/vr_sim.pc'
[4.284s] Level 1:colcon.colcon_core.environment:checking '/home/zulal/gazebo_ws/install/vr_sim/lib/python3.10/site-packages'
[4.284s] Level 1:colcon.colcon_core.environment:checking '/home/zulal/gazebo_ws/install/vr_sim/bin'
[4.315s] INFO:colcon.colcon_core.shell:Creating package script '/home/zulal/gazebo_ws/install/vr_sim/share/vr_sim/package.ps1'
[4.315s] INFO:colcon.colcon_core.shell:Creating package descriptor '/home/zulal/gazebo_ws/install/vr_sim/share/vr_sim/package.dsv'
[4.316s] INFO:colcon.colcon_core.shell:Creating package script '/home/zulal/gazebo_ws/install/vr_sim/share/vr_sim/package.sh'
[4.316s] INFO:colcon.colcon_core.shell:Creating package script '/home/zulal/gazebo_ws/install/vr_sim/share/vr_sim/package.bash'
[4.317s] INFO:colcon.colcon_core.shell:Creating package script '/home/zulal/gazebo_ws/install/vr_sim/share/vr_sim/package.zsh'
[4.319s] Level 1:colcon.colcon_core.environment:create_file_with_runtime_dependencies(/home/zulal/gazebo_ws/install/vr_sim/share/colcon-core/packages/vr_sim)
[4.378s] Level 1:colcon.colcon_core.environment:create_environment_scripts_only(vr_sim)
[4.399s] Level 1:colcon.colcon_core.environment:checking '/home/zulal/gazebo_ws/install/vr_sim' for CMake module files
[4.402s] Level 1:colcon.colcon_core.environment:checking '/home/zulal/gazebo_ws/install/vr_sim' for CMake config files
[4.408s] Level 1:colcon.colcon_core.shell:create_environment_hook('vr_sim', 'cmake_prefix_path')
[4.431s] INFO:colcon.colcon_core.shell:Creating environment hook '/home/zulal/gazebo_ws/install/vr_sim/share/vr_sim/hook/cmake_prefix_path.ps1'
[4.432s] INFO:colcon.colcon_core.shell:Creating environment descriptor '/home/zulal/gazebo_ws/install/vr_sim/share/vr_sim/hook/cmake_prefix_path.dsv'
[4.432s] INFO:colcon.colcon_core.shell:Creating environment hook '/home/zulal/gazebo_ws/install/vr_sim/share/vr_sim/hook/cmake_prefix_path.sh'
[4.433s] Level 1:colcon.colcon_core.environment:checking '/home/zulal/gazebo_ws/install/vr_sim/lib'
[4.433s] Level 1:colcon.colcon_core.environment:checking '/home/zulal/gazebo_ws/install/vr_sim/bin'
[4.433s] Level 1:colcon.colcon_core.environment:checking '/home/zulal/gazebo_ws/install/vr_sim/lib/pkgconfig/vr_sim.pc'
[4.434s] Level 1:colcon.colcon_core.environment:checking '/home/zulal/gazebo_ws/install/vr_sim/lib/python3.10/site-packages'
[4.434s] Level 1:colcon.colcon_core.environment:checking '/home/zulal/gazebo_ws/install/vr_sim/bin'
[4.462s] INFO:colcon.colcon_core.shell:Creating package script '/home/zulal/gazebo_ws/install/vr_sim/share/vr_sim/package.ps1'
[4.463s] INFO:colcon.colcon_core.shell:Creating package descriptor '/home/zulal/gazebo_ws/install/vr_sim/share/vr_sim/package.dsv'
[4.464s] INFO:colcon.colcon_core.shell:Creating package script '/home/zulal/gazebo_ws/install/vr_sim/share/vr_sim/package.sh'
[4.465s] INFO:colcon.colcon_core.shell:Creating package script '/home/zulal/gazebo_ws/install/vr_sim/share/vr_sim/package.bash'
[4.466s] INFO:colcon.colcon_core.shell:Creating package script '/home/zulal/gazebo_ws/install/vr_sim/share/vr_sim/package.zsh'
[4.466s] Level 1:colcon.colcon_core.environment:create_file_with_runtime_dependencies(/home/zulal/gazebo_ws/install/vr_sim/share/colcon-core/packages/vr_sim)
[4.618s] DEBUG:colcon.colcon_core.event_handler.log_command:Invoking command in '/home/zulal/gazebo_ws/src/vr_camera': PYTHONPATH=/home/zulal/gazebo_ws/build/vr_camera/prefix_override:/home/zulal/gazebo_ws/install/vr_camera/lib/python3.10/site-packages:${PYTHONPATH} /usr/bin/python3 setup.py egg_info --egg-base ../../build/vr_camera build --build-base /home/zulal/gazebo_ws/build/vr_camera/build install --record /home/zulal/gazebo_ws/build/vr_camera/install.log --single-version-externally-managed
[4.651s] DEBUG:colcon.colcon_core.event_handler.log_command:Invoking command in '/home/zulal/gazebo_ws/src/tf_server': PYTHONPATH=/home/zulal/gazebo_ws/build/tf_server/prefix_override:/home/zulal/gazebo_ws/install/tf_server/lib/python3.10/site-packages:${PYTHONPATH} /usr/bin/python3 setup.py egg_info --egg-base ../../build/tf_server build --build-base /home/zulal/gazebo_ws/build/tf_server/build install --record /home/zulal/gazebo_ws/build/tf_server/install.log --single-version-externally-managed
[5.134s] DEBUG:colcon.colcon_core.event_handler.log_command:Invoked command in '/home/zulal/gazebo_ws/src/vr_camera' returned '0': PYTHONPATH=/home/zulal/gazebo_ws/build/vr_camera/prefix_override:/home/zulal/gazebo_ws/install/vr_camera/lib/python3.10/site-packages:${PYTHONPATH} /usr/bin/python3 setup.py egg_info --egg-base ../../build/vr_camera build --build-base /home/zulal/gazebo_ws/build/vr_camera/build install --record /home/zulal/gazebo_ws/build/vr_camera/install.log --single-version-externally-managed
[5.165s] Level 1:colcon.colcon_core.environment:checking '/home/zulal/gazebo_ws/install/vr_camera' for CMake module files
[5.166s] Level 1:colcon.colcon_core.environment:checking '/home/zulal/gazebo_ws/install/vr_camera' for CMake config files
[5.166s] Level 1:colcon.colcon_core.environment:checking '/home/zulal/gazebo_ws/install/vr_camera/lib'
[5.166s] Level 1:colcon.colcon_core.environment:checking '/home/zulal/gazebo_ws/install/vr_camera/bin'
[5.166s] Level 1:colcon.colcon_core.environment:checking '/home/zulal/gazebo_ws/install/vr_camera/lib/pkgconfig/vr_camera.pc'
[5.166s] Level 1:colcon.colcon_core.environment:checking '/home/zulal/gazebo_ws/install/vr_camera/lib/python3.10/site-packages'
[5.166s] Level 1:colcon.colcon_core.shell:create_environment_hook('vr_camera', 'pythonpath')
[5.195s] INFO:colcon.colcon_core.shell:Creating environment hook '/home/zulal/gazebo_ws/install/vr_camera/share/vr_camera/hook/pythonpath.ps1'
[5.195s] INFO:colcon.colcon_core.shell:Creating environment descriptor '/home/zulal/gazebo_ws/install/vr_camera/share/vr_camera/hook/pythonpath.dsv'
[5.196s] INFO:colcon.colcon_core.shell:Creating environment hook '/home/zulal/gazebo_ws/install/vr_camera/share/vr_camera/hook/pythonpath.sh'
[5.198s] Level 1:colcon.colcon_core.environment:checking '/home/zulal/gazebo_ws/install/vr_camera/bin'
[5.198s] Level 1:colcon.colcon_core.environment:create_environment_scripts_only(vr_camera)
[5.226s] INFO:colcon.colcon_core.shell:Creating package script '/home/zulal/gazebo_ws/install/vr_camera/share/vr_camera/package.ps1'
[5.227s] INFO:colcon.colcon_core.shell:Creating package descriptor '/home/zulal/gazebo_ws/install/vr_camera/share/vr_camera/package.dsv'
[5.227s] INFO:colcon.colcon_core.shell:Creating package script '/home/zulal/gazebo_ws/install/vr_camera/share/vr_camera/package.sh'
[5.228s] INFO:colcon.colcon_core.shell:Creating package script '/home/zulal/gazebo_ws/install/vr_camera/share/vr_camera/package.bash'
[5.228s] INFO:colcon.colcon_core.shell:Creating package script '/home/zulal/gazebo_ws/install/vr_camera/share/vr_camera/package.zsh'
[5.228s] Level 1:colcon.colcon_core.environment:create_file_with_runtime_dependencies(/home/zulal/gazebo_ws/install/vr_camera/share/colcon-core/packages/vr_camera)
[5.230s] DEBUG:colcon.colcon_core.event_handler.log_command:Invoked command in '/home/zulal/gazebo_ws/src/tf_server' returned '0': PYTHONPATH=/home/zulal/gazebo_ws/build/tf_server/prefix_override:/home/zulal/gazebo_ws/install/tf_server/lib/python3.10/site-packages:${PYTHONPATH} /usr/bin/python3 setup.py egg_info --egg-base ../../build/tf_server build --build-base /home/zulal/gazebo_ws/build/tf_server/build install --record /home/zulal/gazebo_ws/build/tf_server/install.log --single-version-externally-managed
[5.252s] Level 1:colcon.colcon_core.environment:checking '/home/zulal/gazebo_ws/install/tf_server' for CMake module files
[5.252s] Level 1:colcon.colcon_core.environment:checking '/home/zulal/gazebo_ws/install/tf_server' for CMake config files
[5.253s] Level 1:colcon.colcon_core.environment:checking '/home/zulal/gazebo_ws/install/tf_server/lib'
[5.253s] Level 1:colcon.colcon_core.environment:checking '/home/zulal/gazebo_ws/install/tf_server/bin'
[5.253s] Level 1:colcon.colcon_core.environment:checking '/home/zulal/gazebo_ws/install/tf_server/lib/pkgconfig/tf_server.pc'
[5.254s] Level 1:colcon.colcon_core.environment:checking '/home/zulal/gazebo_ws/install/tf_server/lib/python3.10/site-packages'
[5.254s] Level 1:colcon.colcon_core.shell:create_environment_hook('tf_server', 'pythonpath')
[5.279s] INFO:colcon.colcon_core.shell:Creating environment hook '/home/zulal/gazebo_ws/install/tf_server/share/tf_server/hook/pythonpath.ps1'
[5.280s] INFO:colcon.colcon_core.shell:Creating environment descriptor '/home/zulal/gazebo_ws/install/tf_server/share/tf_server/hook/pythonpath.dsv'
[5.281s] INFO:colcon.colcon_core.shell:Creating environment hook '/home/zulal/gazebo_ws/install/tf_server/share/tf_server/hook/pythonpath.sh'
[5.281s] Level 1:colcon.colcon_core.environment:checking '/home/zulal/gazebo_ws/install/tf_server/bin'
[5.282s] Level 1:colcon.colcon_core.environment:create_environment_scripts_only(tf_server)
[5.332s] INFO:colcon.colcon_core.shell:Creating package script '/home/zulal/gazebo_ws/install/tf_server/share/tf_server/package.ps1'
[5.333s] INFO:colcon.colcon_core.shell:Creating package descriptor '/home/zulal/gazebo_ws/install/tf_server/share/tf_server/package.dsv'
[5.333s] INFO:colcon.colcon_core.shell:Creating package script '/home/zulal/gazebo_ws/install/tf_server/share/tf_server/package.sh'
[5.334s] INFO:colcon.colcon_core.shell:Creating package script '/home/zulal/gazebo_ws/install/tf_server/share/tf_server/package.bash'
[5.334s] INFO:colcon.colcon_core.shell:Creating package script '/home/zulal/gazebo_ws/install/tf_server/share/tf_server/package.zsh'
[5.335s] Level 1:colcon.colcon_core.environment:create_file_with_runtime_dependencies(/home/zulal/gazebo_ws/install/tf_server/share/colcon-core/packages/tf_server)
[5.335s] DEBUG:colcon.colcon_parallel_executor.executor.parallel:closing loop
[5.335s] DEBUG:colcon.colcon_parallel_executor.executor.parallel:loop closed
[5.335s] DEBUG:colcon.colcon_parallel_executor.executor.parallel:run_until_complete finished with '0'
[5.335s] DEBUG:colcon.colcon_core.event_reactor:joining thread
[5.371s] INFO:colcon.colcon_core.plugin_system:Skipping extension 'colcon_notification.desktop_notification.terminal_notifier': Not used on non-Darwin systems
[5.371s] INFO:colcon.colcon_core.plugin_system:Skipping extension 'colcon_notification.desktop_notification.win32': Not used on non-Windows systems
[5.371s] INFO:colcon.colcon_notification.desktop_notification:Sending desktop notification using 'notify2'
[5.390s] DEBUG:colcon.colcon_core.event_reactor:joined thread
[5.417s] INFO:colcon.colcon_core.shell:Creating prefix script '/home/zulal/gazebo_ws/install/local_setup.ps1'
[5.418s] INFO:colcon.colcon_core.shell:Creating prefix util module '/home/zulal/gazebo_ws/install/_local_setup_util_ps1.py'
[5.420s] INFO:colcon.colcon_core.shell:Creating prefix chain script '/home/zulal/gazebo_ws/install/setup.ps1'
[5.448s] INFO:colcon.colcon_core.shell:Creating prefix script '/home/zulal/gazebo_ws/install/local_setup.sh'
[5.448s] INFO:colcon.colcon_core.shell:Creating prefix util module '/home/zulal/gazebo_ws/install/_local_setup_util_sh.py'
[5.450s] INFO:colcon.colcon_core.shell:Creating prefix chain script '/home/zulal/gazebo_ws/install/setup.sh'
[5.476s] INFO:colcon.colcon_core.shell:Creating prefix script '/home/zulal/gazebo_ws/install/local_setup.bash'
[5.476s] INFO:colcon.colcon_core.shell:Creating prefix chain script '/home/zulal/gazebo_ws/install/setup.bash'
[5.506s] INFO:colcon.colcon_core.shell:Creating prefix script '/home/zulal/gazebo_ws/install/local_setup.zsh'
[5.507s] INFO:colcon.colcon_core.shell:Creating prefix chain script '/home/zulal/gazebo_ws/install/setup.zsh'
