running egg_info
writing ../../build/vr_camera/vr_camera.egg-info/PKG-INFO
writing dependency_links to ../../build/vr_camera/vr_camera.egg-info/dependency_links.txt
writing entry points to ../../build/vr_camera/vr_camera.egg-info/entry_points.txt
writing requirements to ../../build/vr_camera/vr_camera.egg-info/requires.txt
writing top-level names to ../../build/vr_camera/vr_camera.egg-info/top_level.txt
reading manifest file '../../build/vr_camera/vr_camera.egg-info/SOURCES.txt'
writing manifest file '../../build/vr_camera/vr_camera.egg-info/SOURCES.txt'
running build
running build_py
copying vr_camera/vr_node.py -> /home/zulal/gazebo_ws/build/vr_camera/build/lib/vr_camera
running install
running install_lib
copying /home/zulal/gazebo_ws/build/vr_camera/build/lib/vr_camera/vr_node.py -> /home/zulal/gazebo_ws/install/vr_camera/lib/python3.10/site-packages/vr_camera
byte-compiling /home/zulal/gazebo_ws/install/vr_camera/lib/python3.10/site-packages/vr_camera/vr_node.py to vr_node.cpython-310.pyc
running install_data
running install_egg_info
removing '/home/zulal/gazebo_ws/install/vr_camera/lib/python3.10/site-packages/vr_camera-0.0.0-py3.10.egg-info' (and everything under it)
Copying ../../build/vr_camera/vr_camera.egg-info to /home/zulal/gazebo_ws/install/vr_camera/lib/python3.10/site-packages/vr_camera-0.0.0-py3.10.egg-info
running install_scripts
Installing vr_node script to /home/zulal/gazebo_ws/install/vr_camera/lib/vr_camera
writing list of installed files to '/home/zulal/gazebo_ws/build/vr_camera/install.log'
