running egg_info
creating ../../build/tf_server/tf_server.egg-info
writing ../../build/tf_server/tf_server.egg-info/PKG-INFO
writing dependency_links to ../../build/tf_server/tf_server.egg-info/dependency_links.txt
writing entry points to ../../build/tf_server/tf_server.egg-info/entry_points.txt
writing requirements to ../../build/tf_server/tf_server.egg-info/requires.txt
writing top-level names to ../../build/tf_server/tf_server.egg-info/top_level.txt
writing manifest file '../../build/tf_server/tf_server.egg-info/SOURCES.txt'
reading manifest file '../../build/tf_server/tf_server.egg-info/SOURCES.txt'
writing manifest file '../../build/tf_server/tf_server.egg-info/SOURCES.txt'
running build
running build_py
creating /home/zulal/gazebo_ws/build/tf_server/build
creating /home/zulal/gazebo_ws/build/tf_server/build/lib
creating /home/zulal/gazebo_ws/build/tf_server/build/lib/tf_server
copying tf_server/__init__.py -> /home/zulal/gazebo_ws/build/tf_server/build/lib/tf_server
copying tf_server/tf_server.py -> /home/zulal/gazebo_ws/build/tf_server/build/lib/tf_server
running install
running install_lib
creating /home/zulal/gazebo_ws/install/tf_server/lib/python3.10/site-packages/tf_server
copying /home/zulal/gazebo_ws/build/tf_server/build/lib/tf_server/__init__.py -> /home/zulal/gazebo_ws/install/tf_server/lib/python3.10/site-packages/tf_server
copying /home/zulal/gazebo_ws/build/tf_server/build/lib/tf_server/tf_server.py -> /home/zulal/gazebo_ws/install/tf_server/lib/python3.10/site-packages/tf_server
byte-compiling /home/zulal/gazebo_ws/install/tf_server/lib/python3.10/site-packages/tf_server/__init__.py to __init__.cpython-310.pyc
byte-compiling /home/zulal/gazebo_ws/install/tf_server/lib/python3.10/site-packages/tf_server/tf_server.py to tf_server.cpython-310.pyc
running install_data
creating /home/zulal/gazebo_ws/install/tf_server/share/ament_index
creating /home/zulal/gazebo_ws/install/tf_server/share/ament_index/resource_index
creating /home/zulal/gazebo_ws/install/tf_server/share/ament_index/resource_index/packages
copying resource/tf_server -> /home/zulal/gazebo_ws/install/tf_server/share/ament_index/resource_index/packages
copying package.xml -> /home/zulal/gazebo_ws/install/tf_server/share/tf_server
running install_egg_info
Copying ../../build/tf_server/tf_server.egg-info to /home/zulal/gazebo_ws/install/tf_server/lib/python3.10/site-packages/tf_server-0.0.0-py3.10.egg-info
running install_scripts
Installing tf_server script to /home/zulal/gazebo_ws/install/tf_server/lib/tf_server
writing list of installed files to '/home/zulal/gazebo_ws/build/tf_server/install.log'
