[0.902s] Invoking command in '/home/zulal/gazebo_ws/src/tf_server': PYTHONPATH=/home/zulal/gazebo_ws/build/tf_server/prefix_override:/home/zulal/gazebo_ws/install/tf_server/lib/python3.10/site-packages:${PYTHONPATH} /usr/bin/python3 setup.py egg_info --egg-base ../../build/tf_server build --build-base /home/zulal/gazebo_ws/build/tf_server/build install --record /home/zulal/gazebo_ws/build/tf_server/install.log --single-version-externally-managed
[1.122s] running egg_info
[1.123s] creating ../../build/tf_server/tf_server.egg-info
[1.123s] writing ../../build/tf_server/tf_server.egg-info/PKG-INFO
[1.123s] writing dependency_links to ../../build/tf_server/tf_server.egg-info/dependency_links.txt
[1.123s] writing entry points to ../../build/tf_server/tf_server.egg-info/entry_points.txt
[1.123s] writing requirements to ../../build/tf_server/tf_server.egg-info/requires.txt
[1.123s] writing top-level names to ../../build/tf_server/tf_server.egg-info/top_level.txt
[1.123s] writing manifest file '../../build/tf_server/tf_server.egg-info/SOURCES.txt'
[1.125s] reading manifest file '../../build/tf_server/tf_server.egg-info/SOURCES.txt'
[1.126s] writing manifest file '../../build/tf_server/tf_server.egg-info/SOURCES.txt'
[1.126s] running build
[1.126s] running build_py
[1.126s] creating /home/zulal/gazebo_ws/build/tf_server/build
[1.126s] creating /home/zulal/gazebo_ws/build/tf_server/build/lib
[1.126s] creating /home/zulal/gazebo_ws/build/tf_server/build/lib/tf_server
[1.126s] copying tf_server/__init__.py -> /home/zulal/gazebo_ws/build/tf_server/build/lib/tf_server
[1.126s] copying tf_server/tf_server.py -> /home/zulal/gazebo_ws/build/tf_server/build/lib/tf_server
[1.126s] running install
[1.126s] running install_lib
[1.127s] creating /home/zulal/gazebo_ws/install/tf_server/lib/python3.10/site-packages/tf_server
[1.127s] copying /home/zulal/gazebo_ws/build/tf_server/build/lib/tf_server/__init__.py -> /home/zulal/gazebo_ws/install/tf_server/lib/python3.10/site-packages/tf_server
[1.127s] copying /home/zulal/gazebo_ws/build/tf_server/build/lib/tf_server/tf_server.py -> /home/zulal/gazebo_ws/install/tf_server/lib/python3.10/site-packages/tf_server
[1.128s] byte-compiling /home/zulal/gazebo_ws/install/tf_server/lib/python3.10/site-packages/tf_server/__init__.py to __init__.cpython-310.pyc
[1.128s] byte-compiling /home/zulal/gazebo_ws/install/tf_server/lib/python3.10/site-packages/tf_server/tf_server.py to tf_server.cpython-310.pyc
[1.129s] running install_data
[1.129s] creating /home/zulal/gazebo_ws/install/tf_server/share/ament_index
[1.129s] creating /home/zulal/gazebo_ws/install/tf_server/share/ament_index/resource_index
[1.129s] creating /home/zulal/gazebo_ws/install/tf_server/share/ament_index/resource_index/packages
[1.129s] copying resource/tf_server -> /home/zulal/gazebo_ws/install/tf_server/share/ament_index/resource_index/packages
[1.129s] copying package.xml -> /home/zulal/gazebo_ws/install/tf_server/share/tf_server
[1.129s] running install_egg_info
[1.131s] Copying ../../build/tf_server/tf_server.egg-info to /home/zulal/gazebo_ws/install/tf_server/lib/python3.10/site-packages/tf_server-0.0.0-py3.10.egg-info
[1.132s] running install_scripts
[1.146s] Installing tf_server script to /home/zulal/gazebo_ws/install/tf_server/lib/tf_server
[1.146s] writing list of installed files to '/home/zulal/gazebo_ws/build/tf_server/install.log'
[1.161s] Invoked command in '/home/zulal/gazebo_ws/src/tf_server' returned '0': PYTHONPATH=/home/zulal/gazebo_ws/build/tf_server/prefix_override:/home/zulal/gazebo_ws/install/tf_server/lib/python3.10/site-packages:${PYTHONPATH} /usr/bin/python3 setup.py egg_info --egg-base ../../build/tf_server build --build-base /home/zulal/gazebo_ws/build/tf_server/build install --record /home/zulal/gazebo_ws/build/tf_server/install.log --single-version-externally-managed
